warning: Tag 'CLANG_ASSISTED_PARSING' at line 1026 of file '/home/zheng/robot_ws_zheng/build/ros_wrap_safe_motion/Doxyfile' belongs to an option that was not enabled at compile time.
         To avoid this warning please remove this line from your configuration file or upgrade it using "doxygen -u", or recompile doxygen with this feature enabled.
warning: Tag 'CLANG_OPTIONS' at line 1034 of file '/home/zheng/robot_ws_zheng/build/ros_wrap_safe_motion/Doxyfile' belongs to an option that was not enabled at compile time.
         To avoid this warning please remove this line from your configuration file or upgrade it using "doxygen -u", or recompile doxygen with this feature enabled.
warning: Tag 'PERL_PATH' at line 2117 of file '/home/zheng/robot_ws_zheng/build/ros_wrap_safe_motion/Doxyfile' has become obsolete.
         To avoid this warning please remove this line from your configuration file or upgrade it using "doxygen -u"
warning: Tag 'MSCGEN_PATH' at line 2139 of file '/home/zheng/robot_ws_zheng/build/ros_wrap_safe_motion/Doxyfile' has become obsolete.
         To avoid this warning please remove this line from your configuration file or upgrade it using "doxygen -u"
warning: ignoring unknown tag '2020' at line 2435, file /home/zheng/robot_ws_zheng/build/ros_wrap_safe_motion/Doxyfile
warning: ignoring unknown tag 'GitHub' at line 2435, file /home/zheng/robot_ws_zheng/build/ros_wrap_safe_motion/Doxyfile
warning: ignoring unknown tag 'Inc' at line 2435, file /home/zheng/robot_ws_zheng/build/ros_wrap_safe_motion/Doxyfile
warning: ignoring unknown tag 'Terms' at line 2436, file /home/zheng/robot_ws_zheng/build/ros_wrap_safe_motion/Doxyfile
warning: ignoring unknown tag 'Privacy' at line 2437, file /home/zheng/robot_ws_zheng/build/ros_wrap_safe_motion/Doxyfile
warning: ignoring unknown tag 'Security' at line 2438, file /home/zheng/robot_ws_zheng/build/ros_wrap_safe_motion/Doxyfile
warning: ignoring unknown tag 'Status' at line 2439, file /home/zheng/robot_ws_zheng/build/ros_wrap_safe_motion/Doxyfile
warning: ignoring unknown tag 'Help' at line 2440, file /home/zheng/robot_ws_zheng/build/ros_wrap_safe_motion/Doxyfile
warning: ignoring unknown tag 'Contact' at line 2442, file /home/zheng/robot_ws_zheng/build/ros_wrap_safe_motion/Doxyfile
warning: ignoring unknown tag 'GitHub' at line 2442, file /home/zheng/robot_ws_zheng/build/ros_wrap_safe_motion/Doxyfile
warning: ignoring unknown tag 'Pricing' at line 2443, file /home/zheng/robot_ws_zheng/build/ros_wrap_safe_motion/Doxyfile
warning: ignoring unknown tag 'API' at line 2444, file /home/zheng/robot_ws_zheng/build/ros_wrap_safe_motion/Doxyfile
warning: ignoring unknown tag 'Training' at line 2445, file /home/zheng/robot_ws_zheng/build/ros_wrap_safe_motion/Doxyfile
warning: ignoring unknown tag 'Blog' at line 2446, file /home/zheng/robot_ws_zheng/build/ros_wrap_safe_motion/Doxyfile
warning: ignoring unknown tag 'About' at line 2447, file /home/zheng/robot_ws_zheng/build/ros_wrap_safe_motion/Doxyfile
warning: tag INPUT: input source '/home/zheng/robot_ws_zheng/src/ros_wrap_safe_motion/README.md' does not exist
warning: tag INPUT: input source '/home/zheng/robot_ws_zheng/src/ros_wrap_safe_motion/impl/' does not exist
warning: tag INPUT: input source '/home/zheng/robot_ws_zheng/src/ros_wrap_safe_motion/samples/' does not exist
warning: source /home/zheng/robot_ws_zheng/src/ros_wrap_safe_motion/README.md is not a readable file or directory... skipping.
warning: source /home/zheng/robot_ws_zheng/src/ros_wrap_safe_motion/impl is not a readable file or directory... skipping.
warning: source /home/zheng/robot_ws_zheng/src/ros_wrap_safe_motion/samples is not a readable file or directory... skipping.
/home/zheng/robot_ws_zheng/src/ros_wrap_safe_motion/src/RosWraprobotmodel/RosWrapchainjnttojacdotsolver.cpp:35: warning: no matching class member found for 
  int KDL::ChainJntToJacDotSolver::JntToJacDot(const JntArrayVel &q_in, Twist &jac_dot_q_dot, int seg_nr)
Possible candidates:
  'virtual int KDL::ChainJntToJacDotSolver::JntToJacDot(const KDL::JntArrayVel &q_in, KDL::Twist &jac_dot_q_dot, int seg_nr=-1)'
  'virtual int KDL::ChainJntToJacDotSolver::JntToJacDot(const KDL::JntArrayVel &q_in, KDL::Jacobian &jdot, int seg_nr=-1)'

/home/zheng/robot_ws_zheng/src/ros_wrap_safe_motion/src/RosWraprobotmodel/RosWrapchainjnttojacdotsolver.cpp:42: warning: no matching class member found for 
  int KDL::ChainJntToJacDotSolver::JntToJacDot(const JntArrayVel &q_in, Jacobian &jdot, int seg_nr)
Possible candidates:
  'virtual int KDL::ChainJntToJacDotSolver::JntToJacDot(const KDL::JntArrayVel &q_in, KDL::Twist &jac_dot_q_dot, int seg_nr=-1)'
  'virtual int KDL::ChainJntToJacDotSolver::JntToJacDot(const KDL::JntArrayVel &q_in, KDL::Jacobian &jdot, int seg_nr=-1)'

/home/zheng/robot_ws_zheng/src/ros_wrap_safe_motion/include/RosWraprobotmodel/RosWrapchainjnttojacdotsolver.h:107: warning: @copybrief or @copydoc target 'KDL::SolverI::strError()' not found
/home/zheng/robot_ws_zheng/src/ros_wrap_safe_motion/include/RosWraprobotmodel/RosWrapRobotModel.h:108: warning: argument 'kdl_segment' of command @param is not found in the argument list of arm_kinematic::getSegment(unsigned int segment)
/home/zheng/robot_ws_zheng/src/ros_wrap_safe_motion/include/RosWraprobotmodel/RosWrapRobotModel.h:137: warning: argument 'kdl_frame' of command @param is not found in the argument list of arm_kinematic::getSegmentPosition(const std::string &segment_name)
/home/zheng/robot_ws_zheng/src/ros_wrap_safe_motion/include/RosWraprobotmodel/RosWrapRobotModel.h:127: warning: argument 'kdl_frame' of command @param is not found in the argument list of arm_kinematic::getSegmentPosition(unsigned int segment)
/home/zheng/robot_ws_zheng/src/ros_wrap_safe_motion/include/RosWraprobotmodel/RosWrapRobotModel.h:273: warning: argument 'qd_des' of command @param is not found in the argument list of arm_kinematic::setJointVelocities(const Eigen::VectorXd &qd)
/home/zheng/robot_ws_zheng/src/ros_wrap_safe_motion/include/RosWraprobotmodel/RosWrapRobotModel.h:277: warning: The following parameter of arm_kinematic::setJointVelocities(const Eigen::VectorXd &qd) is not documented:
  parameter 'qd'
/home/zheng/robot_ws_zheng/src/ros_wrap_safe_motion/include/RosWraprobotmodel/RosWrapRobotModel.h:396: warning: argument 'Ros' of command @param is not found in the argument list of arm_kinematic::subscriberCallback(const sensor_msgs::JointState &jntState)
/home/zheng/robot_ws_zheng/src/ros_wrap_safe_motion/include/RosWraprobotmodel/RosWrapRobotModel.h:400: warning: The following parameter of arm_kinematic::subscriberCallback(const sensor_msgs::JointState &jntState) is not documented:
  parameter 'jntState'
/home/zheng/robot_ws_zheng/src/ros_wrap_safe_motion/include/RosWrapconstraint/RosWrapGenericCst.h:33: warning: The following parameters of generic_cst::generic_cst(int ndof, int N, double dt, std::string name, Eigen::MatrixXd Px, Eigen::MatrixXd Pu) are not documented:
  parameter 'name'
  parameter 'Px'
  parameter 'Pu'
/home/zheng/robot_ws_zheng/src/ros_wrap_safe_motion/include/RosWrapconstraint/RosWrapGenericCst.h:37: warning: argument 'Px' of command @param is not found in the argument list of generic_cst::setLowerBound(const Eigen::VectorXd &robot_state)
/home/zheng/robot_ws_zheng/src/ros_wrap_safe_motion/include/RosWrapconstraint/RosWrapGenericCst.h:46: warning: argument 'Px' of command @param is not found in the argument list of generic_cst::setUpperBound(const Eigen::VectorXd &robot_state)
/home/zheng/robot_ws_zheng/src/ros_wrap_safe_motion/include/RosWrapconstraint/RosWrapGenericCst.h:59: warning: argument 'Px' of command @param is not found in the argument list of generic_cst::update(const Eigen::VectorXd &robot_state)
/home/zheng/robot_ws_zheng/src/ros_wrap_safe_motion/include/RosWrapconstraint/RosWrapGenericCst.h:59: warning: argument 'Pu' of command @param is not found in the argument list of generic_cst::update(const Eigen::VectorXd &robot_state)
/home/zheng/robot_ws_zheng/src/ros_wrap_safe_motion/include/RosWrapconstraint/RosWrapJointPosCst.h:21: warning: argument 'Px' of command @param is not found in the argument list of jntPosCst::setLowerBound(const Eigen::VectorXd &robot_state) inherited from member setLowerBound at line 37 in file /home/zheng/robot_ws_zheng/src/ros_wrap_safe_motion/include/RosWrapconstraint/RosWrapGenericCst.h
/home/zheng/robot_ws_zheng/src/ros_wrap_safe_motion/include/RosWrapconstraint/RosWrapJointPosCst.h:23: warning: argument 'Px' of command @param is not found in the argument list of jntPosCst::setUpperBound(const Eigen::VectorXd &robot_state) inherited from member setUpperBound at line 46 in file /home/zheng/robot_ws_zheng/src/ros_wrap_safe_motion/include/RosWrapconstraint/RosWrapGenericCst.h
/home/zheng/robot_ws_zheng/src/ros_wrap_safe_motion/include/RosWrapconstraint/RosWrapJointPosCst.h:27: warning: argument 'Px' of command @param is not found in the argument list of jntPosCst::update(const Eigen::VectorXd &robot_state) inherited from member update at line 59 in file /home/zheng/robot_ws_zheng/src/ros_wrap_safe_motion/include/RosWrapconstraint/RosWrapGenericCst.h
/home/zheng/robot_ws_zheng/src/ros_wrap_safe_motion/include/RosWrapconstraint/RosWrapJointPosCst.h:27: warning: argument 'Pu' of command @param is not found in the argument list of jntPosCst::update(const Eigen::VectorXd &robot_state) inherited from member update at line 59 in file /home/zheng/robot_ws_zheng/src/ros_wrap_safe_motion/include/RosWrapconstraint/RosWrapGenericCst.h
/home/zheng/robot_ws_zheng/src/ros_wrap_safe_motion/include/RosWrapconstraint/RosWrapJointVelCst.h:20: warning: argument 'Px' of command @param is not found in the argument list of jntVelCst::setLowerBound(const Eigen::VectorXd &robot_state) inherited from member setLowerBound at line 37 in file /home/zheng/robot_ws_zheng/src/ros_wrap_safe_motion/include/RosWrapconstraint/RosWrapGenericCst.h
/home/zheng/robot_ws_zheng/src/ros_wrap_safe_motion/include/RosWrapconstraint/RosWrapJointVelCst.h:21: warning: argument 'Px' of command @param is not found in the argument list of jntVelCst::setUpperBound(const Eigen::VectorXd &robot_state) inherited from member setUpperBound at line 46 in file /home/zheng/robot_ws_zheng/src/ros_wrap_safe_motion/include/RosWrapconstraint/RosWrapGenericCst.h
/home/zheng/robot_ws_zheng/src/ros_wrap_safe_motion/include/RosWrapconstraint/RosWrapJointVelCst.h:23: warning: argument 'Px' of command @param is not found in the argument list of jntVelCst::update(const Eigen::VectorXd &robot_state) inherited from member update at line 59 in file /home/zheng/robot_ws_zheng/src/ros_wrap_safe_motion/include/RosWrapconstraint/RosWrapGenericCst.h
/home/zheng/robot_ws_zheng/src/ros_wrap_safe_motion/include/RosWrapconstraint/RosWrapJointVelCst.h:23: warning: argument 'Pu' of command @param is not found in the argument list of jntVelCst::update(const Eigen::VectorXd &robot_state) inherited from member update at line 59 in file /home/zheng/robot_ws_zheng/src/ros_wrap_safe_motion/include/RosWrapconstraint/RosWrapGenericCst.h
/home/zheng/robot_ws_zheng/src/ros_wrap_safe_motion/include/RosWraprobotmodel/RosWrapchainjnttojacdotsolver.h:107: warning: @copybrief or @copydoc target 'KDL::SolverI::strError()' not found
/home/zheng/robot_ws_zheng/src/ros_wrap_safe_motion/include/RosWraprobotmodel/RosWrapchainjnttojacdotsolver.h:143: warning: argument 'bs_J_bs' of command @param is not found in the argument list of KDL::ChainJntToJacDotSolver::getPartialDerivative(const Jacobian &J, const unsigned int &joint_idx, const unsigned int &column_idx, const int &representation)
/home/zheng/robot_ws_zheng/src/ros_wrap_safe_motion/include/RosWraprobotmodel/RosWrapchainjnttojacdotsolver.h:152: warning: The following parameter of KDL::ChainJntToJacDotSolver::getPartialDerivative(const Jacobian &J, const unsigned int &joint_idx, const unsigned int &column_idx, const int &representation) is not documented:
  parameter 'J'
/home/zheng/robot_ws_zheng/src/ros_wrap_safe_motion/include/RosWraprobotmodel/RosWrapchainjnttojacdotsolver.h:121: warning: argument 'bs_J_ee' of command @param is not found in the argument list of KDL::ChainJntToJacDotSolver::getPartialDerivativeBodyFixed(const Jacobian &ee_J_ee, const unsigned int &joint_idx, const unsigned int &column_idx)
/home/zheng/robot_ws_zheng/src/ros_wrap_safe_motion/include/RosWraprobotmodel/RosWrapchainjnttojacdotsolver.h:129: warning: The following parameter of KDL::ChainJntToJacDotSolver::getPartialDerivativeBodyFixed(const Jacobian &ee_J_ee, const unsigned int &joint_idx, const unsigned int &column_idx) is not documented:
  parameter 'ee_J_ee'
/home/zheng/robot_ws_zheng/src/ros_wrap_safe_motion/include/RosWraprobotmodel/RosWrapchainjnttojacdotsolver.h:132: warning: argument 'ee_J_ee' of command @param is not found in the argument list of KDL::ChainJntToJacDotSolver::getPartialDerivativeInertial(const Jacobian &bs_J_bs, const unsigned int &joint_idx, const unsigned int &column_idx)
/home/zheng/robot_ws_zheng/src/ros_wrap_safe_motion/include/RosWraprobotmodel/RosWrapchainjnttojacdotsolver.h:140: warning: The following parameter of KDL::ChainJntToJacDotSolver::getPartialDerivativeInertial(const Jacobian &bs_J_bs, const unsigned int &joint_idx, const unsigned int &column_idx) is not documented:
  parameter 'bs_J_bs'
/home/zheng/robot_ws_zheng/src/ros_wrap_safe_motion/include/RosWraprobotmodel/RosWrapchainjnttojacdotsolver.h:107: warning: @copybrief or @copydoc target 'KDL::SolverI::strError()' not found
/home/zheng/robot_ws_zheng/src/ros_wrap_safe_motion/include/RosWraprobotmodel/RosWrapchainjnttojacdotsolver.h:107: warning: @copydetails or @copydoc target 'KDL::SolverI::strError()' not found
[01m[K/home/zheng/robot_ws_zheng/src/ros_wrap_safe_motion/examples/movingobstacleavoidance.cpp:4:17:[m[K [01;31m[Kerror: [m[Kâ€˜[01m[KqpOASES[m[Kâ€™ is not a namespace-name
 using namespace qpOASES;
[01;32m[K                 ^[m[K
[01m[K/home/zheng/robot_ws_zheng/src/ros_wrap_safe_motion/examples/movingobstacleavoidance.cpp:4:24:[m[K [01;31m[Kerror: [m[Kexpected namespace-name before â€˜[01m[K;[m[Kâ€™ token
 using namespace qpOASES;
[01;32m[K                        ^[m[K
[01m[K/home/zheng/robot_ws_zheng/src/ros_wrap_safe_motion/examples/movingobstacleavoidance.cpp:5:18:[m[K [01;31m[Kerror: [m[Kâ€˜[01m[Kplane[m[Kâ€™ is not a namespace-name
 using namespace  plane;
[01;32m[K                  ^[m[K
[01m[K/home/zheng/robot_ws_zheng/src/ros_wrap_safe_motion/examples/movingobstacleavoidance.cpp:5:23:[m[K [01;31m[Kerror: [m[Kexpected namespace-name before â€˜[01m[K;[m[Kâ€™ token
 using namespace  plane;
[01;32m[K                       ^[m[K
[01m[K/home/zheng/robot_ws_zheng/src/ros_wrap_safe_motion/examples/movingobstacleavoidance.cpp:[m[K In function â€˜[01m[Kint main(int, char**)[m[Kâ€™:
[01m[K/home/zheng/robot_ws_zheng/src/ros_wrap_safe_motion/examples/movingobstacleavoidance.cpp:15:5:[m[K [01;31m[Kerror: [m[Kâ€˜[01m[Kros[m[Kâ€™ has not been declared
     ros::init(argc,argv,"panda_safety_controller");
[01;32m[K     ^[m[K
[01m[K/home/zheng/robot_ws_zheng/src/ros_wrap_safe_motion/examples/movingobstacleavoidance.cpp:16:5:[m[K [01;31m[Kerror: [m[Kâ€˜[01m[Kros[m[Kâ€™ has not been declared
     ros::NodeHandle n;
[01;32m[K     ^[m[K
[01m[K/home/zheng/robot_ws_zheng/src/ros_wrap_safe_motion/examples/movingobstacleavoidance.cpp:24:5:[m[K [01;31m[Kerror: [m[Kâ€˜[01m[KKDL[m[Kâ€™ has not been declared
     KDL::JntArray panda_q_init(ndof), panda_dotq_init(ndof),panda_q_des(ndof), panda_q_des_back(ndof);
[01;32m[K     ^[m[K
[01m[K/home/zheng/robot_ws_zheng/src/ros_wrap_safe_motion/examples/movingobstacleavoidance.cpp:27:5:[m[K [01;31m[Kerror: [m[Kâ€˜[01m[Kpanda_q_init[m[Kâ€™ was not declared in this scope
     panda_q_init.data << 1.11222,
[01;32m[K     ^[m[K
[01m[K/home/zheng/robot_ws_zheng/src/ros_wrap_safe_motion/examples/movingobstacleavoidance.cpp:36:5:[m[K [01;31m[Kerror: [m[Kâ€˜[01m[Kpanda_dotq_init[m[Kâ€™ was not declared in this scope
     panda_dotq_init.data << 0, 0, 0, 0, 0, 0, 0;
[01;32m[K     ^[m[K
[01m[K/home/zheng/robot_ws_zheng/src/ros_wrap_safe_motion/examples/movingobstacleavoidance.cpp:39:5:[m[K [01;31m[Kerror: [m[Kâ€˜[01m[Karm_kinematic[m[Kâ€™ was not declared in this scope
     arm_kinematic pandaArm(&n,panda_urdf, ndof,"panda_link0", "panda_link8");
[01;32m[K     ^[m[K
[01m[K/home/zheng/robot_ws_zheng/src/ros_wrap_safe_motion/examples/movingobstacleavoidance.cpp:41:5:[m[K [01;31m[Kerror: [m[Kâ€˜[01m[KpandaArm[m[Kâ€™ was not declared in this scope
     pandaArm.init(panda_q_init.data, panda_dotq_init.data, N);
[01;32m[K     ^[m[K
[01m[K/home/zheng/robot_ws_zheng/src/ros_wrap_safe_motion/examples/movingobstacleavoidance.cpp:44:5:[m[K [01;31m[Kerror: [m[Kâ€˜[01m[KKDL[m[Kâ€™ has not been declared
     KDL::Frame des_frame, back_des_frame, panda_ee_frame, panda_des_frame, panda_obs_frame;
[01;32m[K     ^[m[K
[01m[K/home/zheng/robot_ws_zheng/src/ros_wrap_safe_motion/examples/movingobstacleavoidance.cpp:45:5:[m[K [01;31m[Kerror: [m[Kâ€˜[01m[KKDL[m[Kâ€™ has not been declared
     KDL::Frame forearm, wrist, base_link;
[01;32m[K     ^[m[K
[01m[K/home/zheng/robot_ws_zheng/src/ros_wrap_safe_motion/examples/movingobstacleavoidance.cpp:46:5:[m[K [01;31m[Kerror: [m[Kâ€˜[01m[Kpanda_obs_frame[m[Kâ€™ was not declared in this scope
     panda_obs_frame = pandaArm.getSegmentPosition(7);
[01;32m[K     ^[m[K
[01m[K/home/zheng/robot_ws_zheng/src/ros_wrap_safe_motion/examples/movingobstacleavoidance.cpp:47:5:[m[K [01;31m[Kerror: [m[Kâ€˜[01m[Kpanda_ee_frame[m[Kâ€™ was not declared in this scope
     panda_ee_frame = pandaArm.getSegmentPosition(8);
[01;32m[K     ^[m[K
[01m[K/home/zheng/robot_ws_zheng/src/ros_wrap_safe_motion/examples/movingobstacleavoidance.cpp:51:5:[m[K [01;31m[Kerror: [m[Kâ€˜[01m[Kforearm[m[Kâ€™ was not declared in this scope
     forearm = pandaArm.getSegmentPosition(3);
[01;32m[K     ^[m[K
[01m[K/home/zheng/robot_ws_zheng/src/ros_wrap_safe_motion/examples/movingobstacleavoidance.cpp:52:5:[m[K [01;31m[Kerror: [m[Kâ€˜[01m[Kwrist[m[Kâ€™ was not declared in this scope
     wrist = pandaArm.getSegmentPosition(6);
[01;32m[K     ^[m[K
[01m[K/home/zheng/robot_ws_zheng/src/ros_wrap_safe_motion/examples/movingobstacleavoidance.cpp:53:5:[m[K [01;31m[Kerror: [m[Kâ€˜[01m[Kbase_link[m[Kâ€™ was not declared in this scope
     base_link = pandaArm.getSegmentPosition(1);
[01;32m[K     ^[m[K
[01m[K/home/zheng/robot_ws_zheng/src/ros_wrap_safe_motion/examples/movingobstacleavoidance.cpp:59:5:[m[K [01;31m[Kerror: [m[Kâ€˜[01m[Kpanda_des_frame[m[Kâ€™ was not declared in this scope
     panda_des_frame.p[0] = 0.7;
[01;32m[K     ^[m[K
[01m[K/home/zheng/robot_ws_zheng/src/ros_wrap_safe_motion/examples/movingobstacleavoidance.cpp:66:32:[m[K [01;31m[Kerror: [m[Kâ€˜[01m[Kpi[m[Kâ€™ was not declared in this scope
     panda_des_frame.M.DoRotX(- pi);
[01;32m[K                                ^[m[K
[01m[K/home/zheng/robot_ws_zheng/src/ros_wrap_safe_motion/examples/movingobstacleavoidance.cpp:67:49:[m[K [01;31m[Kerror: [m[Kâ€˜[01m[Kpanda_q_des[m[Kâ€™ was not declared in this scope
     pandaArm.computeJntFromCart(panda_des_frame,panda_q_des);
[01;32m[K                                                 ^[m[K
[01m[K/home/zheng/robot_ws_zheng/src/ros_wrap_safe_motion/examples/movingobstacleavoidance.cpp:71:5:[m[K [01;31m[Kerror: [m[Kâ€˜[01m[Krviz_visual_tools[m[Kâ€™ has not been declared
     rviz_visual_tools::RvizVisualToolsPtr cubeObstacleMarkers, planeSeparation, goalPublisher;
[01;32m[K     ^[m[K
[01m[K/home/zheng/robot_ws_zheng/src/ros_wrap_safe_motion/examples/movingobstacleavoidance.cpp:72:5:[m[K [01;31m[Kerror: [m[Kâ€˜[01m[Krviz_visual_tools[m[Kâ€™ has not been declared
     rviz_visual_tools::colors color = rviz_visual_tools::RED;
[01;32m[K     ^[m[K
[01m[K/home/zheng/robot_ws_zheng/src/ros_wrap_safe_motion/examples/movingobstacleavoidance.cpp:73:5:[m[K [01;31m[Kerror: [m[Kâ€˜[01m[Krviz_visual_tools[m[Kâ€™ has not been declared
     rviz_visual_tools::colors color2 = rviz_visual_tools::BLACK;
[01;32m[K     ^[m[K
[01m[K/home/zheng/robot_ws_zheng/src/ros_wrap_safe_motion/examples/movingobstacleavoidance.cpp:74:5:[m[K [01;31m[Kerror: [m[Kâ€˜[01m[Krviz_visual_tools[m[Kâ€™ has not been declared
     rviz_visual_tools::colors colorPlane1 = rviz_visual_tools::TRANSLUCENT_DARK;
[01;32m[K     ^[m[K
[01m[K/home/zheng/robot_ws_zheng/src/ros_wrap_safe_motion/examples/movingobstacleavoidance.cpp:75:5:[m[K [01;31m[Kerror: [m[Kâ€˜[01m[Krviz_visual_tools[m[Kâ€™ has not been declared
     rviz_visual_tools::colors colorPlane2 = rviz_visual_tools::RED;
[01;32m[K     ^[m[K
[01m[K/home/zheng/robot_ws_zheng/src/ros_wrap_safe_motion/examples/movingobstacleavoidance.cpp:76:5:[m[K [01;31m[Kerror: [m[Kâ€˜[01m[Krviz_visual_tools[m[Kâ€™ has not been declared
     rviz_visual_tools::colors colorPlane3 = rviz_visual_tools::CYAN;
[01;32m[K     ^[m[K
[01m[K/home/zheng/robot_ws_zheng/src/ros_wrap_safe_motion/examples/movingobstacleavoidance.cpp:77:5:[m[K [01;31m[Kerror: [m[Kâ€˜[01m[Krviz_visual_tools[m[Kâ€™ has not been declared
     rviz_visual_tools::colors colorPlane4 = rviz_visual_tools::TRANSLUCENT_LIGHT;
[01;32m[K     ^[m[K
[01m[K/home/zheng/robot_ws_zheng/src/ros_wrap_safe_motion/examples/movingobstacleavoidance.cpp:78:5:[m[K [01;31m[Kerror: [m[Kâ€˜[01m[Krviz_visual_tools[m[Kâ€™ has not been declared
     rviz_visual_tools::colors colorGoal = rviz_visual_tools::GREEN;
[01;32m[K     ^[m[K
[01m[K/home/zheng/robot_ws_zheng/src/ros_wrap_safe_motion/examples/movingobstacleavoidance.cpp:93:5:[m[K [01;31m[Kerror: [m[Kâ€˜[01m[KMPC_Task[m[Kâ€™ was not declared in this scope
     MPC_Task pandaTask(N,1,0.001,ndof,dt, "panda");
[01;32m[K     ^[m[K
[01m[K/home/zheng/robot_ws_zheng/src/ros_wrap_safe_motion/examples/movingobstacleavoidance.cpp:94:16:[m[K [01;31m[Kerror: [m[Kâ€˜[01m[KpandaTask[m[Kâ€™ was not declared in this scope
     panda_ok = pandaTask.init();
[01;32m[K                ^[m[K
[01m[K/home/zheng/robot_ws_zheng/src/ros_wrap_safe_motion/examples/movingobstacleavoidance.cpp:142:5:[m[K [01;31m[Kerror: [m[Kâ€˜[01m[Kvector[m[Kâ€™ is not a member of â€˜[01m[Kstd[m[Kâ€™
     std::vector<constraintData> constraintVectorData;
[01;32m[K     ^[m[K
[01m[K/home/zheng/robot_ws_zheng/src/ros_wrap_safe_motion/examples/movingobstacleavoidance.cpp:142:17:[m[K [01;31m[Kerror: [m[Kâ€˜[01m[KconstraintData[m[Kâ€™ was not declared in this scope
     std::vector<constraintData> constraintVectorData;
[01;32m[K                 ^[m[K
[01m[K/home/zheng/robot_ws_zheng/src/ros_wrap_safe_motion/examples/movingobstacleavoidance.cpp:142:33:[m[K [01;31m[Kerror: [m[Kâ€˜[01m[KconstraintVectorData[m[Kâ€™ was not declared in this scope
     std::vector<constraintData> constraintVectorData;
[01;32m[K                                 ^[m[K
[01m[K/home/zheng/robot_ws_zheng/src/ros_wrap_safe_motion/examples/movingobstacleavoidance.cpp:156:5:[m[K [01;31m[Kerror: [m[Kâ€˜[01m[KjntPosCst[m[Kâ€™ was not declared in this scope
     jntPosCst jointPosCst(ndof,N,dt, "jointPosCst",pandaPx,pandaPu);
[01;32m[K     ^[m[K
[01m[K/home/zheng/robot_ws_zheng/src/ros_wrap_safe_motion/examples/movingobstacleavoidance.cpp:157:5:[m[K [01;31m[Kerror: [m[Kâ€˜[01m[KjointPosCst[m[Kâ€™ was not declared in this scope
     jointPosCst.setLimit(qMin,qMax);
[01;32m[K     ^[m[K
[01m[K/home/zheng/robot_ws_zheng/src/ros_wrap_safe_motion/examples/movingobstacleavoidance.cpp:164:5:[m[K [01;31m[Kerror: [m[Kâ€˜[01m[KjntVelCst[m[Kâ€™ was not declared in this scope
     jntVelCst jointVelCst(ndof,N,dt, "jointVelCst",pandaPxdq,pandaPudq);
[01;32m[K     ^[m[K
[01m[K/home/zheng/robot_ws_zheng/src/ros_wrap_safe_motion/examples/movingobstacleavoidance.cpp:165:5:[m[K [01;31m[Kerror: [m[Kâ€˜[01m[KjointVelCst[m[Kâ€™ was not declared in this scope
     jointVelCst.setLimit(dqMin,dqMax);
[01;32m[K     ^[m[K
[01m[K/home/zheng/robot_ws_zheng/src/ros_wrap_safe_motion/examples/movingobstacleavoidance.cpp:173:5:[m[K [01;31m[Kerror: [m[Kâ€˜[01m[KjntAccCst[m[Kâ€™ was not declared in this scope
     jntAccCst jnt_acc_cst(ndof, N,dt, "jointAccCst",pandaPx,pandaPu);
[01;32m[K     ^[m[K
[01m[K/home/zheng/robot_ws_zheng/src/ros_wrap_safe_motion/examples/movingobstacleavoidance.cpp:174:5:[m[K [01;31m[Kerror: [m[Kâ€˜[01m[Kjnt_acc_cst[m[Kâ€™ was not declared in this scope
     jnt_acc_cst.setLimit(ddqMin,ddqMax);
[01;32m[K     ^[m[K
[01m[K/home/zheng/robot_ws_zheng/src/ros_wrap_safe_motion/examples/movingobstacleavoidance.cpp:217:5:[m[K [01;31m[Kerror: [m[Kâ€˜[01m[Kmpc_solve[m[Kâ€™ was not declared in this scope
     mpc_solve qptest(1,ndof*N,constraintSize);
[01;32m[K     ^[m[K
[01m[K/home/zheng/robot_ws_zheng/src/ros_wrap_safe_motion/examples/movingobstacleavoidance.cpp:218:5:[m[K [01;31m[Kerror: [m[Kâ€˜[01m[Kqptest[m[Kâ€™ was not declared in this scope
     qptest.initData(H,g,lb,ub);
[01;32m[K     ^[m[K
[01m[K/home/zheng/robot_ws_zheng/src/ros_wrap_safe_motion/examples/movingobstacleavoidance.cpp:237:5:[m[K [01;31m[Kerror: [m[Kâ€˜[01m[Kros[m[Kâ€™ has not been declared
     ros::Rate loop_rate(100);
[01;32m[K     ^[m[K
[01m[K/home/zheng/robot_ws_zheng/src/ros_wrap_safe_motion/examples/movingobstacleavoidance.cpp:240:5:[m[K [01;31m[Kerror: [m[Kâ€˜[01m[Kros[m[Kâ€™ has not been declared
     ros::Publisher panda_joint_state_1_pub = n.advertise<std_msgs::Float64>("/panda/panda_joint1_position_controller/command", 1000);
[01;32m[K     ^[m[K
[01m[K/home/zheng/robot_ws_zheng/src/ros_wrap_safe_motion/examples/movingobstacleavoidance.cpp:241:5:[m[K [01;31m[Kerror: [m[Kâ€˜[01m[Kros[m[Kâ€™ has not been declared
     ros::Publisher panda_joint_state_2_pub = n.advertise<std_msgs::Float64>("/panda/panda_joint2_position_controller/command", 1000);
[01;32m[K     ^[m[K
[01m[K/home/zheng/robot_ws_zheng/src/ros_wrap_safe_motion/examples/movingobstacleavoidance.cpp:242:5:[m[K [01;31m[Kerror: [m[Kâ€˜[01m[Kros[m[Kâ€™ has not been declared
     ros::Publisher panda_joint_state_3_pub = n.advertise<std_msgs::Float64>("/panda/panda_joint3_position_controller/command", 1000);
[01;32m[K     ^[m[K
[01m[K/home/zheng/robot_ws_zheng/src/ros_wrap_safe_motion/examples/movingobstacleavoidance.cpp:243:5:[m[K [01;31m[Kerror: [m[Kâ€˜[01m[Kros[m[Kâ€™ has not been declared
     ros::Publisher panda_joint_state_4_pub = n.advertise<std_msgs::Float64>("/panda/panda_joint4_position_controller/command", 1000);
[01;32m[K     ^[m[K
[01m[K/home/zheng/robot_ws_zheng/src/ros_wrap_safe_motion/examples/movingobstacleavoidance.cpp:244:5:[m[K [01;31m[Kerror: [m[Kâ€˜[01m[Kros[m[Kâ€™ has not been declared
     ros::Publisher panda_joint_state_5_pub = n.advertise<std_msgs::Float64>("/panda/panda_joint5_position_controller/command", 1000);
[01;32m[K     ^[m[K
[01m[K/home/zheng/robot_ws_zheng/src/ros_wrap_safe_motion/examples/movingobstacleavoidance.cpp:245:5:[m[K [01;31m[Kerror: [m[Kâ€˜[01m[Kros[m[Kâ€™ has not been declared
     ros::Publisher panda_joint_state_6_pub = n.advertise<std_msgs::Float64>("/panda/panda_joint6_position_controller/command", 1000);
[01;32m[K     ^[m[K
[01m[K/home/zheng/robot_ws_zheng/src/ros_wrap_safe_motion/examples/movingobstacleavoidance.cpp:246:5:[m[K [01;31m[Kerror: [m[Kâ€˜[01m[Kros[m[Kâ€™ has not been declared
     ros::Publisher panda_joint_state_7_pub = n.advertise<std_msgs::Float64>("/panda/panda_joint7_position_controller/command", 1000);
[01;32m[K     ^[m[K
[01m[K/home/zheng/robot_ws_zheng/src/ros_wrap_safe_motion/examples/movingobstacleavoidance.cpp:263:12:[m[K [01;31m[Kerror: [m[Kâ€˜[01m[Kros[m[Kâ€™ has not been declared
      while(ros::ok())
[01;32m[K            ^[m[K
[01m[K/home/zheng/robot_ws_zheng/src/ros_wrap_safe_motion/examples/movingobstacleavoidance.cpp:315:27:[m[K [01;31m[Kerror: [m[Kâ€˜[01m[Kstd::chrono[m[Kâ€™ has not been declared
         auto start = std::chrono::system_clock::now();
[01;32m[K                           ^[m[K
[01m[K/home/zheng/robot_ws_zheng/src/ros_wrap_safe_motion/examples/movingobstacleavoidance.cpp:317:25:[m[K [01;31m[Kerror: [m[Kâ€˜[01m[Kstd::chrono[m[Kâ€™ has not been declared
         auto end = std::chrono::system_clock::now();
[01;32m[K                         ^[m[K
[01m[K/home/zheng/robot_ws_zheng/src/ros_wrap_safe_motion/examples/movingobstacleavoidance.cpp:318:14:[m[K [01;31m[Kerror: [m[Kâ€˜[01m[Kstd::chrono[m[Kâ€™ has not been declared
         std::chrono::duration<double> elapsed_seconds = end-start;
[01;32m[K              ^[m[K
[01m[K/home/zheng/robot_ws_zheng/src/ros_wrap_safe_motion/examples/movingobstacleavoidance.cpp:318:31:[m[K [01;31m[Kerror: [m[Kexpected primary-expression before â€˜[01m[Kdouble[m[Kâ€™
         std::chrono::duration<double> elapsed_seconds = end-start;
[01;32m[K                               ^[m[K
[01m[K/home/zheng/robot_ws_zheng/src/ros_wrap_safe_motion/examples/movingobstacleavoidance.cpp:319:9:[m[K [01;31m[Kerror: [m[Kâ€˜[01m[Ktime_t[m[Kâ€™ is not a member of â€˜[01m[Kstd[m[Kâ€™
         std::time_t end_time = std::chrono::system_clock::to_time_t(end);
[01;32m[K         ^[m[K
[01m[K/home/zheng/robot_ws_zheng/src/ros_wrap_safe_motion/examples/movingobstacleavoidance.cpp:319:9:[m[K [01;36m[Knote: [m[Ksuggested alternative:
In file included from [01m[K/usr/include/sched.h:31:0[m[K,
                 from [01m[K/usr/include/pthread.h:23[m[K,
                 from [01m[K/usr/include/x86_64-linux-gnu/c++/5/bits/gthr-default.h:35[m[K,
                 from [01m[K/usr/include/x86_64-linux-gnu/c++/5/bits/gthr.h:148[m[K,
                 from [01m[K/usr/include/c++/5/ext/atomicity.h:35[m[K,
                 from [01m[K/usr/include/c++/5/bits/ios_base.h:39[m[K,
                 from [01m[K/usr/include/c++/5/ios:42[m[K,
                 from [01m[K/usr/include/c++/5/istream:38[m[K,
                 from [01m[K/usr/include/c++/5/sstream:38[m[K,
                 from [01m[K/usr/include/c++/5/complex:45[m[K,
                 from [01m[K/usr/include/eigen3/Eigen/Core:80[m[K,
                 from [01m[K/home/zheng/robot_ws_zheng/src/ros_wrap_safe_motion/include/RosWrapcommun/RosWrapCommunDefinition.h:2[m[K,
                 from [01m[K/home/zheng/robot_ws_zheng/src/ros_wrap_safe_motion/examples/movingobstacleavoidance.cpp:2[m[K:
[01m[K/usr/include/x86_64-linux-gnu/bits/types/time_t.h:7:18:[m[K [01;36m[Knote: [m[K  â€˜[01m[Ktime_t[m[Kâ€™
 typedef __time_t time_t;
[01;32m[K                  ^[m[K
[01m[K/home/zheng/robot_ws_zheng/src/ros_wrap_safe_motion/examples/movingobstacleavoidance.cpp:351:9:[m[K [01;31m[Kerror: [m[Kâ€˜[01m[Kstd_msgs[m[Kâ€™ has not been declared
         std_msgs::Float64 v1,v2,v3,v4,v5,v6 ; // robot joint's velocity
[01;32m[K         ^[m[K
[01m[K/home/zheng/robot_ws_zheng/src/ros_wrap_safe_motion/examples/movingobstacleavoidance.cpp:352:9:[m[K [01;31m[Kerror: [m[Kâ€˜[01m[Kstd_msgs[m[Kâ€™ has not been declared
         std_msgs::Float64 panda_t1,panda_t2,panda_t3,panda_t4,panda_t5,panda_t6, panda_t7 ; // robot joint's positions
[01;32m[K         ^[m[K
[01m[K/home/zheng/robot_ws_zheng/src/ros_wrap_safe_motion/examples/movingobstacleavoidance.cpp:354:9:[m[K [01;31m[Kerror: [m[Kâ€˜[01m[Kpanda_t1[m[Kâ€™ was not declared in this scope
         panda_t1.data = pandaState[0];
[01;32m[K         ^[m[K
[01m[K/home/zheng/robot_ws_zheng/src/ros_wrap_safe_motion/examples/movingobstacleavoidance.cpp:355:9:[m[K [01;31m[Kerror: [m[Kâ€˜[01m[Kpanda_t2[m[Kâ€™ was not declared in this scope
         panda_t2.data = pandaState[1];
[01;32m[K         ^[m[K
[01m[K/home/zheng/robot_ws_zheng/src/ros_wrap_safe_motion/examples/movingobstacleavoidance.cpp:356:9:[m[K [01;31m[Kerror: [m[Kâ€˜[01m[Kpanda_t3[m[Kâ€™ was not declared in this scope
         panda_t3.data = pandaState[2];
[01;32m[K         ^[m[K
[01m[K/home/zheng/robot_ws_zheng/src/ros_wrap_safe_motion/examples/movingobstacleavoidance.cpp:357:9:[m[K [01;31m[Kerror: [m[Kâ€˜[01m[Kpanda_t4[m[Kâ€™ was not declared in this scope
         panda_t4.data = pandaState[3];
[01;32m[K         ^[m[K
[01m[K/home/zheng/robot_ws_zheng/src/ros_wrap_safe_motion/examples/movingobstacleavoidance.cpp:358:9:[m[K [01;31m[Kerror: [m[Kâ€˜[01m[Kpanda_t5[m[Kâ€™ was not declared in this scope
         panda_t5.data = pandaState[4];
[01;32m[K         ^[m[K
[01m[K/home/zheng/robot_ws_zheng/src/ros_wrap_safe_motion/examples/movingobstacleavoidance.cpp:359:9:[m[K [01;31m[Kerror: [m[Kâ€˜[01m[Kpanda_t6[m[Kâ€™ was not declared in this scope
         panda_t6.data = pandaState[5];
[01;32m[K         ^[m[K
[01m[K/home/zheng/robot_ws_zheng/src/ros_wrap_safe_motion/examples/movingobstacleavoidance.cpp:360:9:[m[K [01;31m[Kerror: [m[Kâ€˜[01m[Kpanda_t7[m[Kâ€™ was not declared in this scope
         panda_t7.data = pandaState[6];
[01;32m[K         ^[m[K
[01m[K/home/zheng/robot_ws_zheng/src/ros_wrap_safe_motion/examples/movingobstacleavoidance.cpp:363:9:[m[K [01;31m[Kerror: [m[Kâ€˜[01m[Kpanda_joint_state_1_pub[m[Kâ€™ was not declared in this scope
         panda_joint_state_1_pub.publish(panda_t1);
[01;32m[K         ^[m[K
[01m[K/home/zheng/robot_ws_zheng/src/ros_wrap_safe_motion/examples/movingobstacleavoidance.cpp:364:9:[m[K [01;31m[Kerror: [m[Kâ€˜[01m[Kpanda_joint_state_2_pub[m[Kâ€™ was not declared in this scope
         panda_joint_state_2_pub.publish(panda_t2);
[01;32m[K         ^[m[K
[01m[K/home/zheng/robot_ws_zheng/src/ros_wrap_safe_motion/examples/movingobstacleavoidance.cpp:365:9:[m[K [01;31m[Kerror: [m[Kâ€˜[01m[Kpanda_joint_state_3_pub[m[Kâ€™ was not declared in this scope
         panda_joint_state_3_pub.publish(panda_t3);
[01;32m[K         ^[m[K
[01m[K/home/zheng/robot_ws_zheng/src/ros_wrap_safe_motion/examples/movingobstacleavoidance.cpp:366:9:[m[K [01;31m[Kerror: [m[Kâ€˜[01m[Kpanda_joint_state_4_pub[m[Kâ€™ was not declared in this scope
         panda_joint_state_4_pub.publish(panda_t4);
[01;32m[K         ^[m[K
[01m[K/home/zheng/robot_ws_zheng/src/ros_wrap_safe_motion/examples/movingobstacleavoidance.cpp:367:9:[m[K [01;31m[Kerror: [m[Kâ€˜[01m[Kpanda_joint_state_5_pub[m[Kâ€™ was not declared in this scope
         panda_joint_state_5_pub.publish(panda_t5);
[01;32m[K         ^[m[K
[01m[K/home/zheng/robot_ws_zheng/src/ros_wrap_safe_motion/examples/movingobstacleavoidance.cpp:368:9:[m[K [01;31m[Kerror: [m[Kâ€˜[01m[Kpanda_joint_state_6_pub[m[Kâ€™ was not declared in this scope
         panda_joint_state_6_pub.publish(panda_t6);
[01;32m[K         ^[m[K
[01m[K/home/zheng/robot_ws_zheng/src/ros_wrap_safe_motion/examples/movingobstacleavoidance.cpp:369:9:[m[K [01;31m[Kerror: [m[Kâ€˜[01m[Kpanda_joint_state_7_pub[m[Kâ€™ was not declared in this scope
         panda_joint_state_7_pub.publish(panda_t7);
[01;32m[K         ^[m[K
[01m[K/home/zheng/robot_ws_zheng/src/ros_wrap_safe_motion/examples/movingobstacleavoidance.cpp:373:9:[m[K [01;31m[Kerror: [m[Kâ€˜[01m[Kros[m[Kâ€™ has not been declared
         ros::spinOnce();
[01;32m[K         ^[m[K
[01m[K/home/zheng/robot_ws_zheng/src/ros_wrap_safe_motion/examples/movingobstacleavoidance.cpp:374:9:[m[K [01;31m[Kerror: [m[Kâ€˜[01m[Kloop_rate[m[Kâ€™ was not declared in this scope
         loop_rate.sleep();
[01;32m[K         ^[m[K
make[2]: *** [examples/CMakeFiles/RosMovingobstacleavoidance.dir/movingobstacleavoidance.cpp.o] Error 1
make[1]: *** [examples/CMakeFiles/RosMovingobstacleavoidance.dir/all] Error 2
make: *** [all] Error 2
