warning: Tag 'CLANG_ASSISTED_PARSING' at line 1026 of file '/home/zheng/robot_ws_zheng/build/ros_wrap_safe_motion/Doxyfile' belongs to an option that was not enabled at compile time.
         To avoid this warning please remove this line from your configuration file or upgrade it using "doxygen -u", or recompile doxygen with this feature enabled.
warning: Tag 'CLANG_OPTIONS' at line 1034 of file '/home/zheng/robot_ws_zheng/build/ros_wrap_safe_motion/Doxyfile' belongs to an option that was not enabled at compile time.
         To avoid this warning please remove this line from your configuration file or upgrade it using "doxygen -u", or recompile doxygen with this feature enabled.
warning: Tag 'PERL_PATH' at line 2117 of file '/home/zheng/robot_ws_zheng/build/ros_wrap_safe_motion/Doxyfile' has become obsolete.
         To avoid this warning please remove this line from your configuration file or upgrade it using "doxygen -u"
warning: Tag 'MSCGEN_PATH' at line 2139 of file '/home/zheng/robot_ws_zheng/build/ros_wrap_safe_motion/Doxyfile' has become obsolete.
         To avoid this warning please remove this line from your configuration file or upgrade it using "doxygen -u"
warning: ignoring unknown tag '2020' at line 2435, file /home/zheng/robot_ws_zheng/build/ros_wrap_safe_motion/Doxyfile
warning: ignoring unknown tag 'GitHub' at line 2435, file /home/zheng/robot_ws_zheng/build/ros_wrap_safe_motion/Doxyfile
warning: ignoring unknown tag 'Inc' at line 2435, file /home/zheng/robot_ws_zheng/build/ros_wrap_safe_motion/Doxyfile
warning: ignoring unknown tag 'Terms' at line 2436, file /home/zheng/robot_ws_zheng/build/ros_wrap_safe_motion/Doxyfile
warning: ignoring unknown tag 'Privacy' at line 2437, file /home/zheng/robot_ws_zheng/build/ros_wrap_safe_motion/Doxyfile
warning: ignoring unknown tag 'Security' at line 2438, file /home/zheng/robot_ws_zheng/build/ros_wrap_safe_motion/Doxyfile
warning: ignoring unknown tag 'Status' at line 2439, file /home/zheng/robot_ws_zheng/build/ros_wrap_safe_motion/Doxyfile
warning: ignoring unknown tag 'Help' at line 2440, file /home/zheng/robot_ws_zheng/build/ros_wrap_safe_motion/Doxyfile
warning: ignoring unknown tag 'Contact' at line 2442, file /home/zheng/robot_ws_zheng/build/ros_wrap_safe_motion/Doxyfile
warning: ignoring unknown tag 'GitHub' at line 2442, file /home/zheng/robot_ws_zheng/build/ros_wrap_safe_motion/Doxyfile
warning: ignoring unknown tag 'Pricing' at line 2443, file /home/zheng/robot_ws_zheng/build/ros_wrap_safe_motion/Doxyfile
warning: ignoring unknown tag 'API' at line 2444, file /home/zheng/robot_ws_zheng/build/ros_wrap_safe_motion/Doxyfile
warning: ignoring unknown tag 'Training' at line 2445, file /home/zheng/robot_ws_zheng/build/ros_wrap_safe_motion/Doxyfile
warning: ignoring unknown tag 'Blog' at line 2446, file /home/zheng/robot_ws_zheng/build/ros_wrap_safe_motion/Doxyfile
warning: ignoring unknown tag 'About' at line 2447, file /home/zheng/robot_ws_zheng/build/ros_wrap_safe_motion/Doxyfile
warning: tag INPUT: input source '/home/zheng/robot_ws_zheng/src/ros_wrap_safe_motion/README.md' does not exist
warning: tag INPUT: input source '/home/zheng/robot_ws_zheng/src/ros_wrap_safe_motion/impl/' does not exist
warning: tag INPUT: input source '/home/zheng/robot_ws_zheng/src/ros_wrap_safe_motion/samples/' does not exist
warning: source /home/zheng/robot_ws_zheng/src/ros_wrap_safe_motion/README.md is not a readable file or directory... skipping.
warning: source /home/zheng/robot_ws_zheng/src/ros_wrap_safe_motion/impl is not a readable file or directory... skipping.
warning: source /home/zheng/robot_ws_zheng/src/ros_wrap_safe_motion/samples is not a readable file or directory... skipping.
/home/zheng/robot_ws_zheng/src/ros_wrap_safe_motion/src/RosWraprobotmodel/RosWrapchainjnttojacdotsolver.cpp:35: warning: no matching class member found for 
  int KDL::ChainJntToJacDotSolver::JntToJacDot(const JntArrayVel &q_in, Twist &jac_dot_q_dot, int seg_nr)
Possible candidates:
  'virtual int KDL::ChainJntToJacDotSolver::JntToJacDot(const KDL::JntArrayVel &q_in, KDL::Twist &jac_dot_q_dot, int seg_nr=-1)'
  'virtual int KDL::ChainJntToJacDotSolver::JntToJacDot(const KDL::JntArrayVel &q_in, KDL::Jacobian &jdot, int seg_nr=-1)'

/home/zheng/robot_ws_zheng/src/ros_wrap_safe_motion/src/RosWraprobotmodel/RosWrapchainjnttojacdotsolver.cpp:42: warning: no matching class member found for 
  int KDL::ChainJntToJacDotSolver::JntToJacDot(const JntArrayVel &q_in, Jacobian &jdot, int seg_nr)
Possible candidates:
  'virtual int KDL::ChainJntToJacDotSolver::JntToJacDot(const KDL::JntArrayVel &q_in, KDL::Twist &jac_dot_q_dot, int seg_nr=-1)'
  'virtual int KDL::ChainJntToJacDotSolver::JntToJacDot(const KDL::JntArrayVel &q_in, KDL::Jacobian &jdot, int seg_nr=-1)'

/home/zheng/robot_ws_zheng/src/ros_wrap_safe_motion/include/RosWraprobotmodel/RosWrapchainjnttojacdotsolver.h:107: warning: @copybrief or @copydoc target 'KDL::SolverI::strError()' not found
In file included from [01m[K/home/zheng/robot_ws_zheng/src/ros_wrap_safe_motion/include/RosWraptask/RosWrapMpcTask.h:4:0[m[K,
                 from [01m[K/home/zheng/robot_ws_zheng/src/ros_wrap_safe_motion/src/RosWraptask/RosWrapMpcTask.cpp:1[m[K:
[01m[K/home/zheng/robot_ws_zheng/src/ros_wrap_safe_motion/include/RosWrapcommun/RosWrapCommunDefinition.h:1:31:[m[K [01;35m[Kwarning: [m[Kextra tokens at end of #ifndef directive
 #ifndef RosWrapCommunDefiniton.h
[01;32m[K                               ^[m[K
[01m[K/home/zheng/robot_ws_zheng/src/ros_wrap_safe_motion/include/RosWrapcommun/RosWrapCommunDefinition.h:2:31:[m[K [01;35m[Kwarning: [m[KISO C++11 requires whitespace after the macro name
 #define RosWrapCommunDefiniton.h
[01;32m[K                               ^[m[K
/home/zheng/robot_ws_zheng/src/ros_wrap_safe_motion/include/RosWraprobotmodel/RosWrapRobotModel.h:108: warning: argument 'kdl_segment' of command @param is not found in the argument list of arm_kinematic::getSegment(unsigned int segment)
/home/zheng/robot_ws_zheng/src/ros_wrap_safe_motion/include/RosWraprobotmodel/RosWrapRobotModel.h:137: warning: argument 'kdl_frame' of command @param is not found in the argument list of arm_kinematic::getSegmentPosition(const std::string &segment_name)
/home/zheng/robot_ws_zheng/src/ros_wrap_safe_motion/include/RosWraprobotmodel/RosWrapRobotModel.h:127: warning: argument 'kdl_frame' of command @param is not found in the argument list of arm_kinematic::getSegmentPosition(unsigned int segment)
/home/zheng/robot_ws_zheng/src/ros_wrap_safe_motion/include/RosWraprobotmodel/RosWrapRobotModel.h:273: warning: argument 'qd_des' of command @param is not found in the argument list of arm_kinematic::setJointVelocities(const Eigen::VectorXd &qd)
/home/zheng/robot_ws_zheng/src/ros_wrap_safe_motion/include/RosWraprobotmodel/RosWrapRobotModel.h:277: warning: The following parameter of arm_kinematic::setJointVelocities(const Eigen::VectorXd &qd) is not documented:
  parameter 'qd'
/home/zheng/robot_ws_zheng/src/ros_wrap_safe_motion/include/RosWraprobotmodel/RosWrapRobotModel.h:396: warning: argument 'Ros' of command @param is not found in the argument list of arm_kinematic::subscriberCallback(const sensor_msgs::JointState &jntState)
/home/zheng/robot_ws_zheng/src/ros_wrap_safe_motion/include/RosWraprobotmodel/RosWrapRobotModel.h:400: warning: The following parameter of arm_kinematic::subscriberCallback(const sensor_msgs::JointState &jntState) is not documented:
  parameter 'jntState'
/home/zheng/robot_ws_zheng/src/ros_wrap_safe_motion/include/RosWrapconstraint/RosWrapGenericCst.h:33: warning: The following parameters of generic_cst::generic_cst(int ndof, int N, double dt, std::string name, Eigen::MatrixXd Px, Eigen::MatrixXd Pu) are not documented:
  parameter 'name'
  parameter 'Px'
  parameter 'Pu'
/home/zheng/robot_ws_zheng/src/ros_wrap_safe_motion/include/RosWrapconstraint/RosWrapGenericCst.h:37: warning: argument 'Px' of command @param is not found in the argument list of generic_cst::setLowerBound(const Eigen::VectorXd &robot_state)
/home/zheng/robot_ws_zheng/src/ros_wrap_safe_motion/include/RosWrapconstraint/RosWrapGenericCst.h:46: warning: argument 'Px' of command @param is not found in the argument list of generic_cst::setUpperBound(const Eigen::VectorXd &robot_state)
/home/zheng/robot_ws_zheng/src/ros_wrap_safe_motion/include/RosWrapconstraint/RosWrapGenericCst.h:59: warning: argument 'Px' of command @param is not found in the argument list of generic_cst::update(const Eigen::VectorXd &robot_state)
/home/zheng/robot_ws_zheng/src/ros_wrap_safe_motion/include/RosWrapconstraint/RosWrapGenericCst.h:59: warning: argument 'Pu' of command @param is not found in the argument list of generic_cst::update(const Eigen::VectorXd &robot_state)
/home/zheng/robot_ws_zheng/src/ros_wrap_safe_motion/include/RosWrapconstraint/RosWrapJointPosCst.h:21: warning: argument 'Px' of command @param is not found in the argument list of jntPosCst::setLowerBound(const Eigen::VectorXd &robot_state) inherited from member setLowerBound at line 37 in file /home/zheng/robot_ws_zheng/src/ros_wrap_safe_motion/include/RosWrapconstraint/RosWrapGenericCst.h
/home/zheng/robot_ws_zheng/src/ros_wrap_safe_motion/include/RosWrapconstraint/RosWrapJointPosCst.h:23: warning: argument 'Px' of command @param is not found in the argument list of jntPosCst::setUpperBound(const Eigen::VectorXd &robot_state) inherited from member setUpperBound at line 46 in file /home/zheng/robot_ws_zheng/src/ros_wrap_safe_motion/include/RosWrapconstraint/RosWrapGenericCst.h
/home/zheng/robot_ws_zheng/src/ros_wrap_safe_motion/include/RosWrapconstraint/RosWrapJointPosCst.h:27: warning: argument 'Px' of command @param is not found in the argument list of jntPosCst::update(const Eigen::VectorXd &robot_state) inherited from member update at line 59 in file /home/zheng/robot_ws_zheng/src/ros_wrap_safe_motion/include/RosWrapconstraint/RosWrapGenericCst.h
/home/zheng/robot_ws_zheng/src/ros_wrap_safe_motion/include/RosWrapconstraint/RosWrapJointPosCst.h:27: warning: argument 'Pu' of command @param is not found in the argument list of jntPosCst::update(const Eigen::VectorXd &robot_state) inherited from member update at line 59 in file /home/zheng/robot_ws_zheng/src/ros_wrap_safe_motion/include/RosWrapconstraint/RosWrapGenericCst.h
/home/zheng/robot_ws_zheng/src/ros_wrap_safe_motion/include/RosWrapconstraint/RosWrapJointVelCst.h:20: warning: argument 'Px' of command @param is not found in the argument list of jntVelCst::setLowerBound(const Eigen::VectorXd &robot_state) inherited from member setLowerBound at line 37 in file /home/zheng/robot_ws_zheng/src/ros_wrap_safe_motion/include/RosWrapconstraint/RosWrapGenericCst.h
/home/zheng/robot_ws_zheng/src/ros_wrap_safe_motion/include/RosWrapconstraint/RosWrapJointVelCst.h:21: warning: argument 'Px' of command @param is not found in the argument list of jntVelCst::setUpperBound(const Eigen::VectorXd &robot_state) inherited from member setUpperBound at line 46 in file /home/zheng/robot_ws_zheng/src/ros_wrap_safe_motion/include/RosWrapconstraint/RosWrapGenericCst.h
/home/zheng/robot_ws_zheng/src/ros_wrap_safe_motion/include/RosWrapconstraint/RosWrapJointVelCst.h:23: warning: argument 'Px' of command @param is not found in the argument list of jntVelCst::update(const Eigen::VectorXd &robot_state) inherited from member update at line 59 in file /home/zheng/robot_ws_zheng/src/ros_wrap_safe_motion/include/RosWrapconstraint/RosWrapGenericCst.h
/home/zheng/robot_ws_zheng/src/ros_wrap_safe_motion/include/RosWrapconstraint/RosWrapJointVelCst.h:23: warning: argument 'Pu' of command @param is not found in the argument list of jntVelCst::update(const Eigen::VectorXd &robot_state) inherited from member update at line 59 in file /home/zheng/robot_ws_zheng/src/ros_wrap_safe_motion/include/RosWrapconstraint/RosWrapGenericCst.h
/home/zheng/robot_ws_zheng/src/ros_wrap_safe_motion/include/RosWraprobotmodel/RosWrapchainjnttojacdotsolver.h:107: warning: @copybrief or @copydoc target 'KDL::SolverI::strError()' not found
/home/zheng/robot_ws_zheng/src/ros_wrap_safe_motion/include/RosWraprobotmodel/RosWrapchainjnttojacdotsolver.h:143: warning: argument 'bs_J_bs' of command @param is not found in the argument list of KDL::ChainJntToJacDotSolver::getPartialDerivative(const Jacobian &J, const unsigned int &joint_idx, const unsigned int &column_idx, const int &representation)
/home/zheng/robot_ws_zheng/src/ros_wrap_safe_motion/include/RosWraprobotmodel/RosWrapchainjnttojacdotsolver.h:152: warning: The following parameter of KDL::ChainJntToJacDotSolver::getPartialDerivative(const Jacobian &J, const unsigned int &joint_idx, const unsigned int &column_idx, const int &representation) is not documented:
  parameter 'J'
/home/zheng/robot_ws_zheng/src/ros_wrap_safe_motion/include/RosWraprobotmodel/RosWrapchainjnttojacdotsolver.h:121: warning: argument 'bs_J_ee' of command @param is not found in the argument list of KDL::ChainJntToJacDotSolver::getPartialDerivativeBodyFixed(const Jacobian &ee_J_ee, const unsigned int &joint_idx, const unsigned int &column_idx)
/home/zheng/robot_ws_zheng/src/ros_wrap_safe_motion/include/RosWraprobotmodel/RosWrapchainjnttojacdotsolver.h:129: warning: The following parameter of KDL::ChainJntToJacDotSolver::getPartialDerivativeBodyFixed(const Jacobian &ee_J_ee, const unsigned int &joint_idx, const unsigned int &column_idx) is not documented:
  parameter 'ee_J_ee'
/home/zheng/robot_ws_zheng/src/ros_wrap_safe_motion/include/RosWraprobotmodel/RosWrapchainjnttojacdotsolver.h:132: warning: argument 'ee_J_ee' of command @param is not found in the argument list of KDL::ChainJntToJacDotSolver::getPartialDerivativeInertial(const Jacobian &bs_J_bs, const unsigned int &joint_idx, const unsigned int &column_idx)
/home/zheng/robot_ws_zheng/src/ros_wrap_safe_motion/include/RosWraprobotmodel/RosWrapchainjnttojacdotsolver.h:140: warning: The following parameter of KDL::ChainJntToJacDotSolver::getPartialDerivativeInertial(const Jacobian &bs_J_bs, const unsigned int &joint_idx, const unsigned int &column_idx) is not documented:
  parameter 'bs_J_bs'
/home/zheng/robot_ws_zheng/src/ros_wrap_safe_motion/include/RosWraprobotmodel/RosWrapchainjnttojacdotsolver.h:107: warning: @copybrief or @copydoc target 'KDL::SolverI::strError()' not found
/home/zheng/robot_ws_zheng/src/ros_wrap_safe_motion/include/RosWraprobotmodel/RosWrapchainjnttojacdotsolver.h:107: warning: @copydetails or @copydoc target 'KDL::SolverI::strError()' not found
In file included from [01m[K/home/zheng/robot_ws_zheng/src/ros_wrap_safe_motion/include/RosWraprobotmodel/RosWrapRobotModel.h:20:0[m[K,
                 from [01m[K/home/zheng/robot_ws_zheng/src/ros_wrap_safe_motion/src/RosWraprobotmodel/RosWrapRobotModel.cpp:1[m[K:
[01m[K/home/zheng/robot_ws_zheng/src/ros_wrap_safe_motion/include/RosWrapcommun/RosWrapCommunDefinition.h:1:31:[m[K [01;35m[Kwarning: [m[Kextra tokens at end of #ifndef directive
 #ifndef RosWrapCommunDefiniton.h
[01;32m[K                               ^[m[K
[01m[K/home/zheng/robot_ws_zheng/src/ros_wrap_safe_motion/include/RosWrapcommun/RosWrapCommunDefinition.h:2:31:[m[K [01;35m[Kwarning: [m[KISO C++11 requires whitespace after the macro name
 #define RosWrapCommunDefiniton.h
[01;32m[K                               ^[m[K
In file included from [01m[K/home/zheng/robot_ws_zheng/src/ros_wrap_safe_motion/include/RosWrapsepPlane/RosWrapsepPlane.h:7:0[m[K,
                 from [01m[K/home/zheng/robot_ws_zheng/src/ros_wrap_safe_motion/include/RosWrapconstraint/RosWrapAvoidanceCst.h:6[m[K,
                 from [01m[K/home/zheng/robot_ws_zheng/src/ros_wrap_safe_motion/src/RosWrapconstraint/RosWrapAvoidanceCst.cpp:1[m[K:
[01m[K/home/zheng/robot_ws_zheng/src/ros_wrap_safe_motion/include/RosWrapcommun/RosWrapCommunDefinition.h:1:31:[m[K [01;35m[Kwarning: [m[Kextra tokens at end of #ifndef directive
 #ifndef RosWrapCommunDefiniton.h
[01;32m[K                               ^[m[K
[01m[K/home/zheng/robot_ws_zheng/src/ros_wrap_safe_motion/include/RosWrapcommun/RosWrapCommunDefinition.h:2:31:[m[K [01;35m[Kwarning: [m[KISO C++11 requires whitespace after the macro name
 #define RosWrapCommunDefiniton.h
[01;32m[K                               ^[m[K
In file included from [01m[K/home/zheng/robot_ws_zheng/src/ros_wrap_safe_motion/include/RosWrapsepPlane/RosWrapsepPlane.h:7:0[m[K,
                 from [01m[K/home/zheng/robot_ws_zheng/src/ros_wrap_safe_motion/src/RosWrapsepPlane/RosWrapsepPlane.cpp:1[m[K:
[01m[K/home/zheng/robot_ws_zheng/src/ros_wrap_safe_motion/include/RosWrapcommun/RosWrapCommunDefinition.h:1:31:[m[K [01;35m[Kwarning: [m[Kextra tokens at end of #ifndef directive
 #ifndef RosWrapCommunDefiniton.h
[01;32m[K                               ^[m[K
[01m[K/home/zheng/robot_ws_zheng/src/ros_wrap_safe_motion/include/RosWrapcommun/RosWrapCommunDefinition.h:2:31:[m[K [01;35m[Kwarning: [m[KISO C++11 requires whitespace after the macro name
 #define RosWrapCommunDefiniton.h
[01;32m[K                               ^[m[K
CMakeFiles/ros_wrap_safe_motion_library.dir/RosWrapconstraint/RosWrapAvoidanceCst.cpp.oÂ : Dans la fonction Â«Â readMatrix(char const*)Â Â»Â :
RosWrapAvoidanceCst.cpp:(.text+0x0)Â : dÃ©finitions multiples de Â«Â readMatrix(char const*)Â Â»
CMakeFiles/ros_wrap_safe_motion_library.dir/RosWraprobotmodel/RosWrapRobotModel.cpp.o:RosWrapRobotModel.cpp:(.text+0x9d)Â : dÃ©fini pour la premiÃ¨re fois ici
CMakeFiles/ros_wrap_safe_motion_library.dir/RosWrapconstraint/RosWrapAvoidanceCst.cpp.oÂ : Dans la fonction Â«Â ComputeObstacleVertices(Eigen::Matrix<double, 3, 1, 0, 3, 1>, Eigen::Matrix<double, 3, 1, 0, 3, 1>)Â Â»Â :
RosWrapAvoidanceCst.cpp:(.text+0x31c)Â : dÃ©finitions multiples de Â«Â ComputeObstacleVertices(Eigen::Matrix<double, 3, 1, 0, 3, 1>, Eigen::Matrix<double, 3, 1, 0, 3, 1>)Â Â»
CMakeFiles/ros_wrap_safe_motion_library.dir/RosWraprobotmodel/RosWrapRobotModel.cpp.o:RosWrapRobotModel.cpp:(.text+0x3b9)Â : dÃ©fini pour la premiÃ¨re fois ici
CMakeFiles/ros_wrap_safe_motion_library.dir/RosWrapconstraint/RosWrapAvoidanceCst.cpp.oÂ : Dans la fonction Â«Â msgToEigen(boost::shared_ptr<std_msgs::Float64MultiArray_<std::allocator<void> > const> const&)Â Â»Â :
RosWrapAvoidanceCst.cpp:(.text+0xdc1)Â : dÃ©finitions multiples de Â«Â msgToEigen(boost::shared_ptr<std_msgs::Float64MultiArray_<std::allocator<void> > const> const&)Â Â»
CMakeFiles/ros_wrap_safe_motion_library.dir/RosWraprobotmodel/RosWrapRobotModel.cpp.o:RosWrapRobotModel.cpp:(.text+0xe5e)Â : dÃ©fini pour la premiÃ¨re fois ici
CMakeFiles/ros_wrap_safe_motion_library.dir/RosWraptask/RosWrapMpcTask.cpp.oÂ : Dans la fonction Â«Â readMatrix(char const*)Â Â»Â :
RosWrapMpcTask.cpp:(.text+0x0)Â : dÃ©finitions multiples de Â«Â readMatrix(char const*)Â Â»
CMakeFiles/ros_wrap_safe_motion_library.dir/RosWraprobotmodel/RosWrapRobotModel.cpp.o:RosWrapRobotModel.cpp:(.text+0x9d)Â : dÃ©fini pour la premiÃ¨re fois ici
CMakeFiles/ros_wrap_safe_motion_library.dir/RosWraptask/RosWrapMpcTask.cpp.oÂ : Dans la fonction Â«Â ComputeObstacleVertices(Eigen::Matrix<double, 3, 1, 0, 3, 1>, Eigen::Matrix<double, 3, 1, 0, 3, 1>)Â Â»Â :
RosWrapMpcTask.cpp:(.text+0x31c)Â : dÃ©finitions multiples de Â«Â ComputeObstacleVertices(Eigen::Matrix<double, 3, 1, 0, 3, 1>, Eigen::Matrix<double, 3, 1, 0, 3, 1>)Â Â»
CMakeFiles/ros_wrap_safe_motion_library.dir/RosWraprobotmodel/RosWrapRobotModel.cpp.o:RosWrapRobotModel.cpp:(.text+0x3b9)Â : dÃ©fini pour la premiÃ¨re fois ici
CMakeFiles/ros_wrap_safe_motion_library.dir/RosWraptask/RosWrapMpcTask.cpp.oÂ : Dans la fonction Â«Â msgToEigen(boost::shared_ptr<std_msgs::Float64MultiArray_<std::allocator<void> > const> const&)Â Â»Â :
RosWrapMpcTask.cpp:(.text+0xdc1)Â : dÃ©finitions multiples de Â«Â msgToEigen(boost::shared_ptr<std_msgs::Float64MultiArray_<std::allocator<void> > const> const&)Â Â»
CMakeFiles/ros_wrap_safe_motion_library.dir/RosWraprobotmodel/RosWrapRobotModel.cpp.o:RosWrapRobotModel.cpp:(.text+0xe5e)Â : dÃ©fini pour la premiÃ¨re fois ici
CMakeFiles/ros_wrap_safe_motion_library.dir/RosWrapsepPlane/RosWrapsepPlane.cpp.oÂ : Dans la fonction Â«Â readMatrix(char const*)Â Â»Â :
RosWrapsepPlane.cpp:(.text+0x9d)Â : dÃ©finitions multiples de Â«Â readMatrix(char const*)Â Â»
CMakeFiles/ros_wrap_safe_motion_library.dir/RosWraprobotmodel/RosWrapRobotModel.cpp.o:RosWrapRobotModel.cpp:(.text+0x9d)Â : dÃ©fini pour la premiÃ¨re fois ici
CMakeFiles/ros_wrap_safe_motion_library.dir/RosWrapsepPlane/RosWrapsepPlane.cpp.oÂ : Dans la fonction Â«Â ComputeObstacleVertices(Eigen::Matrix<double, 3, 1, 0, 3, 1>, Eigen::Matrix<double, 3, 1, 0, 3, 1>)Â Â»Â :
RosWrapsepPlane.cpp:(.text+0x3b9)Â : dÃ©finitions multiples de Â«Â ComputeObstacleVertices(Eigen::Matrix<double, 3, 1, 0, 3, 1>, Eigen::Matrix<double, 3, 1, 0, 3, 1>)Â Â»
CMakeFiles/ros_wrap_safe_motion_library.dir/RosWraprobotmodel/RosWrapRobotModel.cpp.o:RosWrapRobotModel.cpp:(.text+0x3b9)Â : dÃ©fini pour la premiÃ¨re fois ici
CMakeFiles/ros_wrap_safe_motion_library.dir/RosWrapsepPlane/RosWrapsepPlane.cpp.oÂ : Dans la fonction Â«Â msgToEigen(boost::shared_ptr<std_msgs::Float64MultiArray_<std::allocator<void> > const> const&)Â Â»Â :
RosWrapsepPlane.cpp:(.text+0xe5e)Â : dÃ©finitions multiples de Â«Â msgToEigen(boost::shared_ptr<std_msgs::Float64MultiArray_<std::allocator<void> > const> const&)Â Â»
CMakeFiles/ros_wrap_safe_motion_library.dir/RosWraprobotmodel/RosWrapRobotModel.cpp.o:RosWrapRobotModel.cpp:(.text+0xe5e)Â : dÃ©fini pour la premiÃ¨re fois ici
collect2: error: ld returned 1 exit status
make[2]: *** [/home/zheng/robot_ws_zheng/devel/.private/ros_wrap_safe_motion/lib/libros_wrap_safe_motion_library.so] Error 1
make[1]: *** [src/CMakeFiles/ros_wrap_safe_motion_library.dir/all] Error 2
make: *** [all] Error 2
