warning: Tag 'CLANG_ASSISTED_PARSING' at line 1026 of file '/home/zheng/robot_ws_zheng/build/ros_wrap_safe_motion/Doxyfile' belongs to an option that was not enabled at compile time.
         To avoid this warning please remove this line from your configuration file or upgrade it using "doxygen -u", or recompile doxygen with this feature enabled.
warning: Tag 'CLANG_OPTIONS' at line 1034 of file '/home/zheng/robot_ws_zheng/build/ros_wrap_safe_motion/Doxyfile' belongs to an option that was not enabled at compile time.
         To avoid this warning please remove this line from your configuration file or upgrade it using "doxygen -u", or recompile doxygen with this feature enabled.
warning: Tag 'PERL_PATH' at line 2117 of file '/home/zheng/robot_ws_zheng/build/ros_wrap_safe_motion/Doxyfile' has become obsolete.
         To avoid this warning please remove this line from your configuration file or upgrade it using "doxygen -u"
warning: Tag 'MSCGEN_PATH' at line 2139 of file '/home/zheng/robot_ws_zheng/build/ros_wrap_safe_motion/Doxyfile' has become obsolete.
         To avoid this warning please remove this line from your configuration file or upgrade it using "doxygen -u"
warning: ignoring unknown tag '2020' at line 2435, file /home/zheng/robot_ws_zheng/build/ros_wrap_safe_motion/Doxyfile
warning: ignoring unknown tag 'GitHub' at line 2435, file /home/zheng/robot_ws_zheng/build/ros_wrap_safe_motion/Doxyfile
warning: ignoring unknown tag 'Inc' at line 2435, file /home/zheng/robot_ws_zheng/build/ros_wrap_safe_motion/Doxyfile
warning: ignoring unknown tag 'Terms' at line 2436, file /home/zheng/robot_ws_zheng/build/ros_wrap_safe_motion/Doxyfile
warning: ignoring unknown tag 'Privacy' at line 2437, file /home/zheng/robot_ws_zheng/build/ros_wrap_safe_motion/Doxyfile
warning: ignoring unknown tag 'Security' at line 2438, file /home/zheng/robot_ws_zheng/build/ros_wrap_safe_motion/Doxyfile
warning: ignoring unknown tag 'Status' at line 2439, file /home/zheng/robot_ws_zheng/build/ros_wrap_safe_motion/Doxyfile
warning: ignoring unknown tag 'Help' at line 2440, file /home/zheng/robot_ws_zheng/build/ros_wrap_safe_motion/Doxyfile
warning: ignoring unknown tag 'Contact' at line 2442, file /home/zheng/robot_ws_zheng/build/ros_wrap_safe_motion/Doxyfile
warning: ignoring unknown tag 'GitHub' at line 2442, file /home/zheng/robot_ws_zheng/build/ros_wrap_safe_motion/Doxyfile
warning: ignoring unknown tag 'Pricing' at line 2443, file /home/zheng/robot_ws_zheng/build/ros_wrap_safe_motion/Doxyfile
warning: ignoring unknown tag 'API' at line 2444, file /home/zheng/robot_ws_zheng/build/ros_wrap_safe_motion/Doxyfile
warning: ignoring unknown tag 'Training' at line 2445, file /home/zheng/robot_ws_zheng/build/ros_wrap_safe_motion/Doxyfile
warning: ignoring unknown tag 'Blog' at line 2446, file /home/zheng/robot_ws_zheng/build/ros_wrap_safe_motion/Doxyfile
warning: ignoring unknown tag 'About' at line 2447, file /home/zheng/robot_ws_zheng/build/ros_wrap_safe_motion/Doxyfile
warning: tag INPUT: input source '/home/zheng/robot_ws_zheng/src/ros_wrap_safe_motion/impl/' does not exist
warning: tag INPUT: input source '/home/zheng/robot_ws_zheng/src/ros_wrap_safe_motion/samples/' does not exist
make[2]: ***  Aucune rÃ¨gle pour fabriquer la cible Â«Â /home/zheng/libtorch/lib/libtorch.soÂ Â», nÃ©cessaire pour Â«Â /home/zheng/robot_ws_zheng/devel/.private/ros_wrap_safe_motion/lib/ros_wrap_safe_motion/torch_testÂ Â». ArrÃªt.
make[2]: *** Attente des tÃ¢ches non terminÃ©es....
In file included from [01m[K/usr/include/c++/5/cstdint:38:0[m[K,
                 from [01m[K/home/zheng/libtorch/include/torch/csrc/autograd/edge.h:3[m[K,
                 from [01m[K/home/zheng/libtorch/include/torch/csrc/autograd/variable.h:6[m[K,
                 from [01m[K/home/zheng/libtorch/include/torch/csrc/autograd/generated/variable_factories.h:5[m[K,
                 from [01m[K/home/zheng/libtorch/include/torch/script.h:3[m[K,
                 from [01m[K/home/zheng/robot_ws_zheng/src/ros_wrap_safe_motion/examples/torch_test.cpp:1[m[K:
[01m[K/usr/include/x86_64-linux-gnu/c++/5/bits/c++config.h:218:27:[m[K [01;31m[Kerror: [m[K#if with no expression
[01m[K/usr/include/x86_64-linux-gnu/c++/5/bits/c++config.h:412:27:[m[K [01;31m[Kerror: [m[K#if with no expression
In file included from [01m[K/usr/include/c++/5/string:52:0[m[K,
                 from [01m[K/usr/include/c++/5/stdexcept:39[m[K,
                 from [01m[K/usr/include/c++/5/array:38[m[K,
                 from [01m[K/usr/include/c++/5/tuple:39[m[K,
                 from [01m[K/usr/include/c++/5/functional:55[m[K,
                 from [01m[K/home/zheng/libtorch/include/torch/csrc/autograd/edge.h:4[m[K,
                 from [01m[K/home/zheng/libtorch/include/torch/csrc/autograd/variable.h:6[m[K,
                 from [01m[K/home/zheng/libtorch/include/torch/csrc/autograd/generated/variable_factories.h:5[m[K,
                 from [01m[K/home/zheng/libtorch/include/torch/script.h:3[m[K,
                 from [01m[K/home/zheng/robot_ws_zheng/src/ros_wrap_safe_motion/examples/torch_test.cpp:1[m[K:
[01m[K/usr/include/c++/5/bits/basic_string.h:50:27:[m[K [01;31m[Kerror: [m[K#if with no expression
In file included from [01m[K/usr/include/c++/5/string:53:0[m[K,
                 from [01m[K/usr/include/c++/5/stdexcept:39[m[K,
                 from [01m[K/usr/include/c++/5/array:38[m[K,
                 from [01m[K/usr/include/c++/5/tuple:39[m[K,
                 from [01m[K/usr/include/c++/5/functional:55[m[K,
                 from [01m[K/home/zheng/libtorch/include/torch/csrc/autograd/edge.h:4[m[K,
                 from [01m[K/home/zheng/libtorch/include/torch/csrc/autograd/variable.h:6[m[K,
                 from [01m[K/home/zheng/libtorch/include/torch/csrc/autograd/generated/variable_factories.h:5[m[K,
                 from [01m[K/home/zheng/libtorch/include/torch/script.h:3[m[K,
                 from [01m[K/home/zheng/robot_ws_zheng/src/ros_wrap_safe_motion/examples/torch_test.cpp:1[m[K:
[01m[K/usr/include/c++/5/bits/basic_string.tcc:50:27:[m[K [01;31m[Kerror: [m[K#if with no expression
In file included from [01m[K/usr/include/c++/5/array:38:0[m[K,
                 from [01m[K/usr/include/c++/5/tuple:39[m[K,
                 from [01m[K/usr/include/c++/5/functional:55[m[K,
                 from [01m[K/home/zheng/libtorch/include/torch/csrc/autograd/edge.h:4[m[K,
                 from [01m[K/home/zheng/libtorch/include/torch/csrc/autograd/variable.h:6[m[K,
                 from [01m[K/home/zheng/libtorch/include/torch/csrc/autograd/generated/variable_factories.h:5[m[K,
                 from [01m[K/home/zheng/libtorch/include/torch/script.h:3[m[K,
                 from [01m[K/home/zheng/robot_ws_zheng/src/ros_wrap_safe_motion/examples/torch_test.cpp:1[m[K:
[01m[K/usr/include/c++/5/stdexcept:46:27:[m[K [01;31m[Kerror: [m[K#if with no expression
[01m[K/usr/include/c++/5/stdexcept:127:28:[m[K [01;31m[Kerror: [m[Koperator '||' has no left operand
 #if _GLIBCXX_USE_CXX11_ABI || _GLIBCXX_DEFINE_STDEXCEPT_COPY_OPS
[01;32m[K                            ^[m[K
[01m[K/usr/include/c++/5/stdexcept:206:28:[m[K [01;31m[Kerror: [m[Koperator '||' has no left operand
 #if _GLIBCXX_USE_CXX11_ABI || _GLIBCXX_DEFINE_STDEXCEPT_COPY_OPS
[01;32m[K                            ^[m[K
In file included from [01m[K/usr/include/c++/5/bits/ios_base.h:41:0[m[K,
                 from [01m[K/usr/include/c++/5/ios:42[m[K,
                 from [01m[K/usr/include/c++/5/istream:38[m[K,
                 from [01m[K/usr/include/c++/5/sstream:38[m[K,
                 from [01m[K/home/zheng/libtorch/include/ATen/core/Macros.h:3[m[K,
                 from [01m[K/home/zheng/libtorch/include/ATen/core/ATenGeneral.h:3[m[K,
                 from [01m[K/home/zheng/libtorch/include/ATen/ATen.h:3[m[K,
                 from [01m[K/home/zheng/libtorch/include/torch/csrc/autograd/variable.h:10[m[K,
                 from [01m[K/home/zheng/libtorch/include/torch/csrc/autograd/generated/variable_factories.h:5[m[K,
                 from [01m[K/home/zheng/libtorch/include/torch/script.h:3[m[K,
                 from [01m[K/home/zheng/robot_ws_zheng/src/ros_wrap_safe_motion/examples/torch_test.cpp:1[m[K:
[01m[K/usr/include/c++/5/bits/locale_classes.h:354:27:[m[K [01;31m[Kerror: [m[K#if with no expression
In file included from [01m[K/usr/include/c++/5/bits/ios_base.h:46:0[m[K,
                 from [01m[K/usr/include/c++/5/ios:42[m[K,
                 from [01m[K/usr/include/c++/5/istream:38[m[K,
                 from [01m[K/usr/include/c++/5/sstream:38[m[K,
                 from [01m[K/home/zheng/libtorch/include/ATen/core/Macros.h:3[m[K,
                 from [01m[K/home/zheng/libtorch/include/ATen/core/ATenGeneral.h:3[m[K,
                 from [01m[K/home/zheng/libtorch/include/ATen/ATen.h:3[m[K,
                 from [01m[K/home/zheng/libtorch/include/torch/csrc/autograd/variable.h:10[m[K,
                 from [01m[K/home/zheng/libtorch/include/torch/csrc/autograd/generated/variable_factories.h:5[m[K,
                 from [01m[K/home/zheng/libtorch/include/torch/script.h:3[m[K,
                 from [01m[K/home/zheng/robot_ws_zheng/src/ros_wrap_safe_motion/examples/torch_test.cpp:1[m[K:
[01m[K/usr/include/c++/5/system_error:83:27:[m[K [01;31m[Kerror: [m[K#if with no expression
In file included from [01m[K/usr/include/c++/5/ios:42:0[m[K,
                 from [01m[K/usr/include/c++/5/istream:38[m[K,
                 from [01m[K/usr/include/c++/5/sstream:38[m[K,
                 from [01m[K/home/zheng/libtorch/include/ATen/core/Macros.h:3[m[K,
                 from [01m[K/home/zheng/libtorch/include/ATen/core/ATenGeneral.h:3[m[K,
                 from [01m[K/home/zheng/libtorch/include/ATen/ATen.h:3[m[K,
                 from [01m[K/home/zheng/libtorch/include/torch/csrc/autograd/variable.h:10[m[K,
                 from [01m[K/home/zheng/libtorch/include/torch/csrc/autograd/generated/variable_factories.h:5[m[K,
                 from [01m[K/home/zheng/libtorch/include/torch/script.h:3[m[K,
                 from [01m[K/home/zheng/robot_ws_zheng/src/ros_wrap_safe_motion/examples/torch_test.cpp:1[m[K:
[01m[K/usr/include/c++/5/bits/ios_base.h:230:27:[m[K [01;31m[Kerror: [m[K#if with no expression
[01m[K/usr/include/c++/5/bits/ios_base.h:254:27:[m[K [01;31m[Kerror: [m[K#if with no expression
In file included from [01m[K/home/zheng/libtorch/include/ATen/core/Macros.h:3:0[m[K,
                 from [01m[K/home/zheng/libtorch/include/ATen/core/ATenGeneral.h:3[m[K,
                 from [01m[K/home/zheng/libtorch/include/ATen/ATen.h:3[m[K,
                 from [01m[K/home/zheng/libtorch/include/torch/csrc/autograd/variable.h:10[m[K,
                 from [01m[K/home/zheng/libtorch/include/torch/csrc/autograd/generated/variable_factories.h:5[m[K,
                 from [01m[K/home/zheng/libtorch/include/torch/script.h:3[m[K,
                 from [01m[K/home/zheng/robot_ws_zheng/src/ros_wrap_safe_motion/examples/torch_test.cpp:1[m[K:
[01m[K/usr/include/c++/5/sstream:297:27:[m[K [01;31m[Kerror: [m[K#if with no expression
In file included from [01m[K/usr/include/c++/5/sstream:826:0[m[K,
                 from [01m[K/home/zheng/libtorch/include/ATen/core/Macros.h:3[m[K,
                 from [01m[K/home/zheng/libtorch/include/ATen/core/ATenGeneral.h:3[m[K,
                 from [01m[K/home/zheng/libtorch/include/ATen/ATen.h:3[m[K,
                 from [01m[K/home/zheng/libtorch/include/torch/csrc/autograd/variable.h:10[m[K,
                 from [01m[K/home/zheng/libtorch/include/torch/csrc/autograd/generated/variable_factories.h:5[m[K,
                 from [01m[K/home/zheng/libtorch/include/torch/script.h:3[m[K,
                 from [01m[K/home/zheng/robot_ws_zheng/src/ros_wrap_safe_motion/examples/torch_test.cpp:1[m[K:
[01m[K/usr/include/c++/5/bits/sstream.tcc:92:27:[m[K [01;31m[Kerror: [m[K#if with no expression
warning: source /home/zheng/robot_ws_zheng/src/ros_wrap_safe_motion/impl is not a readable file or directory... skipping.
warning: source /home/zheng/robot_ws_zheng/src/ros_wrap_safe_motion/samples is not a readable file or directory... skipping.
In file included from [01m[K/usr/include/c++/5/locale:41:0[m[K,
                 from [01m[K/usr/include/c++/5/iomanip:43[m[K,
                 from [01m[K/home/zheng/libtorch/include/caffe2/core/logging_is_not_google_glog.h:7[m[K,
                 from [01m[K/home/zheng/libtorch/include/caffe2/core/logging.h:27[m[K,
                 from [01m[K/home/zheng/libtorch/include/caffe2/core/allocator.h:7[m[K,
                 from [01m[K/home/zheng/libtorch/include/ATen/core/TensorImpl.h:14[m[K,
                 from [01m[K/home/zheng/libtorch/include/ATen/core/Tensor.h:10[m[K,
                 from [01m[K/home/zheng/libtorch/include/ATen/core/Type.h:608[m[K,
                 from [01m[K/home/zheng/libtorch/include/ATen/Type.h:2[m[K,
                 from [01m[K/home/zheng/libtorch/include/ATen/Context.h:7[m[K,
                 from [01m[K/home/zheng/libtorch/include/ATen/ATen.h:7[m[K,
                 from [01m[K/home/zheng/libtorch/include/torch/csrc/autograd/variable.h:10[m[K,
                 from [01m[K/home/zheng/libtorch/include/torch/csrc/autograd/generated/variable_factories.h:5[m[K,
                 from [01m[K/home/zheng/libtorch/include/torch/script.h:3[m[K,
                 from [01m[K/home/zheng/robot_ws_zheng/src/ros_wrap_safe_motion/examples/torch_test.cpp:1[m[K:
[01m[K/usr/include/c++/5/bits/locale_facets_nonio.h:719:27:[m[K [01;31m[Kerror: [m[K#if with no expression
[01m[K/usr/include/c++/5/bits/locale_facets_nonio.h:1567:33:[m[K [01;31m[Kerror: [m[Koperator '&&' has no right operand
       && _GLIBCXX_USE_CXX11_ABI == 0
[01;32m[K                                 ^[m[K
[01m[K/usr/include/c++/5/bits/locale_facets_nonio.h:1590:33:[m[K [01;31m[Kerror: [m[Koperator '&&' has no right operand
       && _GLIBCXX_USE_CXX11_ABI == 0
[01;32m[K                                 ^[m[K
[01m[K/usr/include/c++/5/bits/locale_facets_nonio.h:1712:33:[m[K [01;31m[Kerror: [m[Koperator '&&' has no right operand
       && _GLIBCXX_USE_CXX11_ABI == 0
[01;32m[K                                 ^[m[K
[01m[K/usr/include/c++/5/bits/locale_facets_nonio.h:1747:33:[m[K [01;31m[Kerror: [m[Koperator '&&' has no right operand
       && _GLIBCXX_USE_CXX11_ABI == 0
[01;32m[K                                 ^[m[K
In file included from [01m[K/usr/include/c++/5/bits/locale_facets_nonio.h:2013:0[m[K,
                 from [01m[K/usr/include/c++/5/locale:41[m[K,
                 from [01m[K/usr/include/c++/5/iomanip:43[m[K,
                 from [01m[K/home/zheng/libtorch/include/caffe2/core/logging_is_not_google_glog.h:7[m[K,
                 from [01m[K/home/zheng/libtorch/include/caffe2/core/logging.h:27[m[K,
                 from [01m[K/home/zheng/libtorch/include/caffe2/core/allocator.h:7[m[K,
                 from [01m[K/home/zheng/libtorch/include/ATen/core/TensorImpl.h:14[m[K,
                 from [01m[K/home/zheng/libtorch/include/ATen/core/Tensor.h:10[m[K,
                 from [01m[K/home/zheng/libtorch/include/ATen/core/Type.h:608[m[K,
                 from [01m[K/home/zheng/libtorch/include/ATen/Type.h:2[m[K,
                 from [01m[K/home/zheng/libtorch/include/ATen/Context.h:7[m[K,
                 from [01m[K/home/zheng/libtorch/include/ATen/ATen.h:7[m[K,
                 from [01m[K/home/zheng/libtorch/include/torch/csrc/autograd/variable.h:10[m[K,
                 from [01m[K/home/zheng/libtorch/include/torch/csrc/autograd/generated/variable_factories.h:5[m[K,
                 from [01m[K/home/zheng/libtorch/include/torch/script.h:3[m[K,
                 from [01m[K/home/zheng/robot_ws_zheng/src/ros_wrap_safe_motion/examples/torch_test.cpp:1[m[K:
[01m[K/usr/include/c++/5/bits/locale_facets_nonio.tcc:352:33:[m[K [01;31m[Kerror: [m[Koperator '&&' has no right operand
       && _GLIBCXX_USE_CXX11_ABI == 0
[01;32m[K                                 ^[m[K
[01m[K/usr/include/c++/5/bits/locale_facets_nonio.tcc:564:33:[m[K [01;31m[Kerror: [m[Koperator '&&' has no right operand
       && _GLIBCXX_USE_CXX11_ABI == 0
[01;32m[K                                 ^[m[K
In file included from [01m[K/usr/include/c++/5/list:63:0[m[K,
                 from [01m[K/home/zheng/libtorch/include/torch/csrc/autograd/variable.h:13[m[K,
                 from [01m[K/home/zheng/libtorch/include/torch/csrc/autograd/generated/variable_factories.h:5[m[K,
                 from [01m[K/home/zheng/libtorch/include/torch/script.h:3[m[K,
                 from [01m[K/home/zheng/robot_ws_zheng/src/ros_wrap_safe_motion/examples/torch_test.cpp:1[m[K:
[01m[K/usr/include/c++/5/bits/stl_list.h:335:27:[m[K [01;31m[Kerror: [m[K#if with no expression
[01m[K/usr/include/c++/5/bits/stl_list.h:358:27:[m[K [01;31m[Kerror: [m[K#if with no expression
/home/zheng/robot_ws_zheng/src/ros_wrap_safe_motion/src/RosWraprobotmodel/RosWrapchainjnttojacdotsolver.cpp:35: warning: no matching class member found for 
  int KDL::ChainJntToJacDotSolver::JntToJacDot(const JntArrayVel &q_in, Twist &jac_dot_q_dot, int seg_nr)
Possible candidates:
  'virtual int KDL::ChainJntToJacDotSolver::JntToJacDot(const KDL::JntArrayVel &q_in, KDL::Twist &jac_dot_q_dot, int seg_nr=-1)'
  'virtual int KDL::ChainJntToJacDotSolver::JntToJacDot(const KDL::JntArrayVel &q_in, KDL::Jacobian &jdot, int seg_nr=-1)'

/home/zheng/robot_ws_zheng/src/ros_wrap_safe_motion/src/RosWraprobotmodel/RosWrapchainjnttojacdotsolver.cpp:42: warning: no matching class member found for 
  int KDL::ChainJntToJacDotSolver::JntToJacDot(const JntArrayVel &q_in, Jacobian &jdot, int seg_nr)
Possible candidates:
  'virtual int KDL::ChainJntToJacDotSolver::JntToJacDot(const KDL::JntArrayVel &q_in, KDL::Twist &jac_dot_q_dot, int seg_nr=-1)'
  'virtual int KDL::ChainJntToJacDotSolver::JntToJacDot(const KDL::JntArrayVel &q_in, KDL::Jacobian &jdot, int seg_nr=-1)'

/home/zheng/robot_ws_zheng/src/ros_wrap_safe_motion/include/RosWraprobotmodel/RosWrapchainjnttojacdotsolver.h:107: warning: @copybrief or @copydoc target 'KDL::SolverI::strError()' not found
/home/zheng/robot_ws_zheng/src/ros_wrap_safe_motion/include/RosWraprobotmodel/RosWrapRobotModel.h:108: warning: argument 'kdl_segment' of command @param is not found in the argument list of arm_kinematic::getSegment(unsigned int segment)
/home/zheng/robot_ws_zheng/src/ros_wrap_safe_motion/include/RosWraprobotmodel/RosWrapRobotModel.h:137: warning: argument 'kdl_frame' of command @param is not found in the argument list of arm_kinematic::getSegmentPosition(const std::string &segment_name)
/home/zheng/robot_ws_zheng/src/ros_wrap_safe_motion/include/RosWraprobotmodel/RosWrapRobotModel.h:127: warning: argument 'kdl_frame' of command @param is not found in the argument list of arm_kinematic::getSegmentPosition(unsigned int segment)
/home/zheng/robot_ws_zheng/src/ros_wrap_safe_motion/include/RosWraprobotmodel/RosWrapRobotModel.h:273: warning: argument 'qd_des' of command @param is not found in the argument list of arm_kinematic::setJointVelocities(const Eigen::VectorXd &qd)
/home/zheng/robot_ws_zheng/src/ros_wrap_safe_motion/include/RosWraprobotmodel/RosWrapRobotModel.h:277: warning: The following parameter of arm_kinematic::setJointVelocities(const Eigen::VectorXd &qd) is not documented:
  parameter 'qd'
/home/zheng/robot_ws_zheng/src/ros_wrap_safe_motion/include/RosWraprobotmodel/RosWrapRobotModel.h:396: warning: argument 'Ros' of command @param is not found in the argument list of arm_kinematic::subscriberCallback(const sensor_msgs::JointState &jntState)
/home/zheng/robot_ws_zheng/src/ros_wrap_safe_motion/include/RosWraprobotmodel/RosWrapRobotModel.h:400: warning: The following parameter of arm_kinematic::subscriberCallback(const sensor_msgs::JointState &jntState) is not documented:
  parameter 'jntState'
/home/zheng/robot_ws_zheng/src/ros_wrap_safe_motion/include/RosWrapconstraint/RosWrapGenericCst.h:35: warning: The following parameters of GenericCst::GenericCst(int ndof, int N, double dt, std::string name, Eigen::MatrixXd Px, Eigen::MatrixXd Pu) are not documented:
  parameter 'name'
  parameter 'Px'
  parameter 'Pu'
/home/zheng/robot_ws_zheng/src/ros_wrap_safe_motion/include/RosWrapconstraint/RosWrapGenericCst.h:39: warning: argument 'Px' of command @param is not found in the argument list of GenericCst::setLowerBound(const Eigen::VectorXd &robot_state)
/home/zheng/robot_ws_zheng/src/ros_wrap_safe_motion/include/RosWrapconstraint/RosWrapGenericCst.h:48: warning: argument 'Px' of command @param is not found in the argument list of GenericCst::setUpperBound(const Eigen::VectorXd &robot_state)
/home/zheng/robot_ws_zheng/src/ros_wrap_safe_motion/include/RosWrapconstraint/RosWrapGenericCst.h:61: warning: argument 'Px' of command @param is not found in the argument list of GenericCst::update(const Eigen::VectorXd &robot_state)
/home/zheng/robot_ws_zheng/src/ros_wrap_safe_motion/include/RosWrapconstraint/RosWrapGenericCst.h:61: warning: argument 'Pu' of command @param is not found in the argument list of GenericCst::update(const Eigen::VectorXd &robot_state)
/home/zheng/robot_ws_zheng/src/ros_wrap_safe_motion/include/RosWrapperception/RosWrapHumanMotion.h:108: warning: argument '4x4' of command @param is not found in the argument list of HumanMotion::Adjoint(const Eigen::MatrixXd &T)
/home/zheng/robot_ws_zheng/src/ros_wrap_safe_motion/include/RosWrapperception/RosWrapHumanMotion.h:115: warning: The following parameter of HumanMotion::Adjoint(const Eigen::MatrixXd &T) is not documented:
  parameter 'T'
/home/zheng/robot_ws_zheng/src/ros_wrap_safe_motion/include/RosWrapperception/RosWrapHumanMotion.h:51: warning: argument 'Exponential' of command @param is not found in the argument list of HumanMotion::AxisAng3(const Eigen::Vector3d &expc3)
/home/zheng/robot_ws_zheng/src/ros_wrap_safe_motion/include/RosWrapperception/RosWrapHumanMotion.h:58: warning: The following parameter of HumanMotion::AxisAng3(const Eigen::Vector3d &expc3) is not documented:
  parameter 'expc3'
/home/zheng/robot_ws_zheng/src/ros_wrap_safe_motion/include/RosWrapperception/RosWrapHumanMotion.h:140: warning: argument 'Home' of command @param is not found in the argument list of HumanMotion::FKinSpace(const Eigen::MatrixXd &M, const Eigen::MatrixXd &Slist, const Eigen::VectorXd &thetaList)
/home/zheng/robot_ws_zheng/src/ros_wrap_safe_motion/include/RosWrapperception/RosWrapHumanMotion.h:151: warning: The following parameters of HumanMotion::FKinSpace(const Eigen::MatrixXd &M, const Eigen::MatrixXd &Slist, const Eigen::VectorXd &thetaList) are not documented:
  parameter 'M'
  parameter 'Slist'
  parameter 'thetaList'
/home/zheng/robot_ws_zheng/src/ros_wrap_safe_motion/include/RosWrapperception/RosWrapHumanMotion.h:61: warning: argument 'exponenential' of command @param is not found in the argument list of HumanMotion::MatrixExp3(const Eigen::Matrix3d &so3mat)
/home/zheng/robot_ws_zheng/src/ros_wrap_safe_motion/include/RosWrapperception/RosWrapHumanMotion.h:67: warning: The following parameter of HumanMotion::MatrixExp3(const Eigen::Matrix3d &so3mat) is not documented:
  parameter 'so3mat'
/home/zheng/robot_ws_zheng/src/ros_wrap_safe_motion/include/RosWrapperception/RosWrapHumanMotion.h:123: warning: argument 'se3' of command @param is not found in the argument list of HumanMotion::MatrixExp6(const Eigen::MatrixXd &se3mat)
/home/zheng/robot_ws_zheng/src/ros_wrap_safe_motion/include/RosWrapperception/RosWrapHumanMotion.h:129: warning: The following parameter of HumanMotion::MatrixExp6(const Eigen::MatrixXd &se3mat) is not documented:
  parameter 'se3mat'
/home/zheng/robot_ws_zheng/src/ros_wrap_safe_motion/include/RosWrapperception/RosWrapHumanMotion.h:69: warning: argument 'Rotation' of command @param is not found in the argument list of HumanMotion::MatrixLog3(const Eigen::Matrix3d &R)
/home/zheng/robot_ws_zheng/src/ros_wrap_safe_motion/include/RosWrapperception/RosWrapHumanMotion.h:75: warning: The following parameter of HumanMotion::MatrixLog3(const Eigen::Matrix3d &R) is not documented:
  parameter 'R'
/home/zheng/robot_ws_zheng/src/ros_wrap_safe_motion/include/RosWrapperception/RosWrapHumanMotion.h:100: warning: argument 'spatial' of command @param is not found in the argument list of HumanMotion::se3ToVec(const Eigen::MatrixXd &T)
/home/zheng/robot_ws_zheng/src/ros_wrap_safe_motion/include/RosWrapperception/RosWrapHumanMotion.h:106: warning: The following parameter of HumanMotion::se3ToVec(const Eigen::MatrixXd &T) is not documented:
  parameter 'T'
/home/zheng/robot_ws_zheng/src/ros_wrap_safe_motion/include/RosWrapperception/RosWrapHumanMotion.h:91: warning: argument 'spatial' of command @param is not found in the argument list of HumanMotion::VecTose3(const Eigen::VectorXd &V)
/home/zheng/robot_ws_zheng/src/ros_wrap_safe_motion/include/RosWrapperception/RosWrapHumanMotion.h:97: warning: The following parameter of HumanMotion::VecTose3(const Eigen::VectorXd &V) is not documented:
  parameter 'V'
/home/zheng/robot_ws_zheng/src/ros_wrap_safe_motion/include/RosWrapperception/RosWrapHumanMotion.h:26: warning: argument 'angular' of command @param is not found in the argument list of HumanMotion::VecToso3(const Eigen::Vector3d &omega)
/home/zheng/robot_ws_zheng/src/ros_wrap_safe_motion/include/RosWrapperception/RosWrapHumanMotion.h:32: warning: The following parameter of HumanMotion::VecToso3(const Eigen::Vector3d &omega) is not documented:
  parameter 'omega'
/home/zheng/robot_ws_zheng/src/ros_wrap_safe_motion/include/RosWrapconstraint/RosWrapJointPosCst.h:26: warning: argument 'Px' of command @param is not found in the argument list of JntPosCst::setLowerBound(const Eigen::VectorXd &robot_state) inherited from member setLowerBound at line 39 in file /home/zheng/robot_ws_zheng/src/ros_wrap_safe_motion/include/RosWrapconstraint/RosWrapGenericCst.h
/home/zheng/robot_ws_zheng/src/ros_wrap_safe_motion/include/RosWrapconstraint/RosWrapJointPosCst.h:28: warning: argument 'Px' of command @param is not found in the argument list of JntPosCst::setUpperBound(const Eigen::VectorXd &robot_state) inherited from member setUpperBound at line 48 in file /home/zheng/robot_ws_zheng/src/ros_wrap_safe_motion/include/RosWrapconstraint/RosWrapGenericCst.h
/home/zheng/robot_ws_zheng/src/ros_wrap_safe_motion/include/RosWrapconstraint/RosWrapJointPosCst.h:32: warning: argument 'Px' of command @param is not found in the argument list of JntPosCst::update(const Eigen::VectorXd &robot_state) inherited from member update at line 61 in file /home/zheng/robot_ws_zheng/src/ros_wrap_safe_motion/include/RosWrapconstraint/RosWrapGenericCst.h
/home/zheng/robot_ws_zheng/src/ros_wrap_safe_motion/include/RosWrapconstraint/RosWrapJointPosCst.h:32: warning: argument 'Pu' of command @param is not found in the argument list of JntPosCst::update(const Eigen::VectorXd &robot_state) inherited from member update at line 61 in file /home/zheng/robot_ws_zheng/src/ros_wrap_safe_motion/include/RosWrapconstraint/RosWrapGenericCst.h
/home/zheng/robot_ws_zheng/src/ros_wrap_safe_motion/include/RosWrapconstraint/RosWrapJointVelCst.h:23: warning: argument 'Px' of command @param is not found in the argument list of JntVelCst::setLowerBound(const Eigen::VectorXd &robot_state) inherited from member setLowerBound at line 39 in file /home/zheng/robot_ws_zheng/src/ros_wrap_safe_motion/include/RosWrapconstraint/RosWrapGenericCst.h
/home/zheng/robot_ws_zheng/src/ros_wrap_safe_motion/include/RosWrapconstraint/RosWrapJointVelCst.h:24: warning: argument 'Px' of command @param is not found in the argument list of JntVelCst::setUpperBound(const Eigen::VectorXd &robot_state) inherited from member setUpperBound at line 48 in file /home/zheng/robot_ws_zheng/src/ros_wrap_safe_motion/include/RosWrapconstraint/RosWrapGenericCst.h
/home/zheng/robot_ws_zheng/src/ros_wrap_safe_motion/include/RosWrapconstraint/RosWrapJointVelCst.h:26: warning: argument 'Px' of command @param is not found in the argument list of JntVelCst::update(const Eigen::VectorXd &robot_state) inherited from member update at line 61 in file /home/zheng/robot_ws_zheng/src/ros_wrap_safe_motion/include/RosWrapconstraint/RosWrapGenericCst.h
/home/zheng/robot_ws_zheng/src/ros_wrap_safe_motion/include/RosWrapconstraint/RosWrapJointVelCst.h:26: warning: argument 'Pu' of command @param is not found in the argument list of JntVelCst::update(const Eigen::VectorXd &robot_state) inherited from member update at line 61 in file /home/zheng/robot_ws_zheng/src/ros_wrap_safe_motion/include/RosWrapconstraint/RosWrapGenericCst.h
/home/zheng/robot_ws_zheng/src/ros_wrap_safe_motion/include/RosWraprobotmodel/RosWrapchainjnttojacdotsolver.h:107: warning: @copybrief or @copydoc target 'KDL::SolverI::strError()' not found
/home/zheng/robot_ws_zheng/src/ros_wrap_safe_motion/include/RosWraprobotmodel/RosWrapchainjnttojacdotsolver.h:143: warning: argument 'bs_J_bs' of command @param is not found in the argument list of KDL::ChainJntToJacDotSolver::getPartialDerivative(const Jacobian &J, const unsigned int &joint_idx, const unsigned int &column_idx, const int &representation)
/home/zheng/robot_ws_zheng/src/ros_wrap_safe_motion/include/RosWraprobotmodel/RosWrapchainjnttojacdotsolver.h:152: warning: The following parameter of KDL::ChainJntToJacDotSolver::getPartialDerivative(const Jacobian &J, const unsigned int &joint_idx, const unsigned int &column_idx, const int &representation) is not documented:
  parameter 'J'
/home/zheng/robot_ws_zheng/src/ros_wrap_safe_motion/include/RosWraprobotmodel/RosWrapchainjnttojacdotsolver.h:121: warning: argument 'bs_J_ee' of command @param is not found in the argument list of KDL::ChainJntToJacDotSolver::getPartialDerivativeBodyFixed(const Jacobian &ee_J_ee, const unsigned int &joint_idx, const unsigned int &column_idx)
/home/zheng/robot_ws_zheng/src/ros_wrap_safe_motion/include/RosWraprobotmodel/RosWrapchainjnttojacdotsolver.h:129: warning: The following parameter of KDL::ChainJntToJacDotSolver::getPartialDerivativeBodyFixed(const Jacobian &ee_J_ee, const unsigned int &joint_idx, const unsigned int &column_idx) is not documented:
  parameter 'ee_J_ee'
/home/zheng/robot_ws_zheng/src/ros_wrap_safe_motion/include/RosWraprobotmodel/RosWrapchainjnttojacdotsolver.h:132: warning: argument 'ee_J_ee' of command @param is not found in the argument list of KDL::ChainJntToJacDotSolver::getPartialDerivativeInertial(const Jacobian &bs_J_bs, const unsigned int &joint_idx, const unsigned int &column_idx)
/home/zheng/robot_ws_zheng/src/ros_wrap_safe_motion/include/RosWraprobotmodel/RosWrapchainjnttojacdotsolver.h:140: warning: The following parameter of KDL::ChainJntToJacDotSolver::getPartialDerivativeInertial(const Jacobian &bs_J_bs, const unsigned int &joint_idx, const unsigned int &column_idx) is not documented:
  parameter 'bs_J_bs'
/home/zheng/robot_ws_zheng/src/ros_wrap_safe_motion/include/RosWraprobotmodel/RosWrapchainjnttojacdotsolver.h:107: warning: @copybrief or @copydoc target 'KDL::SolverI::strError()' not found
/home/zheng/robot_ws_zheng/src/ros_wrap_safe_motion/include/RosWraprobotmodel/RosWrapchainjnttojacdotsolver.h:107: warning: @copydetails or @copydoc target 'KDL::SolverI::strError()' not found
[01m[K/home/zheng/robot_ws_zheng/src/ros_wrap_safe_motion/examples/torch_test.cpp:[m[K In function â€˜[01m[Kint main(int, const char**)[m[Kâ€™:
[01m[K/home/zheng/robot_ws_zheng/src/ros_wrap_safe_motion/examples/torch_test.cpp:20:55:[m[K [01;31m[Kerror: [m[Kconversion from â€˜[01m[Kstd::shared_ptr<torch::jit::script::Module>[m[Kâ€™ to non-scalar type â€˜[01m[Ktorch::jit::script::Module[m[Kâ€™ requested
   torch::jit::script::Module module = torch::jit::load("/home/zheng/Bureau/model.pt");
[01;32m[K                                                       ^[m[K
make[2]: *** [examples/CMakeFiles/torch_test.dir/torch_test.cpp.o] Error 1
make[1]: *** [examples/CMakeFiles/torch_test.dir/all] Error 2
make: *** [all] Error 2
