warning: Tag 'CLANG_ASSISTED_PARSING' at line 1026 of file '/home/zheng/robot_ws_zheng/build/ros_wrap_safe_motion/Doxyfile' belongs to an option that was not enabled at compile time.
         To avoid this warning please remove this line from your configuration file or upgrade it using "doxygen -u", or recompile doxygen with this feature enabled.
warning: Tag 'CLANG_OPTIONS' at line 1034 of file '/home/zheng/robot_ws_zheng/build/ros_wrap_safe_motion/Doxyfile' belongs to an option that was not enabled at compile time.
         To avoid this warning please remove this line from your configuration file or upgrade it using "doxygen -u", or recompile doxygen with this feature enabled.
warning: Tag 'PERL_PATH' at line 2117 of file '/home/zheng/robot_ws_zheng/build/ros_wrap_safe_motion/Doxyfile' has become obsolete.
         To avoid this warning please remove this line from your configuration file or upgrade it using "doxygen -u"
warning: Tag 'MSCGEN_PATH' at line 2139 of file '/home/zheng/robot_ws_zheng/build/ros_wrap_safe_motion/Doxyfile' has become obsolete.
         To avoid this warning please remove this line from your configuration file or upgrade it using "doxygen -u"
warning: ignoring unknown tag '2020' at line 2435, file /home/zheng/robot_ws_zheng/build/ros_wrap_safe_motion/Doxyfile
warning: ignoring unknown tag 'GitHub' at line 2435, file /home/zheng/robot_ws_zheng/build/ros_wrap_safe_motion/Doxyfile
warning: ignoring unknown tag 'Inc' at line 2435, file /home/zheng/robot_ws_zheng/build/ros_wrap_safe_motion/Doxyfile
warning: ignoring unknown tag 'Terms' at line 2436, file /home/zheng/robot_ws_zheng/build/ros_wrap_safe_motion/Doxyfile
warning: ignoring unknown tag 'Privacy' at line 2437, file /home/zheng/robot_ws_zheng/build/ros_wrap_safe_motion/Doxyfile
warning: ignoring unknown tag 'Security' at line 2438, file /home/zheng/robot_ws_zheng/build/ros_wrap_safe_motion/Doxyfile
warning: ignoring unknown tag 'Status' at line 2439, file /home/zheng/robot_ws_zheng/build/ros_wrap_safe_motion/Doxyfile
warning: ignoring unknown tag 'Help' at line 2440, file /home/zheng/robot_ws_zheng/build/ros_wrap_safe_motion/Doxyfile
warning: ignoring unknown tag 'Contact' at line 2442, file /home/zheng/robot_ws_zheng/build/ros_wrap_safe_motion/Doxyfile
warning: ignoring unknown tag 'GitHub' at line 2442, file /home/zheng/robot_ws_zheng/build/ros_wrap_safe_motion/Doxyfile
warning: ignoring unknown tag 'Pricing' at line 2443, file /home/zheng/robot_ws_zheng/build/ros_wrap_safe_motion/Doxyfile
warning: ignoring unknown tag 'API' at line 2444, file /home/zheng/robot_ws_zheng/build/ros_wrap_safe_motion/Doxyfile
warning: ignoring unknown tag 'Training' at line 2445, file /home/zheng/robot_ws_zheng/build/ros_wrap_safe_motion/Doxyfile
warning: ignoring unknown tag 'Blog' at line 2446, file /home/zheng/robot_ws_zheng/build/ros_wrap_safe_motion/Doxyfile
warning: ignoring unknown tag 'About' at line 2447, file /home/zheng/robot_ws_zheng/build/ros_wrap_safe_motion/Doxyfile
warning: tag INPUT: input source '/home/zheng/robot_ws_zheng/src/ros_wrap_safe_motion/README.md' does not exist
warning: tag INPUT: input source '/home/zheng/robot_ws_zheng/src/ros_wrap_safe_motion/impl/' does not exist
warning: tag INPUT: input source '/home/zheng/robot_ws_zheng/src/ros_wrap_safe_motion/samples/' does not exist
warning: source /home/zheng/robot_ws_zheng/src/ros_wrap_safe_motion/README.md is not a readable file or directory... skipping.
[01m[K/home/zheng/robot_ws_zheng/src/ros_wrap_safe_motion/examples/movingobstacleavoidance.cpp:4:17:[m[K [01;31m[Kerror: [m[Kâ€˜[01m[KqpOASES[m[Kâ€™ is not a namespace-name
 using namespace qpOASES;
[01;32m[K                 ^[m[K
[01m[K/home/zheng/robot_ws_zheng/src/ros_wrap_safe_motion/examples/movingobstacleavoidance.cpp:4:24:[m[K [01;31m[Kerror: [m[Kexpected namespace-name before â€˜[01m[K;[m[Kâ€™ token
 using namespace qpOASES;
[01;32m[K                        ^[m[K
[01m[K/home/zheng/robot_ws_zheng/src/ros_wrap_safe_motion/examples/movingobstacleavoidance.cpp:5:18:[m[K [01;31m[Kerror: [m[Kâ€˜[01m[Kplane[m[Kâ€™ is not a namespace-name
 using namespace  plane;
[01;32m[K                  ^[m[K
[01m[K/home/zheng/robot_ws_zheng/src/ros_wrap_safe_motion/examples/movingobstacleavoidance.cpp:5:23:[m[K [01;31m[Kerror: [m[Kexpected namespace-name before â€˜[01m[K;[m[Kâ€™ token
 using namespace  plane;
[01;32m[K                       ^[m[K
[01m[K/home/zheng/robot_ws_zheng/src/ros_wrap_safe_motion/examples/movingobstacleavoidance.cpp:[m[K In function â€˜[01m[Kint main(int, char**)[m[Kâ€™:
[01m[K/home/zheng/robot_ws_zheng/src/ros_wrap_safe_motion/examples/movingobstacleavoidance.cpp:15:5:[m[K [01;31m[Kerror: [m[Kâ€˜[01m[Kros[m[Kâ€™ has not been declared
     ros::init(argc,argv,"panda_safety_controller");
[01;32m[K     ^[m[K
[01m[K/home/zheng/robot_ws_zheng/src/ros_wrap_safe_motion/examples/movingobstacleavoidance.cpp:16:5:[m[K [01;31m[Kerror: [m[Kâ€˜[01m[Kros[m[Kâ€™ has not been declared
     ros::NodeHandle n;
[01;32m[K     ^[m[K
[01m[K/home/zheng/robot_ws_zheng/src/ros_wrap_safe_motion/examples/movingobstacleavoidance.cpp:20:16:[m[K [01;31m[Kerror: [m[Kâ€˜[01m[Kstring[m[Kâ€™ in namespace â€˜[01m[Kstd[m[Kâ€™ does not name a type
     const std::string& panda_urdf = "/home/zheng/robot_ws_zheng/src/franka_description/robots/panda_arm.urdf";
[01;32m[K                ^[m[K
[01m[K/home/zheng/robot_ws_zheng/src/ros_wrap_safe_motion/examples/movingobstacleavoidance.cpp:24:5:[m[K [01;31m[Kerror: [m[Kâ€˜[01m[KKDL[m[Kâ€™ has not been declared
     KDL::JntArray panda_q_init(ndof), panda_dotq_init(ndof),panda_q_des(ndof), panda_q_des_back(ndof);
[01;32m[K     ^[m[K
[01m[K/home/zheng/robot_ws_zheng/src/ros_wrap_safe_motion/examples/movingobstacleavoidance.cpp:27:5:[m[K [01;31m[Kerror: [m[Kâ€˜[01m[Kpanda_q_init[m[Kâ€™ was not declared in this scope
     panda_q_init.data << 1.11222,
[01;32m[K     ^[m[K
[01m[K/home/zheng/robot_ws_zheng/src/ros_wrap_safe_motion/examples/movingobstacleavoidance.cpp:36:5:[m[K [01;31m[Kerror: [m[Kâ€˜[01m[Kpanda_dotq_init[m[Kâ€™ was not declared in this scope
     panda_dotq_init.data << 0, 0, 0, 0, 0, 0, 0;
[01;32m[K     ^[m[K
[01m[K/home/zheng/robot_ws_zheng/src/ros_wrap_safe_motion/examples/movingobstacleavoidance.cpp:39:5:[m[K [01;31m[Kerror: [m[Kâ€˜[01m[Karm_kinematic[m[Kâ€™ was not declared in this scope
     arm_kinematic pandaArm(&n,panda_urdf, ndof,"panda_link0", "panda_link8");
[01;32m[K     ^[m[K
[01m[K/home/zheng/robot_ws_zheng/src/ros_wrap_safe_motion/examples/movingobstacleavoidance.cpp:41:5:[m[K [01;31m[Kerror: [m[Kâ€˜[01m[KpandaArm[m[Kâ€™ was not declared in this scope
     pandaArm.init(panda_q_init.data, panda_dotq_init.data, N);
[01;32m[K     ^[m[K
[01m[K/home/zheng/robot_ws_zheng/src/ros_wrap_safe_motion/examples/movingobstacleavoidance.cpp:44:5:[m[K [01;31m[Kerror: [m[Kâ€˜[01m[KKDL[m[Kâ€™ has not been declared
     KDL::Frame des_frame, back_des_frame, panda_ee_frame, panda_des_frame, panda_obs_frame;
[01;32m[K     ^[m[K
[01m[K/home/zheng/robot_ws_zheng/src/ros_wrap_safe_motion/examples/movingobstacleavoidance.cpp:45:5:[m[K [01;31m[Kerror: [m[Kâ€˜[01m[KKDL[m[Kâ€™ has not been declared
     KDL::Frame forearm, wrist, base_link;
[01;32m[K     ^[m[K
[01m[K/home/zheng/robot_ws_zheng/src/ros_wrap_safe_motion/examples/movingobstacleavoidance.cpp:46:5:[m[K [01;31m[Kerror: [m[Kâ€˜[01m[Kpanda_obs_frame[m[Kâ€™ was not declared in this scope
     panda_obs_frame = pandaArm.getSegmentPosition(7);
[01;32m[K     ^[m[K
[01m[K/home/zheng/robot_ws_zheng/src/ros_wrap_safe_motion/examples/movingobstacleavoidance.cpp:47:5:[m[K [01;31m[Kerror: [m[Kâ€˜[01m[Kpanda_ee_frame[m[Kâ€™ was not declared in this scope
     panda_ee_frame = pandaArm.getSegmentPosition(8);
[01;32m[K     ^[m[K
[01m[K/home/zheng/robot_ws_zheng/src/ros_wrap_safe_motion/examples/movingobstacleavoidance.cpp:48:5:[m[K [01;31m[Kerror: [m[Kâ€˜[01m[KEigen[m[Kâ€™ has not been declared
     Eigen::Vector3d ZYX_angle, panda_ZYX_angle;
[01;32m[K     ^[m[K
[01m[K/home/zheng/robot_ws_zheng/src/ros_wrap_safe_motion/examples/movingobstacleavoidance.cpp:49:46:[m[K [01;31m[Kerror: [m[Kâ€˜[01m[Kpanda_ZYX_angle[m[Kâ€™ was not declared in this scope
     panda_ee_frame.M.GetRPY(panda_ZYX_angle(0),panda_ZYX_angle(1),panda_ZYX_angle(2));
[01;32m[K                                              ^[m[K
[01m[K/home/zheng/robot_ws_zheng/src/ros_wrap_safe_motion/examples/movingobstacleavoidance.cpp:51:5:[m[K [01;31m[Kerror: [m[Kâ€˜[01m[Kforearm[m[Kâ€™ was not declared in this scope
     forearm = pandaArm.getSegmentPosition(3);
[01;32m[K     ^[m[K
[01m[K/home/zheng/robot_ws_zheng/src/ros_wrap_safe_motion/examples/movingobstacleavoidance.cpp:52:5:[m[K [01;31m[Kerror: [m[Kâ€˜[01m[Kwrist[m[Kâ€™ was not declared in this scope
     wrist = pandaArm.getSegmentPosition(6);
[01;32m[K     ^[m[K
[01m[K/home/zheng/robot_ws_zheng/src/ros_wrap_safe_motion/examples/movingobstacleavoidance.cpp:53:5:[m[K [01;31m[Kerror: [m[Kâ€˜[01m[Kbase_link[m[Kâ€™ was not declared in this scope
     base_link = pandaArm.getSegmentPosition(1);
[01;32m[K     ^[m[K
[01m[K/home/zheng/robot_ws_zheng/src/ros_wrap_safe_motion/examples/movingobstacleavoidance.cpp:59:5:[m[K [01;31m[Kerror: [m[Kâ€˜[01m[Kpanda_des_frame[m[Kâ€™ was not declared in this scope
     panda_des_frame.p[0] = 0.7;
[01;32m[K     ^[m[K
[01m[K/home/zheng/robot_ws_zheng/src/ros_wrap_safe_motion/examples/movingobstacleavoidance.cpp:66:32:[m[K [01;31m[Kerror: [m[Kâ€˜[01m[Kpi[m[Kâ€™ was not declared in this scope
     panda_des_frame.M.DoRotX(- pi);
[01;32m[K                                ^[m[K
[01m[K/home/zheng/robot_ws_zheng/src/ros_wrap_safe_motion/examples/movingobstacleavoidance.cpp:67:49:[m[K [01;31m[Kerror: [m[Kâ€˜[01m[Kpanda_q_des[m[Kâ€™ was not declared in this scope
     pandaArm.computeJntFromCart(panda_des_frame,panda_q_des);
[01;32m[K                                                 ^[m[K
[01m[K/home/zheng/robot_ws_zheng/src/ros_wrap_safe_motion/examples/movingobstacleavoidance.cpp:71:5:[m[K [01;31m[Kerror: [m[Kâ€˜[01m[Krviz_visual_tools[m[Kâ€™ has not been declared
     rviz_visual_tools::RvizVisualToolsPtr cubeObstacleMarkers, planeSeparation, goalPublisher;
[01;32m[K     ^[m[K
[01m[K/home/zheng/robot_ws_zheng/src/ros_wrap_safe_motion/examples/movingobstacleavoidance.cpp:72:5:[m[K [01;31m[Kerror: [m[Kâ€˜[01m[Krviz_visual_tools[m[Kâ€™ has not been declared
     rviz_visual_tools::colors color = rviz_visual_tools::RED;
[01;32m[K     ^[m[K
[01m[K/home/zheng/robot_ws_zheng/src/ros_wrap_safe_motion/examples/movingobstacleavoidance.cpp:73:5:[m[K [01;31m[Kerror: [m[Kâ€˜[01m[Krviz_visual_tools[m[Kâ€™ has not been declared
     rviz_visual_tools::colors color2 = rviz_visual_tools::BLACK;
[01;32m[K     ^[m[K
[01m[K/home/zheng/robot_ws_zheng/src/ros_wrap_safe_motion/examples/movingobstacleavoidance.cpp:74:5:[m[K [01;31m[Kerror: [m[Kâ€˜[01m[Krviz_visual_tools[m[Kâ€™ has not been declared
     rviz_visual_tools::colors colorPlane1 = rviz_visual_tools::TRANSLUCENT_DARK;
[01;32m[K     ^[m[K
[01m[K/home/zheng/robot_ws_zheng/src/ros_wrap_safe_motion/examples/movingobstacleavoidance.cpp:75:5:[m[K [01;31m[Kerror: [m[Kâ€˜[01m[Krviz_visual_tools[m[Kâ€™ has not been declared
     rviz_visual_tools::colors colorPlane2 = rviz_visual_tools::RED;
[01;32m[K     ^[m[K
[01m[K/home/zheng/robot_ws_zheng/src/ros_wrap_safe_motion/examples/movingobstacleavoidance.cpp:76:5:[m[K [01;31m[Kerror: [m[Kâ€˜[01m[Krviz_visual_tools[m[Kâ€™ has not been declared
     rviz_visual_tools::colors colorPlane3 = rviz_visual_tools::CYAN;
[01;32m[K     ^[m[K
[01m[K/home/zheng/robot_ws_zheng/src/ros_wrap_safe_motion/examples/movingobstacleavoidance.cpp:77:5:[m[K [01;31m[Kerror: [m[Kâ€˜[01m[Krviz_visual_tools[m[Kâ€™ has not been declared
     rviz_visual_tools::colors colorPlane4 = rviz_visual_tools::TRANSLUCENT_LIGHT;
[01;32m[K     ^[m[K
[01m[K/home/zheng/robot_ws_zheng/src/ros_wrap_safe_motion/examples/movingobstacleavoidance.cpp:78:5:[m[K [01;31m[Kerror: [m[Kâ€˜[01m[Krviz_visual_tools[m[Kâ€™ has not been declared
     rviz_visual_tools::colors colorGoal = rviz_visual_tools::GREEN;
[01;32m[K     ^[m[K
[01m[K/home/zheng/robot_ws_zheng/src/ros_wrap_safe_motion/examples/movingobstacleavoidance.cpp:79:5:[m[K [01;31m[Kerror: [m[Kâ€˜[01m[KEigen[m[Kâ€™ has not been declared
     Eigen::Vector3d Goal1, Goal2 ;
[01;32m[K     ^[m[K
[01m[K/home/zheng/robot_ws_zheng/src/ros_wrap_safe_motion/examples/movingobstacleavoidance.cpp:80:5:[m[K [01;31m[Kerror: [m[Kâ€˜[01m[KGoal1[m[Kâ€™ was not declared in this scope
     Goal1 <<  panda_des_frame.p[0], panda_des_frame.p[1], panda_des_frame.p[2];
[01;32m[K     ^[m[K
[01m[K/home/zheng/robot_ws_zheng/src/ros_wrap_safe_motion/examples/movingobstacleavoidance.cpp:83:5:[m[K [01;31m[Kerror: [m[Kâ€˜[01m[KGoal2[m[Kâ€™ was not declared in this scope
     Goal2 <<  panda_ee_frame.p.x(), panda_ee_frame.p.y(), panda_ee_frame.p.z();
[01;32m[K     ^[m[K
[01m[K/home/zheng/robot_ws_zheng/src/ros_wrap_safe_motion/examples/movingobstacleavoidance.cpp:88:5:[m[K [01;31m[Kerror: [m[Kâ€˜[01m[KEigen[m[Kâ€™ has not been declared
     Eigen::VectorXd optimalSolution;
[01;32m[K     ^[m[K
[01m[K/home/zheng/robot_ws_zheng/src/ros_wrap_safe_motion/examples/movingobstacleavoidance.cpp:91:5:[m[K [01;31m[Kerror: [m[Kâ€˜[01m[KEigen[m[Kâ€™ has not been declared
     Eigen::VectorXd pandaState, q_horizon, dotq_horizon;
[01;32m[K     ^[m[K
[01m[K/home/zheng/robot_ws_zheng/src/ros_wrap_safe_motion/examples/movingobstacleavoidance.cpp:93:5:[m[K [01;31m[Kerror: [m[Kâ€˜[01m[KMPC_Task[m[Kâ€™ was not declared in this scope
     MPC_Task pandaTask(N,1,0.001,ndof,dt, "panda");
[01;32m[K     ^[m[K
[01m[K/home/zheng/robot_ws_zheng/src/ros_wrap_safe_motion/examples/movingobstacleavoidance.cpp:94:16:[m[K [01;31m[Kerror: [m[Kâ€˜[01m[KpandaTask[m[Kâ€™ was not declared in this scope
     panda_ok = pandaTask.init();
[01;32m[K                ^[m[K
[01m[K/home/zheng/robot_ws_zheng/src/ros_wrap_safe_motion/examples/movingobstacleavoidance.cpp:97:5:[m[K [01;31m[Kerror: [m[Kâ€˜[01m[KEigen[m[Kâ€™ has not been declared
     Eigen::MatrixXd pandaPx, pandaPu, pandaPxdq, pandaPudq;
[01;32m[K     ^[m[K
[01m[K/home/zheng/robot_ws_zheng/src/ros_wrap_safe_motion/examples/movingobstacleavoidance.cpp:98:5:[m[K [01;31m[Kerror: [m[Kâ€˜[01m[KpandaPx[m[Kâ€™ was not declared in this scope
     pandaPx.resize(N*ndof,2*ndof);
[01;32m[K     ^[m[K
[01m[K/home/zheng/robot_ws_zheng/src/ros_wrap_safe_motion/examples/movingobstacleavoidance.cpp:99:5:[m[K [01;31m[Kerror: [m[Kâ€˜[01m[KpandaPu[m[Kâ€™ was not declared in this scope
     pandaPu.resize(N*ndof,N*ndof);
[01;32m[K     ^[m[K
[01m[K/home/zheng/robot_ws_zheng/src/ros_wrap_safe_motion/examples/movingobstacleavoidance.cpp:103:5:[m[K [01;31m[Kerror: [m[Kâ€˜[01m[KpandaPxdq[m[Kâ€™ was not declared in this scope
     pandaPxdq.resize(N*ndof,2*ndof);
[01;32m[K     ^[m[K
[01m[K/home/zheng/robot_ws_zheng/src/ros_wrap_safe_motion/examples/movingobstacleavoidance.cpp:104:5:[m[K [01;31m[Kerror: [m[Kâ€˜[01m[KpandaPudq[m[Kâ€™ was not declared in this scope
     pandaPudq.resize(N*ndof,N*ndof);
[01;32m[K     ^[m[K
[01m[K/home/zheng/robot_ws_zheng/src/ros_wrap_safe_motion/examples/movingobstacleavoidance.cpp:108:5:[m[K [01;31m[Kerror: [m[Kâ€˜[01m[KpandaState[m[Kâ€™ was not declared in this scope
     pandaState.resize(2*ndof);
[01;32m[K     ^[m[K
[01m[K/home/zheng/robot_ws_zheng/src/ros_wrap_safe_motion/examples/movingobstacleavoidance.cpp:111:5:[m[K [01;31m[Kerror: [m[Kâ€˜[01m[KoptimalSolution[m[Kâ€™ was not declared in this scope
     optimalSolution.resize(ndof*N);
[01;32m[K     ^[m[K
[01m[K/home/zheng/robot_ws_zheng/src/ros_wrap_safe_motion/examples/movingobstacleavoidance.cpp:116:5:[m[K [01;31m[Kerror: [m[Kâ€˜[01m[Kq_horizon[m[Kâ€™ was not declared in this scope
     q_horizon.resize(ndof*N);
[01;32m[K     ^[m[K
[01m[K/home/zheng/robot_ws_zheng/src/ros_wrap_safe_motion/examples/movingobstacleavoidance.cpp:117:5:[m[K [01;31m[Kerror: [m[Kâ€˜[01m[Kdotq_horizon[m[Kâ€™ was not declared in this scope
     dotq_horizon.resize(ndof*N);
[01;32m[K     ^[m[K
[01m[K/home/zheng/robot_ws_zheng/src/ros_wrap_safe_motion/examples/movingobstacleavoidance.cpp:119:5:[m[K [01;31m[Kerror: [m[Kâ€˜[01m[KEigen[m[Kâ€™ has not been declared
     Eigen::MatrixXd jacobianHorizon, jacobianDotHorizon;
[01;32m[K     ^[m[K
[01m[K/home/zheng/robot_ws_zheng/src/ros_wrap_safe_motion/examples/movingobstacleavoidance.cpp:120:5:[m[K [01;31m[Kerror: [m[Kâ€˜[01m[KjacobianHorizon[m[Kâ€™ was not declared in this scope
     jacobianHorizon.resize(N*6, N*ndof);
[01;32m[K     ^[m[K
[01m[K/home/zheng/robot_ws_zheng/src/ros_wrap_safe_motion/examples/movingobstacleavoidance.cpp:121:5:[m[K [01;31m[Kerror: [m[Kâ€˜[01m[KjacobianDotHorizon[m[Kâ€™ was not declared in this scope
     jacobianDotHorizon.resize(N*6,N*ndof);
[01;32m[K     ^[m[K
[01m[K/home/zheng/robot_ws_zheng/src/ros_wrap_safe_motion/examples/movingobstacleavoidance.cpp:122:5:[m[K [01;31m[Kerror: [m[Kâ€˜[01m[KEigen[m[Kâ€™ has not been declared
     Eigen::VectorXd qHorizonDes;
[01;32m[K     ^[m[K
[01m[K/home/zheng/robot_ws_zheng/src/ros_wrap_safe_motion/examples/movingobstacleavoidance.cpp:123:5:[m[K [01;31m[Kerror: [m[Kâ€˜[01m[KqHorizonDes[m[Kâ€™ was not declared in this scope
     qHorizonDes.resize(ndof*N);
[01;32m[K     ^[m[K
[01m[K/home/zheng/robot_ws_zheng/src/ros_wrap_safe_motion/examples/movingobstacleavoidance.cpp:124:10:[m[K [01;31m[Kerror: [m[Kâ€˜[01m[Ksize_t[m[Kâ€™ was not declared in this scope
     for (size_t i=0; i<N; i++)
[01;32m[K          ^[m[K
[01m[K/home/zheng/robot_ws_zheng/src/ros_wrap_safe_motion/examples/movingobstacleavoidance.cpp:124:22:[m[K [01;31m[Kerror: [m[Kâ€˜[01m[Ki[m[Kâ€™ was not declared in this scope
     for (size_t i=0; i<N; i++)
[01;32m[K                      ^[m[K
[01m[K/home/zheng/robot_ws_zheng/src/ros_wrap_safe_motion/examples/movingobstacleavoidance.cpp:129:5:[m[K [01;31m[Kerror: [m[Kâ€˜[01m[KEigen[m[Kâ€™ has not been declared
     Eigen::MatrixXd  stateA, stateB;
[01;32m[K     ^[m[K
[01m[K/home/zheng/robot_ws_zheng/src/ros_wrap_safe_motion/examples/movingobstacleavoidance.cpp:130:5:[m[K [01;31m[Kerror: [m[Kâ€˜[01m[KstateA[m[Kâ€™ was not declared in this scope
     stateA = pandaTask.getStateA();
[01;32m[K     ^[m[K
[01m[K/home/zheng/robot_ws_zheng/src/ros_wrap_safe_motion/examples/movingobstacleavoidance.cpp:131:5:[m[K [01;31m[Kerror: [m[Kâ€˜[01m[KstateB[m[Kâ€™ was not declared in this scope
     stateB = pandaTask.getStateB();
[01;32m[K     ^[m[K
[01m[K/home/zheng/robot_ws_zheng/src/ros_wrap_safe_motion/examples/movingobstacleavoidance.cpp:141:5:[m[K [01;31m[Kerror: [m[Kâ€˜[01m[KEigen[m[Kâ€™ has not been declared
     Eigen::VectorXd ddqMin, ddqMax, ddqLb, ddqUb, dqMin, dqMax, qMin, qMax, vMax, vMin;
[01;32m[K     ^[m[K
[01m[K/home/zheng/robot_ws_zheng/src/ros_wrap_safe_motion/examples/movingobstacleavoidance.cpp:142:5:[m[K [01;31m[Kerror: [m[Kâ€˜[01m[Kvector[m[Kâ€™ is not a member of â€˜[01m[Kstd[m[Kâ€™
     std::vector<constraintData> constraintVectorData;
[01;32m[K     ^[m[K
[01m[K/home/zheng/robot_ws_zheng/src/ros_wrap_safe_motion/examples/movingobstacleavoidance.cpp:142:17:[m[K [01;31m[Kerror: [m[Kâ€˜[01m[KconstraintData[m[Kâ€™ was not declared in this scope
     std::vector<constraintData> constraintVectorData;
[01;32m[K                 ^[m[K
[01m[K/home/zheng/robot_ws_zheng/src/ros_wrap_safe_motion/examples/movingobstacleavoidance.cpp:142:33:[m[K [01;31m[Kerror: [m[Kâ€˜[01m[KconstraintVectorData[m[Kâ€™ was not declared in this scope
     std::vector<constraintData> constraintVectorData;
[01;32m[K                                 ^[m[K
[01m[K/home/zheng/robot_ws_zheng/src/ros_wrap_safe_motion/examples/movingobstacleavoidance.cpp:145:5:[m[K [01;31m[Kerror: [m[Kâ€˜[01m[KddqMin[m[Kâ€™ was not declared in this scope
     ddqMin.resize(N*ndof), ddqMax.resize(N*ndof);
[01;32m[K     ^[m[K
[01m[K/home/zheng/robot_ws_zheng/src/ros_wrap_safe_motion/examples/movingobstacleavoidance.cpp:145:28:[m[K [01;31m[Kerror: [m[Kâ€˜[01m[KddqMax[m[Kâ€™ was not declared in this scope
     ddqMin.resize(N*ndof), ddqMax.resize(N*ndof);
[01;32m[K                            ^[m[K
[01m[K/home/zheng/robot_ws_zheng/src/ros_wrap_safe_motion/examples/movingobstacleavoidance.cpp:146:5:[m[K [01;31m[Kerror: [m[Kâ€˜[01m[KqMin[m[Kâ€™ was not declared in this scope
     qMin.resize(N*ndof), qMax.resize(N*ndof);
[01;32m[K     ^[m[K
[01m[K/home/zheng/robot_ws_zheng/src/ros_wrap_safe_motion/examples/movingobstacleavoidance.cpp:146:26:[m[K [01;31m[Kerror: [m[Kâ€˜[01m[KqMax[m[Kâ€™ was not declared in this scope
     qMin.resize(N*ndof), qMax.resize(N*ndof);
[01;32m[K                          ^[m[K
[01m[K/home/zheng/robot_ws_zheng/src/ros_wrap_safe_motion/examples/movingobstacleavoidance.cpp:150:5:[m[K [01;31m[Kerror: [m[Kâ€˜[01m[KdqMin[m[Kâ€™ was not declared in this scope
     dqMin.resize(N*ndof);
[01;32m[K     ^[m[K
[01m[K/home/zheng/robot_ws_zheng/src/ros_wrap_safe_motion/examples/movingobstacleavoidance.cpp:151:5:[m[K [01;31m[Kerror: [m[Kâ€˜[01m[KdqMax[m[Kâ€™ was not declared in this scope
     dqMax.resize(N*ndof);
[01;32m[K     ^[m[K
[01m[K/home/zheng/robot_ws_zheng/src/ros_wrap_safe_motion/examples/movingobstacleavoidance.cpp:156:5:[m[K [01;31m[Kerror: [m[Kâ€˜[01m[KjntPosCst[m[Kâ€™ was not declared in this scope
     jntPosCst jointPosCst(ndof,N,dt, "jointPosCst",pandaPx,pandaPu);
[01;32m[K     ^[m[K
[01m[K/home/zheng/robot_ws_zheng/src/ros_wrap_safe_motion/examples/movingobstacleavoidance.cpp:157:5:[m[K [01;31m[Kerror: [m[Kâ€˜[01m[KjointPosCst[m[Kâ€™ was not declared in this scope
     jointPosCst.setLimit(qMin,qMax);
[01;32m[K     ^[m[K
[01m[K/home/zheng/robot_ws_zheng/src/ros_wrap_safe_motion/examples/movingobstacleavoidance.cpp:164:5:[m[K [01;31m[Kerror: [m[Kâ€˜[01m[KjntVelCst[m[Kâ€™ was not declared in this scope
     jntVelCst jointVelCst(ndof,N,dt, "jointVelCst",pandaPxdq,pandaPudq);
[01;32m[K     ^[m[K
[01m[K/home/zheng/robot_ws_zheng/src/ros_wrap_safe_motion/examples/movingobstacleavoidance.cpp:165:5:[m[K [01;31m[Kerror: [m[Kâ€˜[01m[KjointVelCst[m[Kâ€™ was not declared in this scope
     jointVelCst.setLimit(dqMin,dqMax);
[01;32m[K     ^[m[K
[01m[K/home/zheng/robot_ws_zheng/src/ros_wrap_safe_motion/examples/movingobstacleavoidance.cpp:173:5:[m[K [01;31m[Kerror: [m[Kâ€˜[01m[KjntAccCst[m[Kâ€™ was not declared in this scope
     jntAccCst jnt_acc_cst(ndof, N,dt, "jointAccCst",pandaPx,pandaPu);
[01;32m[K     ^[m[K
[01m[K/home/zheng/robot_ws_zheng/src/ros_wrap_safe_motion/examples/movingobstacleavoidance.cpp:174:5:[m[K [01;31m[Kerror: [m[Kâ€˜[01m[Kjnt_acc_cst[m[Kâ€™ was not declared in this scope
     jnt_acc_cst.setLimit(ddqMin,ddqMax);
[01;32m[K     ^[m[K
[01m[K/home/zheng/robot_ws_zheng/src/ros_wrap_safe_motion/examples/movingobstacleavoidance.cpp:176:5:[m[K [01;31m[Kerror: [m[Kâ€˜[01m[KEigen[m[Kâ€™ has not been declared
     Eigen::VectorXd cartVelMin, cartVelMax, dq ;
[01;32m[K     ^[m[K
[01m[K/home/zheng/robot_ws_zheng/src/ros_wrap_safe_motion/examples/movingobstacleavoidance.cpp:177:5:[m[K [01;31m[Kerror: [m[Kâ€˜[01m[KcartVelMin[m[Kâ€™ was not declared in this scope
     cartVelMin.resize(3*N);
[01;32m[K     ^[m[K
[01m[K/home/zheng/robot_ws_zheng/src/ros_wrap_safe_motion/examples/movingobstacleavoidance.cpp:178:5:[m[K [01;31m[Kerror: [m[Kâ€˜[01m[KcartVelMax[m[Kâ€™ was not declared in this scope
     cartVelMax.resize(3*N);
[01;32m[K     ^[m[K
[01m[K/home/zheng/robot_ws_zheng/src/ros_wrap_safe_motion/examples/movingobstacleavoidance.cpp:185:5:[m[K [01;31m[Kerror: [m[Kâ€˜[01m[Kdq[m[Kâ€™ was not declared in this scope
     dq.resize(ndof);
[01;32m[K     ^[m[K
[01m[K/home/zheng/robot_ws_zheng/src/ros_wrap_safe_motion/examples/movingobstacleavoidance.cpp:188:5:[m[K [01;31m[Kerror: [m[Kâ€˜[01m[KEigen[m[Kâ€™ has not been declared
     Eigen::MatrixXd Jacobian, C;
[01;32m[K     ^[m[K
[01m[K/home/zheng/robot_ws_zheng/src/ros_wrap_safe_motion/examples/movingobstacleavoidance.cpp:193:5:[m[K [01;31m[Kerror: [m[Kâ€˜[01m[KJacobian[m[Kâ€™ was not declared in this scope
     Jacobian.resize(6,7);
[01;32m[K     ^[m[K
[01m[K/home/zheng/robot_ws_zheng/src/ros_wrap_safe_motion/examples/movingobstacleavoidance.cpp:200:5:[m[K [01;31m[Kerror: [m[Kâ€˜[01m[KEigen[m[Kâ€™ has not been declared
     Eigen::MatrixXd H ;
[01;32m[K     ^[m[K
[01m[K/home/zheng/robot_ws_zheng/src/ros_wrap_safe_motion/examples/movingobstacleavoidance.cpp:201:5:[m[K [01;31m[Kerror: [m[Kâ€˜[01m[KH[m[Kâ€™ was not declared in this scope
     H.resize(N*ndof,N*ndof);
[01;32m[K     ^[m[K
[01m[K/home/zheng/robot_ws_zheng/src/ros_wrap_safe_motion/examples/movingobstacleavoidance.cpp:202:5:[m[K [01;31m[Kerror: [m[Kâ€˜[01m[KEigen[m[Kâ€™ has not been declared
     Eigen::VectorXd g, lb, ub;
[01;32m[K     ^[m[K
[01m[K/home/zheng/robot_ws_zheng/src/ros_wrap_safe_motion/examples/movingobstacleavoidance.cpp:203:5:[m[K [01;31m[Kerror: [m[Kâ€˜[01m[Kg[m[Kâ€™ was not declared in this scope
     g.resize(N*ndof);
[01;32m[K     ^[m[K
[01m[K/home/zheng/robot_ws_zheng/src/ros_wrap_safe_motion/examples/movingobstacleavoidance.cpp:204:5:[m[K [01;31m[Kerror: [m[Kâ€˜[01m[Klb[m[Kâ€™ was not declared in this scope
     lb.resize(N*ndof);
[01;32m[K     ^[m[K
[01m[K/home/zheng/robot_ws_zheng/src/ros_wrap_safe_motion/examples/movingobstacleavoidance.cpp:205:5:[m[K [01;31m[Kerror: [m[Kâ€˜[01m[Kub[m[Kâ€™ was not declared in this scope
     ub.resize(N*ndof);
[01;32m[K     ^[m[K
[01m[K/home/zheng/robot_ws_zheng/src/ros_wrap_safe_motion/examples/movingobstacleavoidance.cpp:217:5:[m[K [01;31m[Kerror: [m[Kâ€˜[01m[Kmpc_solve[m[Kâ€™ was not declared in this scope
     mpc_solve qptest(1,ndof*N,constraintSize);
[01;32m[K     ^[m[K
[01m[K/home/zheng/robot_ws_zheng/src/ros_wrap_safe_motion/examples/movingobstacleavoidance.cpp:218:5:[m[K [01;31m[Kerror: [m[Kâ€˜[01m[Kqptest[m[Kâ€™ was not declared in this scope
     qptest.initData(H,g,lb,ub);
[01;32m[K     ^[m[K
[01m[K/home/zheng/robot_ws_zheng/src/ros_wrap_safe_motion/examples/movingobstacleavoidance.cpp:223:5:[m[K [01;31m[Kerror: [m[Kâ€˜[01m[KEigen[m[Kâ€™ has not been declared
     Eigen::Vector3d cartesian_error;
[01;32m[K     ^[m[K
[01m[K/home/zheng/robot_ws_zheng/src/ros_wrap_safe_motion/examples/movingobstacleavoidance.cpp:226:5:[m[K [01;31m[Kerror: [m[Kâ€˜[01m[KEigen[m[Kâ€™ has not been declared
     Eigen::Vector3d currentEEpose, goal, goalStart, goalEnd ;
[01;32m[K     ^[m[K
[01m[K/home/zheng/robot_ws_zheng/src/ros_wrap_safe_motion/examples/movingobstacleavoidance.cpp:229:5:[m[K [01;31m[Kerror: [m[Kâ€˜[01m[KgoalEnd[m[Kâ€™ was not declared in this scope
     goalEnd << 0.7, -0.2, 0.1 ;
[01;32m[K     ^[m[K
[01m[K/home/zheng/robot_ws_zheng/src/ros_wrap_safe_motion/examples/movingobstacleavoidance.cpp:231:5:[m[K [01;31m[Kerror: [m[Kâ€˜[01m[KgoalStart[m[Kâ€™ was not declared in this scope
     goalStart << 0.5, 0.3, 0.1 ;
[01;32m[K     ^[m[K
[01m[K/home/zheng/robot_ws_zheng/src/ros_wrap_safe_motion/examples/movingobstacleavoidance.cpp:233:5:[m[K [01;31m[Kerror: [m[Kâ€˜[01m[Kgoal[m[Kâ€™ was not declared in this scope
     goal = goalEnd;
[01;32m[K     ^[m[K
[01m[K/home/zheng/robot_ws_zheng/src/ros_wrap_safe_motion/examples/movingobstacleavoidance.cpp:235:5:[m[K [01;31m[Kerror: [m[Kâ€˜[01m[KEigen[m[Kâ€™ has not been declared
     Eigen::VectorXd jointTemp;
[01;32m[K     ^[m[K
[01m[K/home/zheng/robot_ws_zheng/src/ros_wrap_safe_motion/examples/movingobstacleavoidance.cpp:236:5:[m[K [01;31m[Kerror: [m[Kâ€˜[01m[KjointTemp[m[Kâ€™ was not declared in this scope
     jointTemp.resize(ndof);
[01;32m[K     ^[m[K
[01m[K/home/zheng/robot_ws_zheng/src/ros_wrap_safe_motion/examples/movingobstacleavoidance.cpp:237:5:[m[K [01;31m[Kerror: [m[Kâ€˜[01m[Kros[m[Kâ€™ has not been declared
     ros::Rate loop_rate(100);
[01;32m[K     ^[m[K
[01m[K/home/zheng/robot_ws_zheng/src/ros_wrap_safe_motion/examples/movingobstacleavoidance.cpp:240:5:[m[K [01;31m[Kerror: [m[Kâ€˜[01m[Kros[m[Kâ€™ has not been declared
     ros::Publisher panda_joint_state_1_pub = n.advertise<std_msgs::Float64>("/panda/panda_joint1_position_controller/command", 1000);
[01;32m[K     ^[m[K
[01m[K/home/zheng/robot_ws_zheng/src/ros_wrap_safe_motion/examples/movingobstacleavoidance.cpp:241:5:[m[K [01;31m[Kerror: [m[Kâ€˜[01m[Kros[m[Kâ€™ has not been declared
     ros::Publisher panda_joint_state_2_pub = n.advertise<std_msgs::Float64>("/panda/panda_joint2_position_controller/command", 1000);
[01;32m[K     ^[m[K
[01m[K/home/zheng/robot_ws_zheng/src/ros_wrap_safe_motion/examples/movingobstacleavoidance.cpp:242:5:[m[K [01;31m[Kerror: [m[Kâ€˜[01m[Kros[m[Kâ€™ has not been declared
     ros::Publisher panda_joint_state_3_pub = n.advertise<std_msgs::Float64>("/panda/panda_joint3_position_controller/command", 1000);
[01;32m[K     ^[m[K
[01m[K/home/zheng/robot_ws_zheng/src/ros_wrap_safe_motion/examples/movingobstacleavoidance.cpp:243:5:[m[K [01;31m[Kerror: [m[Kâ€˜[01m[Kros[m[Kâ€™ has not been declared
     ros::Publisher panda_joint_state_4_pub = n.advertise<std_msgs::Float64>("/panda/panda_joint4_position_controller/command", 1000);
[01;32m[K     ^[m[K
[01m[K/home/zheng/robot_ws_zheng/src/ros_wrap_safe_motion/examples/movingobstacleavoidance.cpp:244:5:[m[K [01;31m[Kerror: [m[Kâ€˜[01m[Kros[m[Kâ€™ has not been declared
     ros::Publisher panda_joint_state_5_pub = n.advertise<std_msgs::Float64>("/panda/panda_joint5_position_controller/command", 1000);
[01;32m[K     ^[m[K
[01m[K/home/zheng/robot_ws_zheng/src/ros_wrap_safe_motion/examples/movingobstacleavoidance.cpp:245:5:[m[K [01;31m[Kerror: [m[Kâ€˜[01m[Kros[m[Kâ€™ has not been declared
     ros::Publisher panda_joint_state_6_pub = n.advertise<std_msgs::Float64>("/panda/panda_joint6_position_controller/command", 1000);
[01;32m[K     ^[m[K
[01m[K/home/zheng/robot_ws_zheng/src/ros_wrap_safe_motion/examples/movingobstacleavoidance.cpp:246:5:[m[K [01;31m[Kerror: [m[Kâ€˜[01m[Kros[m[Kâ€™ has not been declared
     ros::Publisher panda_joint_state_7_pub = n.advertise<std_msgs::Float64>("/panda/panda_joint7_position_controller/command", 1000);
[01;32m[K     ^[m[K
[01m[K/home/zheng/robot_ws_zheng/src/ros_wrap_safe_motion/examples/movingobstacleavoidance.cpp:251:5:[m[K [01;31m[Kerror: [m[Kâ€˜[01m[KEigen[m[Kâ€™ has not been declared
     Eigen::VectorXd eePosHorz ;
[01;32m[K     ^[m[K
[01m[K/home/zheng/robot_ws_zheng/src/ros_wrap_safe_motion/examples/movingobstacleavoidance.cpp:252:5:[m[K [01;31m[Kerror: [m[Kâ€˜[01m[KeePosHorz[m[Kâ€™ was not declared in this scope
     eePosHorz.resize(3*N);
[01;32m[K     ^[m[K
[01m[K/home/zheng/robot_ws_zheng/src/ros_wrap_safe_motion/examples/movingobstacleavoidance.cpp:254:5:[m[K [01;31m[Kerror: [m[Kâ€˜[01m[KEigen[m[Kâ€™ has not been declared
     Eigen::Vector3d eeVel, eeAngleVel;
[01;32m[K     ^[m[K
[01m[K/home/zheng/robot_ws_zheng/src/ros_wrap_safe_motion/examples/movingobstacleavoidance.cpp:255:5:[m[K [01;31m[Kerror: [m[Kâ€˜[01m[KeeAngleVel[m[Kâ€™ was not declared in this scope
     eeAngleVel.setZero();
[01;32m[K     ^[m[K
[01m[K/home/zheng/robot_ws_zheng/src/ros_wrap_safe_motion/examples/movingobstacleavoidance.cpp:256:5:[m[K [01;31m[Kerror: [m[Kâ€˜[01m[KeeVel[m[Kâ€™ was not declared in this scope
     eeVel.setZero();
[01;32m[K     ^[m[K
[01m[K/home/zheng/robot_ws_zheng/src/ros_wrap_safe_motion/examples/movingobstacleavoidance.cpp:263:12:[m[K [01;31m[Kerror: [m[Kâ€˜[01m[Kros[m[Kâ€™ has not been declared
      while(ros::ok())
[01;32m[K            ^[m[K
[01m[K/home/zheng/robot_ws_zheng/src/ros_wrap_safe_motion/examples/movingobstacleavoidance.cpp:266:9:[m[K [01;31m[Kerror: [m[Kâ€˜[01m[KcurrentEEpose[m[Kâ€™ was not declared in this scope
         currentEEpose << panda_ee_frame.p[0], panda_ee_frame.p[1], panda_ee_frame.p[2];
[01;32m[K         ^[m[K
[01m[K/home/zheng/robot_ws_zheng/src/ros_wrap_safe_motion/examples/movingobstacleavoidance.cpp:267:9:[m[K [01;31m[Kerror: [m[Kâ€˜[01m[Kcartesian_error[m[Kâ€™ was not declared in this scope
         cartesian_error = currentEEpose - goal;
[01;32m[K         ^[m[K
[01m[K/home/zheng/robot_ws_zheng/src/ros_wrap_safe_motion/examples/movingobstacleavoidance.cpp:283:14:[m[K [01;31m[Kerror: [m[Kâ€˜[01m[Ksize_t[m[Kâ€™ was not declared in this scope
         for (size_t i=0; i<N; i++)
[01;32m[K              ^[m[K
[01m[K/home/zheng/robot_ws_zheng/src/ros_wrap_safe_motion/examples/movingobstacleavoidance.cpp:283:26:[m[K [01;31m[Kerror: [m[Kâ€˜[01m[Ki[m[Kâ€™ was not declared in this scope
         for (size_t i=0; i<N; i++)
[01;32m[K                          ^[m[K
[01m[K/home/zheng/robot_ws_zheng/src/ros_wrap_safe_motion/examples/movingobstacleavoidance.cpp:315:27:[m[K [01;31m[Kerror: [m[Kâ€˜[01m[Kstd::chrono[m[Kâ€™ has not been declared
         auto start = std::chrono::system_clock::now();
[01;32m[K                           ^[m[K
[01m[K/home/zheng/robot_ws_zheng/src/ros_wrap_safe_motion/examples/movingobstacleavoidance.cpp:317:25:[m[K [01;31m[Kerror: [m[Kâ€˜[01m[Kstd::chrono[m[Kâ€™ has not been declared
         auto end = std::chrono::system_clock::now();
[01;32m[K                         ^[m[K
[01m[K/home/zheng/robot_ws_zheng/src/ros_wrap_safe_motion/examples/movingobstacleavoidance.cpp:318:14:[m[K [01;31m[Kerror: [m[Kâ€˜[01m[Kstd::chrono[m[Kâ€™ has not been declared
         std::chrono::duration<double> elapsed_seconds = end-start;
[01;32m[K              ^[m[K
[01m[K/home/zheng/robot_ws_zheng/src/ros_wrap_safe_motion/examples/movingobstacleavoidance.cpp:318:31:[m[K [01;31m[Kerror: [m[Kexpected primary-expression before â€˜[01m[Kdouble[m[Kâ€™
         std::chrono::duration<double> elapsed_seconds = end-start;
[01;32m[K                               ^[m[K
[01m[K/home/zheng/robot_ws_zheng/src/ros_wrap_safe_motion/examples/movingobstacleavoidance.cpp:319:9:[m[K [01;31m[Kerror: [m[Kâ€˜[01m[Ktime_t[m[Kâ€™ is not a member of â€˜[01m[Kstd[m[Kâ€™
         std::time_t end_time = std::chrono::system_clock::to_time_t(end);
[01;32m[K         ^[m[K
[01m[K/home/zheng/robot_ws_zheng/src/ros_wrap_safe_motion/examples/movingobstacleavoidance.cpp:321:13:[m[K [01;31m[Kerror: [m[Kâ€˜[01m[Kcout[m[Kâ€™ is not a member of â€˜[01m[Kstd[m[Kâ€™
             std::cout <<" qp failed :\n" << std::endl;
[01;32m[K             ^[m[K
[01m[K/home/zheng/robot_ws_zheng/src/ros_wrap_safe_motion/examples/movingobstacleavoidance.cpp:321:45:[m[K [01;31m[Kerror: [m[Kâ€˜[01m[Kendl[m[Kâ€™ is not a member of â€˜[01m[Kstd[m[Kâ€™
             std::cout <<" qp failed :\n" << std::endl;
[01;32m[K                                             ^[m[K
[01m[K/home/zheng/robot_ws_zheng/src/ros_wrap_safe_motion/examples/movingobstacleavoidance.cpp:323:13:[m[K [01;31m[Kerror: [m[Kâ€˜[01m[Kcout[m[Kâ€™ is not a member of â€˜[01m[Kstd[m[Kâ€™
             std::cout<<"optimal solution \n" <<optimalSolution<< std::endl;
[01;32m[K             ^[m[K
[01m[K/home/zheng/robot_ws_zheng/src/ros_wrap_safe_motion/examples/movingobstacleavoidance.cpp:323:66:[m[K [01;31m[Kerror: [m[Kâ€˜[01m[Kendl[m[Kâ€™ is not a member of â€˜[01m[Kstd[m[Kâ€™
             std::cout<<"optimal solution \n" <<optimalSolution<< std::endl;
[01;32m[K                                                                  ^[m[K
[01m[K/home/zheng/robot_ws_zheng/src/ros_wrap_safe_motion/examples/movingobstacleavoidance.cpp:345:9:[m[K [01;31m[Kerror: [m[Kâ€˜[01m[KEigen[m[Kâ€™ has not been declared
         Eigen::Vector3d ee_pose ;
[01;32m[K         ^[m[K
[01m[K/home/zheng/robot_ws_zheng/src/ros_wrap_safe_motion/examples/movingobstacleavoidance.cpp:346:9:[m[K [01;31m[Kerror: [m[Kâ€˜[01m[Kee_pose[m[Kâ€™ was not declared in this scope
         ee_pose << panda_ee_frame.p.x(), panda_ee_frame.p.y(), panda_ee_frame.p.z();
[01;32m[K         ^[m[K
[01m[K/home/zheng/robot_ws_zheng/src/ros_wrap_safe_motion/examples/movingobstacleavoidance.cpp:351:9:[m[K [01;31m[Kerror: [m[Kâ€˜[01m[Kstd_msgs[m[Kâ€™ has not been declared
         std_msgs::Float64 v1,v2,v3,v4,v5,v6 ; // robot joint's velocity
[01;32m[K         ^[m[K
[01m[K/home/zheng/robot_ws_zheng/src/ros_wrap_safe_motion/examples/movingobstacleavoidance.cpp:352:9:[m[K [01;31m[Kerror: [m[Kâ€˜[01m[Kstd_msgs[m[Kâ€™ has not been declared
         std_msgs::Float64 panda_t1,panda_t2,panda_t3,panda_t4,panda_t5,panda_t6, panda_t7 ; // robot joint's positions
[01;32m[K         ^[m[K
[01m[K/home/zheng/robot_ws_zheng/src/ros_wrap_safe_motion/examples/movingobstacleavoidance.cpp:354:9:[m[K [01;31m[Kerror: [m[Kâ€˜[01m[Kpanda_t1[m[Kâ€™ was not declared in this scope
         panda_t1.data = pandaState[0];
[01;32m[K         ^[m[K
[01m[K/home/zheng/robot_ws_zheng/src/ros_wrap_safe_motion/examples/movingobstacleavoidance.cpp:355:9:[m[K [01;31m[Kerror: [m[Kâ€˜[01m[Kpanda_t2[m[Kâ€™ was not declared in this scope
         panda_t2.data = pandaState[1];
[01;32m[K         ^[m[K
[01m[K/home/zheng/robot_ws_zheng/src/ros_wrap_safe_motion/examples/movingobstacleavoidance.cpp:356:9:[m[K [01;31m[Kerror: [m[Kâ€˜[01m[Kpanda_t3[m[Kâ€™ was not declared in this scope
         panda_t3.data = pandaState[2];
[01;32m[K         ^[m[K
[01m[K/home/zheng/robot_ws_zheng/src/ros_wrap_safe_motion/examples/movingobstacleavoidance.cpp:357:9:[m[K [01;31m[Kerror: [m[Kâ€˜[01m[Kpanda_t4[m[Kâ€™ was not declared in this scope
         panda_t4.data = pandaState[3];
[01;32m[K         ^[m[K
[01m[K/home/zheng/robot_ws_zheng/src/ros_wrap_safe_motion/examples/movingobstacleavoidance.cpp:358:9:[m[K [01;31m[Kerror: [m[Kâ€˜[01m[Kpanda_t5[m[Kâ€™ was not declared in this scope
         panda_t5.data = pandaState[4];
[01;32m[K         ^[m[K
[01m[K/home/zheng/robot_ws_zheng/src/ros_wrap_safe_motion/examples/movingobstacleavoidance.cpp:359:9:[m[K [01;31m[Kerror: [m[Kâ€˜[01m[Kpanda_t6[m[Kâ€™ was not declared in this scope
         panda_t6.data = pandaState[5];
[01;32m[K         ^[m[K
[01m[K/home/zheng/robot_ws_zheng/src/ros_wrap_safe_motion/examples/movingobstacleavoidance.cpp:360:9:[m[K [01;31m[Kerror: [m[Kâ€˜[01m[Kpanda_t7[m[Kâ€™ was not declared in this scope
         panda_t7.data = pandaState[6];
[01;32m[K         ^[m[K
[01m[K/home/zheng/robot_ws_zheng/src/ros_wrap_safe_motion/examples/movingobstacleavoidance.cpp:363:9:[m[K [01;31m[Kerror: [m[Kâ€˜[01m[Kpanda_joint_state_1_pub[m[Kâ€™ was not declared in this scope
         panda_joint_state_1_pub.publish(panda_t1);
[01;32m[K         ^[m[K
[01m[K/home/zheng/robot_ws_zheng/src/ros_wrap_safe_motion/examples/movingobstacleavoidance.cpp:364:9:[m[K [01;31m[Kerror: [m[Kâ€˜[01m[Kpanda_joint_state_2_pub[m[Kâ€™ was not declared in this scope
         panda_joint_state_2_pub.publish(panda_t2);
[01;32m[K         ^[m[K
[01m[K/home/zheng/robot_ws_zheng/src/ros_wrap_safe_motion/examples/movingobstacleavoidance.cpp:365:9:[m[K [01;31m[Kerror: [m[Kâ€˜[01m[Kpanda_joint_state_3_pub[m[Kâ€™ was not declared in this scope
         panda_joint_state_3_pub.publish(panda_t3);
[01;32m[K         ^[m[K
[01m[K/home/zheng/robot_ws_zheng/src/ros_wrap_safe_motion/examples/movingobstacleavoidance.cpp:366:9:[m[K [01;31m[Kerror: [m[Kâ€˜[01m[Kpanda_joint_state_4_pub[m[Kâ€™ was not declared in this scope
         panda_joint_state_4_pub.publish(panda_t4);
[01;32m[K         ^[m[K
[01m[K/home/zheng/robot_ws_zheng/src/ros_wrap_safe_motion/examples/movingobstacleavoidance.cpp:367:9:[m[K [01;31m[Kerror: [m[Kâ€˜[01m[Kpanda_joint_state_5_pub[m[Kâ€™ was not declared in this scope
         panda_joint_state_5_pub.publish(panda_t5);
[01;32m[K         ^[m[K
[01m[K/home/zheng/robot_ws_zheng/src/ros_wrap_safe_motion/examples/movingobstacleavoidance.cpp:368:9:[m[K [01;31m[Kerror: [m[Kâ€˜[01m[Kpanda_joint_state_6_pub[m[Kâ€™ was not declared in this scope
         panda_joint_state_6_pub.publish(panda_t6);
[01;32m[K         ^[m[K
[01m[K/home/zheng/robot_ws_zheng/src/ros_wrap_safe_motion/examples/movingobstacleavoidance.cpp:369:9:[m[K [01;31m[Kerror: [m[Kâ€˜[01m[Kpanda_joint_state_7_pub[m[Kâ€™ was not declared in this scope
         panda_joint_state_7_pub.publish(panda_t7);
[01;32m[K         ^[m[K
[01m[K/home/zheng/robot_ws_zheng/src/ros_wrap_safe_motion/examples/movingobstacleavoidance.cpp:373:9:[m[K [01;31m[Kerror: [m[Kâ€˜[01m[Kros[m[Kâ€™ has not been declared
         ros::spinOnce();
[01;32m[K         ^[m[K
[01m[K/home/zheng/robot_ws_zheng/src/ros_wrap_safe_motion/examples/movingobstacleavoidance.cpp:374:9:[m[K [01;31m[Kerror: [m[Kâ€˜[01m[Kloop_rate[m[Kâ€™ was not declared in this scope
         loop_rate.sleep();
[01;32m[K         ^[m[K
[01m[K/home/zheng/robot_ws_zheng/src/ros_wrap_safe_motion/examples/movingobstacleavoidance.cpp:376:5:[m[K [01;31m[Kerror: [m[Kâ€˜[01m[Kcout[m[Kâ€™ is not a member of â€˜[01m[Kstd[m[Kâ€™
     std::cout<<"panda joint final is : \n" << pandaArm.getRobotState().segment(0,ndof) << std::endl;
[01;32m[K     ^[m[K
[01m[K/home/zheng/robot_ws_zheng/src/ros_wrap_safe_motion/examples/movingobstacleavoidance.cpp:376:91:[m[K [01;31m[Kerror: [m[Kâ€˜[01m[Kendl[m[Kâ€™ is not a member of â€˜[01m[Kstd[m[Kâ€™
     std::cout<<"panda joint final is : \n" << pandaArm.getRobotState().segment(0,ndof) << std::endl;
[01;32m[K                                                                                           ^[m[K
[01m[K/home/zheng/robot_ws_zheng/src/ros_wrap_safe_motion/examples/movingobstacleavoidance.cpp:377:5:[m[K [01;31m[Kerror: [m[Kâ€˜[01m[Kcout[m[Kâ€™ is not a member of â€˜[01m[Kstd[m[Kâ€™
     std::cout<<"panda ee position is :\n " << panda_ee_frame.p << std::endl;
[01;32m[K     ^[m[K
[01m[K/home/zheng/robot_ws_zheng/src/ros_wrap_safe_motion/examples/movingobstacleavoidance.cpp:377:67:[m[K [01;31m[Kerror: [m[Kâ€˜[01m[Kendl[m[Kâ€™ is not a member of â€˜[01m[Kstd[m[Kâ€™
     std::cout<<"panda ee position is :\n " << panda_ee_frame.p << std::endl;
[01;32m[K                                                                   ^[m[K
[01m[K/home/zheng/robot_ws_zheng/src/ros_wrap_safe_motion/examples/movingobstacleavoidance.cpp:378:5:[m[K [01;31m[Kerror: [m[Kâ€˜[01m[Kcout[m[Kâ€™ is not a member of â€˜[01m[Kstd[m[Kâ€™
     std::cout<<"Calcul donnÃ© par KDL est :\n " << panda_q_des.data << std::endl;
[01;32m[K     ^[m[K
[01m[K/home/zheng/robot_ws_zheng/src/ros_wrap_safe_motion/examples/movingobstacleavoidance.cpp:378:72:[m[K [01;31m[Kerror: [m[Kâ€˜[01m[Kendl[m[Kâ€™ is not a member of â€˜[01m[Kstd[m[Kâ€™
     std::cout<<"Calcul donnÃ© par KDL est :\n " << panda_q_des.data << std::endl;
[01;32m[K                                                                        ^[m[K
make[2]: *** [examples/CMakeFiles/RosMovingobstacleavoidance.dir/movingobstacleavoidance.cpp.o] Error 1
warning: source /home/zheng/robot_ws_zheng/src/ros_wrap_safe_motion/impl is not a readable file or directory... skipping.
warning: source /home/zheng/robot_ws_zheng/src/ros_wrap_safe_motion/samples is not a readable file or directory... skipping.
make[1]: *** [examples/CMakeFiles/RosMovingobstacleavoidance.dir/all] Error 2
make[1]: *** Attente des tÃ¢ches non terminÃ©es....
/home/zheng/robot_ws_zheng/src/ros_wrap_safe_motion/src/RosWraprobotmodel/RosWrapchainjnttojacdotsolver.cpp:35: warning: no matching class member found for 
  int KDL::ChainJntToJacDotSolver::JntToJacDot(const JntArrayVel &q_in, Twist &jac_dot_q_dot, int seg_nr)
Possible candidates:
  'virtual int KDL::ChainJntToJacDotSolver::JntToJacDot(const KDL::JntArrayVel &q_in, KDL::Twist &jac_dot_q_dot, int seg_nr=-1)'
  'virtual int KDL::ChainJntToJacDotSolver::JntToJacDot(const KDL::JntArrayVel &q_in, KDL::Jacobian &jdot, int seg_nr=-1)'

/home/zheng/robot_ws_zheng/src/ros_wrap_safe_motion/src/RosWraprobotmodel/RosWrapchainjnttojacdotsolver.cpp:42: warning: no matching class member found for 
  int KDL::ChainJntToJacDotSolver::JntToJacDot(const JntArrayVel &q_in, Jacobian &jdot, int seg_nr)
Possible candidates:
  'virtual int KDL::ChainJntToJacDotSolver::JntToJacDot(const KDL::JntArrayVel &q_in, KDL::Twist &jac_dot_q_dot, int seg_nr=-1)'
  'virtual int KDL::ChainJntToJacDotSolver::JntToJacDot(const KDL::JntArrayVel &q_in, KDL::Jacobian &jdot, int seg_nr=-1)'

/home/zheng/robot_ws_zheng/src/ros_wrap_safe_motion/include/RosWraprobotmodel/RosWrapchainjnttojacdotsolver.h:107: warning: @copybrief or @copydoc target 'KDL::SolverI::strError()' not found
/home/zheng/robot_ws_zheng/src/ros_wrap_safe_motion/include/RosWraprobotmodel/RosWrapRobotModel.h:108: warning: argument 'kdl_segment' of command @param is not found in the argument list of arm_kinematic::getSegment(unsigned int segment)
/home/zheng/robot_ws_zheng/src/ros_wrap_safe_motion/include/RosWraprobotmodel/RosWrapRobotModel.h:137: warning: argument 'kdl_frame' of command @param is not found in the argument list of arm_kinematic::getSegmentPosition(const std::string &segment_name)
/home/zheng/robot_ws_zheng/src/ros_wrap_safe_motion/include/RosWraprobotmodel/RosWrapRobotModel.h:127: warning: argument 'kdl_frame' of command @param is not found in the argument list of arm_kinematic::getSegmentPosition(unsigned int segment)
/home/zheng/robot_ws_zheng/src/ros_wrap_safe_motion/include/RosWraprobotmodel/RosWrapRobotModel.h:273: warning: argument 'qd_des' of command @param is not found in the argument list of arm_kinematic::setJointVelocities(const Eigen::VectorXd &qd)
/home/zheng/robot_ws_zheng/src/ros_wrap_safe_motion/include/RosWraprobotmodel/RosWrapRobotModel.h:277: warning: The following parameter of arm_kinematic::setJointVelocities(const Eigen::VectorXd &qd) is not documented:
  parameter 'qd'
/home/zheng/robot_ws_zheng/src/ros_wrap_safe_motion/include/RosWraprobotmodel/RosWrapRobotModel.h:396: warning: argument 'Ros' of command @param is not found in the argument list of arm_kinematic::subscriberCallback(const sensor_msgs::JointState &jntState)
/home/zheng/robot_ws_zheng/src/ros_wrap_safe_motion/include/RosWraprobotmodel/RosWrapRobotModel.h:400: warning: The following parameter of arm_kinematic::subscriberCallback(const sensor_msgs::JointState &jntState) is not documented:
  parameter 'jntState'
/home/zheng/robot_ws_zheng/src/ros_wrap_safe_motion/include/RosWrapconstraint/RosWrapGenericCst.h:33: warning: The following parameters of generic_cst::generic_cst(int ndof, int N, double dt, std::string name, Eigen::MatrixXd Px, Eigen::MatrixXd Pu) are not documented:
  parameter 'name'
  parameter 'Px'
  parameter 'Pu'
/home/zheng/robot_ws_zheng/src/ros_wrap_safe_motion/include/RosWrapconstraint/RosWrapGenericCst.h:37: warning: argument 'Px' of command @param is not found in the argument list of generic_cst::setLowerBound(const Eigen::VectorXd &robot_state)
/home/zheng/robot_ws_zheng/src/ros_wrap_safe_motion/include/RosWrapconstraint/RosWrapGenericCst.h:46: warning: argument 'Px' of command @param is not found in the argument list of generic_cst::setUpperBound(const Eigen::VectorXd &robot_state)
/home/zheng/robot_ws_zheng/src/ros_wrap_safe_motion/include/RosWrapconstraint/RosWrapGenericCst.h:59: warning: argument 'Px' of command @param is not found in the argument list of generic_cst::update(const Eigen::VectorXd &robot_state)
/home/zheng/robot_ws_zheng/src/ros_wrap_safe_motion/include/RosWrapconstraint/RosWrapGenericCst.h:59: warning: argument 'Pu' of command @param is not found in the argument list of generic_cst::update(const Eigen::VectorXd &robot_state)
/home/zheng/robot_ws_zheng/src/ros_wrap_safe_motion/include/RosWrapconstraint/RosWrapJointPosCst.h:21: warning: argument 'Px' of command @param is not found in the argument list of jntPosCst::setLowerBound(const Eigen::VectorXd &robot_state) inherited from member setLowerBound at line 37 in file /home/zheng/robot_ws_zheng/src/ros_wrap_safe_motion/include/RosWrapconstraint/RosWrapGenericCst.h
/home/zheng/robot_ws_zheng/src/ros_wrap_safe_motion/include/RosWrapconstraint/RosWrapJointPosCst.h:23: warning: argument 'Px' of command @param is not found in the argument list of jntPosCst::setUpperBound(const Eigen::VectorXd &robot_state) inherited from member setUpperBound at line 46 in file /home/zheng/robot_ws_zheng/src/ros_wrap_safe_motion/include/RosWrapconstraint/RosWrapGenericCst.h
/home/zheng/robot_ws_zheng/src/ros_wrap_safe_motion/include/RosWrapconstraint/RosWrapJointPosCst.h:27: warning: argument 'Px' of command @param is not found in the argument list of jntPosCst::update(const Eigen::VectorXd &robot_state) inherited from member update at line 59 in file /home/zheng/robot_ws_zheng/src/ros_wrap_safe_motion/include/RosWrapconstraint/RosWrapGenericCst.h
/home/zheng/robot_ws_zheng/src/ros_wrap_safe_motion/include/RosWrapconstraint/RosWrapJointPosCst.h:27: warning: argument 'Pu' of command @param is not found in the argument list of jntPosCst::update(const Eigen::VectorXd &robot_state) inherited from member update at line 59 in file /home/zheng/robot_ws_zheng/src/ros_wrap_safe_motion/include/RosWrapconstraint/RosWrapGenericCst.h
/home/zheng/robot_ws_zheng/src/ros_wrap_safe_motion/include/RosWrapconstraint/RosWrapJointVelCst.h:20: warning: argument 'Px' of command @param is not found in the argument list of jntVelCst::setLowerBound(const Eigen::VectorXd &robot_state) inherited from member setLowerBound at line 37 in file /home/zheng/robot_ws_zheng/src/ros_wrap_safe_motion/include/RosWrapconstraint/RosWrapGenericCst.h
/home/zheng/robot_ws_zheng/src/ros_wrap_safe_motion/include/RosWrapconstraint/RosWrapJointVelCst.h:21: warning: argument 'Px' of command @param is not found in the argument list of jntVelCst::setUpperBound(const Eigen::VectorXd &robot_state) inherited from member setUpperBound at line 46 in file /home/zheng/robot_ws_zheng/src/ros_wrap_safe_motion/include/RosWrapconstraint/RosWrapGenericCst.h
/home/zheng/robot_ws_zheng/src/ros_wrap_safe_motion/include/RosWrapconstraint/RosWrapJointVelCst.h:23: warning: argument 'Px' of command @param is not found in the argument list of jntVelCst::update(const Eigen::VectorXd &robot_state) inherited from member update at line 59 in file /home/zheng/robot_ws_zheng/src/ros_wrap_safe_motion/include/RosWrapconstraint/RosWrapGenericCst.h
/home/zheng/robot_ws_zheng/src/ros_wrap_safe_motion/include/RosWrapconstraint/RosWrapJointVelCst.h:23: warning: argument 'Pu' of command @param is not found in the argument list of jntVelCst::update(const Eigen::VectorXd &robot_state) inherited from member update at line 59 in file /home/zheng/robot_ws_zheng/src/ros_wrap_safe_motion/include/RosWrapconstraint/RosWrapGenericCst.h
/home/zheng/robot_ws_zheng/src/ros_wrap_safe_motion/include/RosWraprobotmodel/RosWrapchainjnttojacdotsolver.h:107: warning: @copybrief or @copydoc target 'KDL::SolverI::strError()' not found
/home/zheng/robot_ws_zheng/src/ros_wrap_safe_motion/include/RosWraprobotmodel/RosWrapchainjnttojacdotsolver.h:143: warning: argument 'bs_J_bs' of command @param is not found in the argument list of KDL::ChainJntToJacDotSolver::getPartialDerivative(const Jacobian &J, const unsigned int &joint_idx, const unsigned int &column_idx, const int &representation)
/home/zheng/robot_ws_zheng/src/ros_wrap_safe_motion/include/RosWraprobotmodel/RosWrapchainjnttojacdotsolver.h:152: warning: The following parameter of KDL::ChainJntToJacDotSolver::getPartialDerivative(const Jacobian &J, const unsigned int &joint_idx, const unsigned int &column_idx, const int &representation) is not documented:
  parameter 'J'
/home/zheng/robot_ws_zheng/src/ros_wrap_safe_motion/include/RosWraprobotmodel/RosWrapchainjnttojacdotsolver.h:121: warning: argument 'bs_J_ee' of command @param is not found in the argument list of KDL::ChainJntToJacDotSolver::getPartialDerivativeBodyFixed(const Jacobian &ee_J_ee, const unsigned int &joint_idx, const unsigned int &column_idx)
/home/zheng/robot_ws_zheng/src/ros_wrap_safe_motion/include/RosWraprobotmodel/RosWrapchainjnttojacdotsolver.h:129: warning: The following parameter of KDL::ChainJntToJacDotSolver::getPartialDerivativeBodyFixed(const Jacobian &ee_J_ee, const unsigned int &joint_idx, const unsigned int &column_idx) is not documented:
  parameter 'ee_J_ee'
/home/zheng/robot_ws_zheng/src/ros_wrap_safe_motion/include/RosWraprobotmodel/RosWrapchainjnttojacdotsolver.h:132: warning: argument 'ee_J_ee' of command @param is not found in the argument list of KDL::ChainJntToJacDotSolver::getPartialDerivativeInertial(const Jacobian &bs_J_bs, const unsigned int &joint_idx, const unsigned int &column_idx)
/home/zheng/robot_ws_zheng/src/ros_wrap_safe_motion/include/RosWraprobotmodel/RosWrapchainjnttojacdotsolver.h:140: warning: The following parameter of KDL::ChainJntToJacDotSolver::getPartialDerivativeInertial(const Jacobian &bs_J_bs, const unsigned int &joint_idx, const unsigned int &column_idx) is not documented:
  parameter 'bs_J_bs'
/home/zheng/robot_ws_zheng/src/ros_wrap_safe_motion/include/RosWraprobotmodel/RosWrapchainjnttojacdotsolver.h:107: warning: @copybrief or @copydoc target 'KDL::SolverI::strError()' not found
/home/zheng/robot_ws_zheng/src/ros_wrap_safe_motion/include/RosWraprobotmodel/RosWrapchainjnttojacdotsolver.h:107: warning: @copydetails or @copydoc target 'KDL::SolverI::strError()' not found
make: *** [all] Error 2
