warning: Tag 'CLANG_ASSISTED_PARSING' at line 1026 of file '/home/zheng/robot_ws_zheng/build/ros_wrap_safe_motion/Doxyfile' belongs to an option that was not enabled at compile time.
         To avoid this warning please remove this line from your configuration file or upgrade it using "doxygen -u", or recompile doxygen with this feature enabled.
warning: Tag 'CLANG_OPTIONS' at line 1034 of file '/home/zheng/robot_ws_zheng/build/ros_wrap_safe_motion/Doxyfile' belongs to an option that was not enabled at compile time.
         To avoid this warning please remove this line from your configuration file or upgrade it using "doxygen -u", or recompile doxygen with this feature enabled.
warning: Tag 'PERL_PATH' at line 2117 of file '/home/zheng/robot_ws_zheng/build/ros_wrap_safe_motion/Doxyfile' has become obsolete.
         To avoid this warning please remove this line from your configuration file or upgrade it using "doxygen -u"
warning: Tag 'MSCGEN_PATH' at line 2139 of file '/home/zheng/robot_ws_zheng/build/ros_wrap_safe_motion/Doxyfile' has become obsolete.
         To avoid this warning please remove this line from your configuration file or upgrade it using "doxygen -u"
warning: ignoring unknown tag '2020' at line 2435, file /home/zheng/robot_ws_zheng/build/ros_wrap_safe_motion/Doxyfile
warning: ignoring unknown tag 'GitHub' at line 2435, file /home/zheng/robot_ws_zheng/build/ros_wrap_safe_motion/Doxyfile
warning: ignoring unknown tag 'Inc' at line 2435, file /home/zheng/robot_ws_zheng/build/ros_wrap_safe_motion/Doxyfile
warning: ignoring unknown tag 'Terms' at line 2436, file /home/zheng/robot_ws_zheng/build/ros_wrap_safe_motion/Doxyfile
warning: ignoring unknown tag 'Privacy' at line 2437, file /home/zheng/robot_ws_zheng/build/ros_wrap_safe_motion/Doxyfile
warning: ignoring unknown tag 'Security' at line 2438, file /home/zheng/robot_ws_zheng/build/ros_wrap_safe_motion/Doxyfile
warning: ignoring unknown tag 'Status' at line 2439, file /home/zheng/robot_ws_zheng/build/ros_wrap_safe_motion/Doxyfile
warning: ignoring unknown tag 'Help' at line 2440, file /home/zheng/robot_ws_zheng/build/ros_wrap_safe_motion/Doxyfile
warning: ignoring unknown tag 'Contact' at line 2442, file /home/zheng/robot_ws_zheng/build/ros_wrap_safe_motion/Doxyfile
warning: ignoring unknown tag 'GitHub' at line 2442, file /home/zheng/robot_ws_zheng/build/ros_wrap_safe_motion/Doxyfile
warning: ignoring unknown tag 'Pricing' at line 2443, file /home/zheng/robot_ws_zheng/build/ros_wrap_safe_motion/Doxyfile
warning: ignoring unknown tag 'API' at line 2444, file /home/zheng/robot_ws_zheng/build/ros_wrap_safe_motion/Doxyfile
warning: ignoring unknown tag 'Training' at line 2445, file /home/zheng/robot_ws_zheng/build/ros_wrap_safe_motion/Doxyfile
warning: ignoring unknown tag 'Blog' at line 2446, file /home/zheng/robot_ws_zheng/build/ros_wrap_safe_motion/Doxyfile
warning: ignoring unknown tag 'About' at line 2447, file /home/zheng/robot_ws_zheng/build/ros_wrap_safe_motion/Doxyfile
warning: tag INPUT: input source '/home/zheng/robot_ws_zheng/src/ros_wrap_safe_motion/impl/' does not exist
warning: tag INPUT: input source '/home/zheng/robot_ws_zheng/src/ros_wrap_safe_motion/samples/' does not exist
warning: source /home/zheng/robot_ws_zheng/src/ros_wrap_safe_motion/impl is not a readable file or directory... skipping.
warning: source /home/zheng/robot_ws_zheng/src/ros_wrap_safe_motion/samples is not a readable file or directory... skipping.
/home/zheng/robot_ws_zheng/src/ros_wrap_safe_motion/src/RosWraprobotmodel/RosWrapchainjnttojacdotsolver.cpp:35: warning: no matching class member found for 
  int KDL::ChainJntToJacDotSolver::JntToJacDot(const JntArrayVel &q_in, Twist &jac_dot_q_dot, int seg_nr)
Possible candidates:
  'virtual int KDL::ChainJntToJacDotSolver::JntToJacDot(const KDL::JntArrayVel &q_in, KDL::Twist &jac_dot_q_dot, int seg_nr=-1)'
  'virtual int KDL::ChainJntToJacDotSolver::JntToJacDot(const KDL::JntArrayVel &q_in, KDL::Jacobian &jdot, int seg_nr=-1)'

/home/zheng/robot_ws_zheng/src/ros_wrap_safe_motion/src/RosWraprobotmodel/RosWrapchainjnttojacdotsolver.cpp:42: warning: no matching class member found for 
  int KDL::ChainJntToJacDotSolver::JntToJacDot(const JntArrayVel &q_in, Jacobian &jdot, int seg_nr)
Possible candidates:
  'virtual int KDL::ChainJntToJacDotSolver::JntToJacDot(const KDL::JntArrayVel &q_in, KDL::Twist &jac_dot_q_dot, int seg_nr=-1)'
  'virtual int KDL::ChainJntToJacDotSolver::JntToJacDot(const KDL::JntArrayVel &q_in, KDL::Jacobian &jdot, int seg_nr=-1)'

/home/zheng/robot_ws_zheng/src/ros_wrap_safe_motion/include/RosWraprobotmodel/RosWrapchainjnttojacdotsolver.h:107: warning: @copybrief or @copydoc target 'KDL::SolverI::strError()' not found
/home/zheng/robot_ws_zheng/src/ros_wrap_safe_motion/include/RosWraprobotmodel/RosWrapRobotModel.h:108: warning: argument 'kdl_segment' of command @param is not found in the argument list of arm_kinematic::getSegment(unsigned int segment)
/home/zheng/robot_ws_zheng/src/ros_wrap_safe_motion/include/RosWraprobotmodel/RosWrapRobotModel.h:137: warning: argument 'kdl_frame' of command @param is not found in the argument list of arm_kinematic::getSegmentPosition(const std::string &segment_name)
/home/zheng/robot_ws_zheng/src/ros_wrap_safe_motion/include/RosWraprobotmodel/RosWrapRobotModel.h:127: warning: argument 'kdl_frame' of command @param is not found in the argument list of arm_kinematic::getSegmentPosition(unsigned int segment)
/home/zheng/robot_ws_zheng/src/ros_wrap_safe_motion/include/RosWraprobotmodel/RosWrapRobotModel.h:273: warning: argument 'qd_des' of command @param is not found in the argument list of arm_kinematic::setJointVelocities(const Eigen::VectorXd &qd)
/home/zheng/robot_ws_zheng/src/ros_wrap_safe_motion/include/RosWraprobotmodel/RosWrapRobotModel.h:277: warning: The following parameter of arm_kinematic::setJointVelocities(const Eigen::VectorXd &qd) is not documented:
  parameter 'qd'
/home/zheng/robot_ws_zheng/src/ros_wrap_safe_motion/include/RosWraprobotmodel/RosWrapRobotModel.h:396: warning: argument 'Ros' of command @param is not found in the argument list of arm_kinematic::subscriberCallback(const sensor_msgs::JointState &jntState)
/home/zheng/robot_ws_zheng/src/ros_wrap_safe_motion/include/RosWraprobotmodel/RosWrapRobotModel.h:400: warning: The following parameter of arm_kinematic::subscriberCallback(const sensor_msgs::JointState &jntState) is not documented:
  parameter 'jntState'
/home/zheng/robot_ws_zheng/src/ros_wrap_safe_motion/include/RosWrapconstraint/RosWrapGenericCst.h:35: warning: The following parameters of GenericCst::GenericCst(int ndof, int N, double dt, std::string name, Eigen::MatrixXd Px, Eigen::MatrixXd Pu) are not documented:
  parameter 'name'
  parameter 'Px'
  parameter 'Pu'
/home/zheng/robot_ws_zheng/src/ros_wrap_safe_motion/include/RosWrapconstraint/RosWrapGenericCst.h:39: warning: argument 'Px' of command @param is not found in the argument list of GenericCst::setLowerBound(const Eigen::VectorXd &robot_state)
/home/zheng/robot_ws_zheng/src/ros_wrap_safe_motion/include/RosWrapconstraint/RosWrapGenericCst.h:48: warning: argument 'Px' of command @param is not found in the argument list of GenericCst::setUpperBound(const Eigen::VectorXd &robot_state)
/home/zheng/robot_ws_zheng/src/ros_wrap_safe_motion/include/RosWrapconstraint/RosWrapGenericCst.h:61: warning: argument 'Px' of command @param is not found in the argument list of GenericCst::update(const Eigen::VectorXd &robot_state)
/home/zheng/robot_ws_zheng/src/ros_wrap_safe_motion/include/RosWrapconstraint/RosWrapGenericCst.h:61: warning: argument 'Pu' of command @param is not found in the argument list of GenericCst::update(const Eigen::VectorXd &robot_state)
/home/zheng/robot_ws_zheng/src/ros_wrap_safe_motion/include/RosWrapperception/RosWrapHumanMotion.h:110: warning: argument '4x4' of command @param is not found in the argument list of HumanMotion::Adjoint(const Eigen::MatrixXd &T)
/home/zheng/robot_ws_zheng/src/ros_wrap_safe_motion/include/RosWrapperception/RosWrapHumanMotion.h:117: warning: The following parameter of HumanMotion::Adjoint(const Eigen::MatrixXd &T) is not documented:
  parameter 'T'
/home/zheng/robot_ws_zheng/src/ros_wrap_safe_motion/include/RosWrapperception/RosWrapHumanMotion.h:53: warning: argument 'Exponential' of command @param is not found in the argument list of HumanMotion::AxisAng3(const Eigen::Vector3d &expc3)
/home/zheng/robot_ws_zheng/src/ros_wrap_safe_motion/include/RosWrapperception/RosWrapHumanMotion.h:60: warning: The following parameter of HumanMotion::AxisAng3(const Eigen::Vector3d &expc3) is not documented:
  parameter 'expc3'
/home/zheng/robot_ws_zheng/src/ros_wrap_safe_motion/include/RosWrapperception/RosWrapHumanMotion.h:142: warning: argument 'Home' of command @param is not found in the argument list of HumanMotion::FKinSpace(const Eigen::MatrixXd &M, const Eigen::MatrixXd &Slist, const Eigen::VectorXd &thetaList)
/home/zheng/robot_ws_zheng/src/ros_wrap_safe_motion/include/RosWrapperception/RosWrapHumanMotion.h:153: warning: The following parameters of HumanMotion::FKinSpace(const Eigen::MatrixXd &M, const Eigen::MatrixXd &Slist, const Eigen::VectorXd &thetaList) are not documented:
  parameter 'M'
  parameter 'Slist'
  parameter 'thetaList'
/home/zheng/robot_ws_zheng/src/ros_wrap_safe_motion/include/RosWrapperception/RosWrapHumanMotion.h:195: warning: argument 'T' of command @param is not found in the argument list of HumanMotion::IKNumericalSolver(const Eigen::MatrixXd &Slist, const Eigen::MatrixXd &M, const Eigen::Vector3d &xd, Eigen::Vector4d &thetalist)
/home/zheng/robot_ws_zheng/src/ros_wrap_safe_motion/include/RosWrapperception/RosWrapHumanMotion.h:205: warning: The following parameter of HumanMotion::IKNumericalSolver(const Eigen::MatrixXd &Slist, const Eigen::MatrixXd &M, const Eigen::Vector3d &xd, Eigen::Vector4d &thetalist) is not documented:
  parameter 'xd'
/home/zheng/robot_ws_zheng/src/ros_wrap_safe_motion/include/RosWrapperception/RosWrapHumanMotion.h:63: warning: argument 'exponenential' of command @param is not found in the argument list of HumanMotion::MatrixExp3(const Eigen::Matrix3d &so3mat)
/home/zheng/robot_ws_zheng/src/ros_wrap_safe_motion/include/RosWrapperception/RosWrapHumanMotion.h:69: warning: The following parameter of HumanMotion::MatrixExp3(const Eigen::Matrix3d &so3mat) is not documented:
  parameter 'so3mat'
/home/zheng/robot_ws_zheng/src/ros_wrap_safe_motion/include/RosWrapperception/RosWrapHumanMotion.h:125: warning: argument 'se3' of command @param is not found in the argument list of HumanMotion::MatrixExp6(const Eigen::MatrixXd &se3mat)
/home/zheng/robot_ws_zheng/src/ros_wrap_safe_motion/include/RosWrapperception/RosWrapHumanMotion.h:131: warning: The following parameter of HumanMotion::MatrixExp6(const Eigen::MatrixXd &se3mat) is not documented:
  parameter 'se3mat'
/home/zheng/robot_ws_zheng/src/ros_wrap_safe_motion/include/RosWrapperception/RosWrapHumanMotion.h:71: warning: argument 'Rotation' of command @param is not found in the argument list of HumanMotion::MatrixLog3(const Eigen::Matrix3d &R)
/home/zheng/robot_ws_zheng/src/ros_wrap_safe_motion/include/RosWrapperception/RosWrapHumanMotion.h:77: warning: The following parameter of HumanMotion::MatrixLog3(const Eigen::Matrix3d &R) is not documented:
  parameter 'R'
/home/zheng/robot_ws_zheng/src/ros_wrap_safe_motion/include/RosWrapperception/RosWrapHumanMotion.h:102: warning: argument 'spatial' of command @param is not found in the argument list of HumanMotion::se3ToVec(const Eigen::MatrixXd &T)
/home/zheng/robot_ws_zheng/src/ros_wrap_safe_motion/include/RosWrapperception/RosWrapHumanMotion.h:108: warning: The following parameter of HumanMotion::se3ToVec(const Eigen::MatrixXd &T) is not documented:
  parameter 'T'
/home/zheng/robot_ws_zheng/src/ros_wrap_safe_motion/include/RosWrapperception/RosWrapHumanMotion.h:93: warning: argument 'spatial' of command @param is not found in the argument list of HumanMotion::VecTose3(const Eigen::VectorXd &V)
/home/zheng/robot_ws_zheng/src/ros_wrap_safe_motion/include/RosWrapperception/RosWrapHumanMotion.h:99: warning: The following parameter of HumanMotion::VecTose3(const Eigen::VectorXd &V) is not documented:
  parameter 'V'
/home/zheng/robot_ws_zheng/src/ros_wrap_safe_motion/include/RosWrapperception/RosWrapHumanMotion.h:28: warning: argument 'angular' of command @param is not found in the argument list of HumanMotion::VecToso3(const Eigen::Vector3d &omega)
/home/zheng/robot_ws_zheng/src/ros_wrap_safe_motion/include/RosWrapperception/RosWrapHumanMotion.h:34: warning: The following parameter of HumanMotion::VecToso3(const Eigen::Vector3d &omega) is not documented:
  parameter 'omega'
/home/zheng/robot_ws_zheng/src/ros_wrap_safe_motion/include/RosWrapconstraint/RosWrapJointPosCst.h:26: warning: argument 'Px' of command @param is not found in the argument list of JntPosCst::setLowerBound(const Eigen::VectorXd &robot_state) inherited from member setLowerBound at line 39 in file /home/zheng/robot_ws_zheng/src/ros_wrap_safe_motion/include/RosWrapconstraint/RosWrapGenericCst.h
/home/zheng/robot_ws_zheng/src/ros_wrap_safe_motion/include/RosWrapconstraint/RosWrapJointPosCst.h:28: warning: argument 'Px' of command @param is not found in the argument list of JntPosCst::setUpperBound(const Eigen::VectorXd &robot_state) inherited from member setUpperBound at line 48 in file /home/zheng/robot_ws_zheng/src/ros_wrap_safe_motion/include/RosWrapconstraint/RosWrapGenericCst.h
/home/zheng/robot_ws_zheng/src/ros_wrap_safe_motion/include/RosWrapconstraint/RosWrapJointPosCst.h:32: warning: argument 'Px' of command @param is not found in the argument list of JntPosCst::update(const Eigen::VectorXd &robot_state) inherited from member update at line 61 in file /home/zheng/robot_ws_zheng/src/ros_wrap_safe_motion/include/RosWrapconstraint/RosWrapGenericCst.h
/home/zheng/robot_ws_zheng/src/ros_wrap_safe_motion/include/RosWrapconstraint/RosWrapJointPosCst.h:32: warning: argument 'Pu' of command @param is not found in the argument list of JntPosCst::update(const Eigen::VectorXd &robot_state) inherited from member update at line 61 in file /home/zheng/robot_ws_zheng/src/ros_wrap_safe_motion/include/RosWrapconstraint/RosWrapGenericCst.h
/home/zheng/robot_ws_zheng/src/ros_wrap_safe_motion/include/RosWrapconstraint/RosWrapJointVelCst.h:23: warning: argument 'Px' of command @param is not found in the argument list of JntVelCst::setLowerBound(const Eigen::VectorXd &robot_state) inherited from member setLowerBound at line 39 in file /home/zheng/robot_ws_zheng/src/ros_wrap_safe_motion/include/RosWrapconstraint/RosWrapGenericCst.h
/home/zheng/robot_ws_zheng/src/ros_wrap_safe_motion/include/RosWrapconstraint/RosWrapJointVelCst.h:24: warning: argument 'Px' of command @param is not found in the argument list of JntVelCst::setUpperBound(const Eigen::VectorXd &robot_state) inherited from member setUpperBound at line 48 in file /home/zheng/robot_ws_zheng/src/ros_wrap_safe_motion/include/RosWrapconstraint/RosWrapGenericCst.h
/home/zheng/robot_ws_zheng/src/ros_wrap_safe_motion/include/RosWrapconstraint/RosWrapJointVelCst.h:26: warning: argument 'Px' of command @param is not found in the argument list of JntVelCst::update(const Eigen::VectorXd &robot_state) inherited from member update at line 61 in file /home/zheng/robot_ws_zheng/src/ros_wrap_safe_motion/include/RosWrapconstraint/RosWrapGenericCst.h
/home/zheng/robot_ws_zheng/src/ros_wrap_safe_motion/include/RosWrapconstraint/RosWrapJointVelCst.h:26: warning: argument 'Pu' of command @param is not found in the argument list of JntVelCst::update(const Eigen::VectorXd &robot_state) inherited from member update at line 61 in file /home/zheng/robot_ws_zheng/src/ros_wrap_safe_motion/include/RosWrapconstraint/RosWrapGenericCst.h
/home/zheng/robot_ws_zheng/src/ros_wrap_safe_motion/include/RosWraprobotmodel/RosWrapchainjnttojacdotsolver.h:107: warning: @copybrief or @copydoc target 'KDL::SolverI::strError()' not found
/home/zheng/robot_ws_zheng/src/ros_wrap_safe_motion/include/RosWraprobotmodel/RosWrapchainjnttojacdotsolver.h:143: warning: argument 'bs_J_bs' of command @param is not found in the argument list of KDL::ChainJntToJacDotSolver::getPartialDerivative(const Jacobian &J, const unsigned int &joint_idx, const unsigned int &column_idx, const int &representation)
/home/zheng/robot_ws_zheng/src/ros_wrap_safe_motion/include/RosWraprobotmodel/RosWrapchainjnttojacdotsolver.h:152: warning: The following parameter of KDL::ChainJntToJacDotSolver::getPartialDerivative(const Jacobian &J, const unsigned int &joint_idx, const unsigned int &column_idx, const int &representation) is not documented:
  parameter 'J'
/home/zheng/robot_ws_zheng/src/ros_wrap_safe_motion/include/RosWraprobotmodel/RosWrapchainjnttojacdotsolver.h:121: warning: argument 'bs_J_ee' of command @param is not found in the argument list of KDL::ChainJntToJacDotSolver::getPartialDerivativeBodyFixed(const Jacobian &ee_J_ee, const unsigned int &joint_idx, const unsigned int &column_idx)
/home/zheng/robot_ws_zheng/src/ros_wrap_safe_motion/include/RosWraprobotmodel/RosWrapchainjnttojacdotsolver.h:129: warning: The following parameter of KDL::ChainJntToJacDotSolver::getPartialDerivativeBodyFixed(const Jacobian &ee_J_ee, const unsigned int &joint_idx, const unsigned int &column_idx) is not documented:
  parameter 'ee_J_ee'
/home/zheng/robot_ws_zheng/src/ros_wrap_safe_motion/include/RosWraprobotmodel/RosWrapchainjnttojacdotsolver.h:132: warning: argument 'ee_J_ee' of command @param is not found in the argument list of KDL::ChainJntToJacDotSolver::getPartialDerivativeInertial(const Jacobian &bs_J_bs, const unsigned int &joint_idx, const unsigned int &column_idx)
/home/zheng/robot_ws_zheng/src/ros_wrap_safe_motion/include/RosWraprobotmodel/RosWrapchainjnttojacdotsolver.h:140: warning: The following parameter of KDL::ChainJntToJacDotSolver::getPartialDerivativeInertial(const Jacobian &bs_J_bs, const unsigned int &joint_idx, const unsigned int &column_idx) is not documented:
  parameter 'bs_J_bs'
/home/zheng/robot_ws_zheng/src/ros_wrap_safe_motion/include/RosWraprobotmodel/RosWrapchainjnttojacdotsolver.h:107: warning: @copybrief or @copydoc target 'KDL::SolverI::strError()' not found
/home/zheng/robot_ws_zheng/src/ros_wrap_safe_motion/include/RosWraprobotmodel/RosWrapchainjnttojacdotsolver.h:107: warning: @copydetails or @copydoc target 'KDL::SolverI::strError()' not found
Error: dot: can't open /home/zheng/robot_ws_zheng/src/ros_robot_controller/docs/latex/color_8h__dep__incl.dot
error: Problems running dot: exit code=2, command='dot', arguments='"/home/zheng/robot_ws_zheng/src/ros_robot_controller/docs/latex/color_8h__dep__incl.dot" -Tpdf -o "/home/zheng/robot_ws_zheng/src/ros_robot_controller/docs/latex/color_8h__dep__incl.pdf"'
[01m[K/home/zheng/robot_ws_zheng/src/ros_wrap_safe_motion/src/RosWrapperception/RosWrapHumanMotion.cpp:[m[K In member function â€˜[01m[Kbool HumanMotion::IKNumericalSolver(const MatrixXd&, const MatrixXd&, const Vector3d&, Eigen::Vector4d&)[m[Kâ€™:
[01m[K/home/zheng/robot_ws_zheng/src/ros_wrap_safe_motion/src/RosWrapperception/RosWrapHumanMotion.cpp:364:5:[m[K [01;31m[Kerror: [m[Kno match for â€˜[01m[Koperator=[m[Kâ€™ (operand types are â€˜[01m[Kstd::vector<Eigen::Matrix<double, 4, 4> >[m[Kâ€™ and â€˜[01m[Kstd::vector<Eigen::Matrix<double, -1, -1> >[m[Kâ€™)
  Rp = HumanMotion::TransToRp(hand_frame);
[01;32m[K     ^[m[K
In file included from [01m[K/usr/include/c++/5/vector:69:0[m[K,
                 from [01m[K/home/zheng/robot_ws_zheng/src/ros_wrap_safe_motion/include/RosWrapperception/RosWrapHumanMotion.h:5[m[K,
                 from [01m[K/home/zheng/robot_ws_zheng/src/ros_wrap_safe_motion/src/RosWrapperception/RosWrapHumanMotion.cpp:1[m[K:
[01m[K/usr/include/c++/5/bits/vector.tcc:167:5:[m[K [01;36m[Knote: [m[Kcandidate: std::vector<_Tp, _Alloc>& std::vector<_Tp, _Alloc>::operator=(const std::vector<_Tp, _Alloc>&) [with _Tp = Eigen::Matrix<double, 4, 4>; _Alloc = std::allocator<Eigen::Matrix<double, 4, 4> >]
     vector<_Tp, _Alloc>::
[01;32m[K     ^[m[K
[01m[K/usr/include/c++/5/bits/vector.tcc:167:5:[m[K [01;36m[Knote: [m[K  no known conversion for argument 1 from â€˜[01m[Kstd::vector<Eigen::Matrix<double, -1, -1> >[m[Kâ€™ to â€˜[01m[Kconst std::vector<Eigen::Matrix<double, 4, 4> >&[m[Kâ€™
In file included from [01m[K/usr/include/c++/5/vector:64:0[m[K,
                 from [01m[K/home/zheng/robot_ws_zheng/src/ros_wrap_safe_motion/include/RosWrapperception/RosWrapHumanMotion.h:5[m[K,
                 from [01m[K/home/zheng/robot_ws_zheng/src/ros_wrap_safe_motion/src/RosWrapperception/RosWrapHumanMotion.cpp:1[m[K:
[01m[K/usr/include/c++/5/bits/stl_vector.h:448:7:[m[K [01;36m[Knote: [m[Kcandidate: std::vector<_Tp, _Alloc>& std::vector<_Tp, _Alloc>::operator=(std::vector<_Tp, _Alloc>&&) [with _Tp = Eigen::Matrix<double, 4, 4>; _Alloc = std::allocator<Eigen::Matrix<double, 4, 4> >]
       operator=(vector&& __x) noexcept(_Alloc_traits::_S_nothrow_move())
[01;32m[K       ^[m[K
[01m[K/usr/include/c++/5/bits/stl_vector.h:448:7:[m[K [01;36m[Knote: [m[K  no known conversion for argument 1 from â€˜[01m[Kstd::vector<Eigen::Matrix<double, -1, -1> >[m[Kâ€™ to â€˜[01m[Kstd::vector<Eigen::Matrix<double, 4, 4> >&&[m[Kâ€™
[01m[K/usr/include/c++/5/bits/stl_vector.h:470:7:[m[K [01;36m[Knote: [m[Kcandidate: std::vector<_Tp, _Alloc>& std::vector<_Tp, _Alloc>::operator=(std::initializer_list<_Tp>) [with _Tp = Eigen::Matrix<double, 4, 4>; _Alloc = std::allocator<Eigen::Matrix<double, 4, 4> >]
       operator=(initializer_list<value_type> __l)
[01;32m[K       ^[m[K
[01m[K/usr/include/c++/5/bits/stl_vector.h:470:7:[m[K [01;36m[Knote: [m[K  no known conversion for argument 1 from â€˜[01m[Kstd::vector<Eigen::Matrix<double, -1, -1> >[m[Kâ€™ to â€˜[01m[Kstd::initializer_list<Eigen::Matrix<double, 4, 4> >[m[Kâ€™
make[2]: *** [src/CMakeFiles/ros_wrap_safe_motion_library.dir/RosWrapperception/RosWrapHumanMotion.cpp.o] Error 1
make[1]: *** [src/CMakeFiles/ros_wrap_safe_motion_library.dir/all] Error 2
make: *** [all] Error 2
