warning: Tag 'CLANG_ASSISTED_PARSING' at line 1026 of file '/home/zheng/robot_ws_zheng/build/ros_robot_controller/Doxyfile' belongs to an option that was not enabled at compile time.
         To avoid this warning please remove this line from your configuration file or upgrade it using "doxygen -u", or recompile doxygen with this feature enabled.
warning: Tag 'CLANG_OPTIONS' at line 1034 of file '/home/zheng/robot_ws_zheng/build/ros_robot_controller/Doxyfile' belongs to an option that was not enabled at compile time.
         To avoid this warning please remove this line from your configuration file or upgrade it using "doxygen -u", or recompile doxygen with this feature enabled.
warning: Tag 'PERL_PATH' at line 2117 of file '/home/zheng/robot_ws_zheng/build/ros_robot_controller/Doxyfile' has become obsolete.
         To avoid this warning please remove this line from your configuration file or upgrade it using "doxygen -u"
warning: Tag 'MSCGEN_PATH' at line 2139 of file '/home/zheng/robot_ws_zheng/build/ros_robot_controller/Doxyfile' has become obsolete.
         To avoid this warning please remove this line from your configuration file or upgrade it using "doxygen -u"
warning: ignoring unknown tag '2020' at line 2435, file /home/zheng/robot_ws_zheng/build/ros_robot_controller/Doxyfile
warning: ignoring unknown tag 'GitHub' at line 2435, file /home/zheng/robot_ws_zheng/build/ros_robot_controller/Doxyfile
warning: ignoring unknown tag 'Inc' at line 2435, file /home/zheng/robot_ws_zheng/build/ros_robot_controller/Doxyfile
warning: ignoring unknown tag 'Terms' at line 2436, file /home/zheng/robot_ws_zheng/build/ros_robot_controller/Doxyfile
warning: ignoring unknown tag 'Privacy' at line 2437, file /home/zheng/robot_ws_zheng/build/ros_robot_controller/Doxyfile
warning: ignoring unknown tag 'Security' at line 2438, file /home/zheng/robot_ws_zheng/build/ros_robot_controller/Doxyfile
warning: ignoring unknown tag 'Status' at line 2439, file /home/zheng/robot_ws_zheng/build/ros_robot_controller/Doxyfile
warning: ignoring unknown tag 'Help' at line 2440, file /home/zheng/robot_ws_zheng/build/ros_robot_controller/Doxyfile
warning: ignoring unknown tag 'Contact' at line 2442, file /home/zheng/robot_ws_zheng/build/ros_robot_controller/Doxyfile
warning: ignoring unknown tag 'GitHub' at line 2442, file /home/zheng/robot_ws_zheng/build/ros_robot_controller/Doxyfile
warning: ignoring unknown tag 'Pricing' at line 2443, file /home/zheng/robot_ws_zheng/build/ros_robot_controller/Doxyfile
warning: ignoring unknown tag 'API' at line 2444, file /home/zheng/robot_ws_zheng/build/ros_robot_controller/Doxyfile
warning: ignoring unknown tag 'Training' at line 2445, file /home/zheng/robot_ws_zheng/build/ros_robot_controller/Doxyfile
warning: ignoring unknown tag 'Blog' at line 2446, file /home/zheng/robot_ws_zheng/build/ros_robot_controller/Doxyfile
warning: ignoring unknown tag 'About' at line 2447, file /home/zheng/robot_ws_zheng/build/ros_robot_controller/Doxyfile
warning: tag INPUT: input source '/home/zheng/robot_ws_zheng/src/ros_robot_controller/README.md' does not exist
warning: tag INPUT: input source '/home/zheng/robot_ws_zheng/src/ros_robot_controller/impl/' does not exist
warning: tag INPUT: input source '/home/zheng/robot_ws_zheng/src/ros_robot_controller/samples/' does not exist
warning: source /home/zheng/robot_ws_zheng/src/ros_robot_controller/README.md is not a readable file or directory... skipping.
warning: source /home/zheng/robot_ws_zheng/src/ros_robot_controller/impl is not a readable file or directory... skipping.
warning: source /home/zheng/robot_ws_zheng/src/ros_robot_controller/samples is not a readable file or directory... skipping.
/home/zheng/robot_ws_zheng/src/ros_robot_controller/src/robotmodel/chainjnttojacdotsolver.cpp:35: warning: no matching class member found for 
  int KDL::ChainJntToJacDotSolver::JntToJacDot(const JntArrayVel &q_in, Twist &jac_dot_q_dot, int seg_nr)
Possible candidates:
  'virtual int KDL::ChainJntToJacDotSolver::JntToJacDot(const KDL::JntArrayVel &q_in, KDL::Twist &jac_dot_q_dot, int seg_nr=-1)'
  'virtual int KDL::ChainJntToJacDotSolver::JntToJacDot(const KDL::JntArrayVel &q_in, KDL::Jacobian &jdot, int seg_nr=-1)'

/home/zheng/robot_ws_zheng/src/ros_robot_controller/src/robotmodel/chainjnttojacdotsolver.cpp:42: warning: no matching class member found for 
  int KDL::ChainJntToJacDotSolver::JntToJacDot(const JntArrayVel &q_in, Jacobian &jdot, int seg_nr)
Possible candidates:
  'virtual int KDL::ChainJntToJacDotSolver::JntToJacDot(const KDL::JntArrayVel &q_in, KDL::Twist &jac_dot_q_dot, int seg_nr=-1)'
  'virtual int KDL::ChainJntToJacDotSolver::JntToJacDot(const KDL::JntArrayVel &q_in, KDL::Jacobian &jdot, int seg_nr=-1)'

/home/zheng/robot_ws_zheng/src/ros_robot_controller/include/robotmodel/chainjnttojacdotsolver.h:107: warning: @copybrief or @copydoc target 'KDL::SolverI::strError()' not found
/home/zheng/robot_ws_zheng/src/ros_robot_controller/include/robotmodel/RosRobotModel.h:106: warning: argument 'kdl_segment' of command @param is not found in the argument list of arm_kinematic::getSegment(unsigned int segment)
/home/zheng/robot_ws_zheng/src/ros_robot_controller/include/robotmodel/RosRobotModel.h:135: warning: argument 'kdl_frame' of command @param is not found in the argument list of arm_kinematic::getSegmentPosition(const std::string &segment_name)
/home/zheng/robot_ws_zheng/src/ros_robot_controller/include/robotmodel/RosRobotModel.h:125: warning: argument 'kdl_frame' of command @param is not found in the argument list of arm_kinematic::getSegmentPosition(unsigned int segment)
/home/zheng/robot_ws_zheng/src/ros_robot_controller/include/robotmodel/RosRobotModel.h:271: warning: argument 'qd_des' of command @param is not found in the argument list of arm_kinematic::setJointVelocities(const Eigen::VectorXd &qd)
/home/zheng/robot_ws_zheng/src/ros_robot_controller/include/robotmodel/RosRobotModel.h:275: warning: The following parameter of arm_kinematic::setJointVelocities(const Eigen::VectorXd &qd) is not documented:
  parameter 'qd'
/home/zheng/robot_ws_zheng/src/ros_robot_controller/include/robotmodel/RosRobotModel.h:383: warning: argument 'Ros' of command @param is not found in the argument list of arm_kinematic::subscriberCallback(const sensor_msgs::JointState &jntState)
/home/zheng/robot_ws_zheng/src/ros_robot_controller/include/robotmodel/RosRobotModel.h:387: warning: The following parameter of arm_kinematic::subscriberCallback(const sensor_msgs::JointState &jntState) is not documented:
  parameter 'jntState'
/home/zheng/robot_ws_zheng/src/ros_robot_controller/include/constraint/RosGenericCst.h:33: warning: The following parameters of generic_cst::generic_cst(int ndof, int N, double dt, std::string name, Eigen::MatrixXd Px, Eigen::MatrixXd Pu) are not documented:
  parameter 'name'
  parameter 'Px'
  parameter 'Pu'
/home/zheng/robot_ws_zheng/src/ros_robot_controller/include/constraint/RosGenericCst.h:37: warning: argument 'Px' of command @param is not found in the argument list of generic_cst::setLowerBound(const Eigen::VectorXd &robot_state)
/home/zheng/robot_ws_zheng/src/ros_robot_controller/include/constraint/RosGenericCst.h:46: warning: argument 'Px' of command @param is not found in the argument list of generic_cst::setUpperBound(const Eigen::VectorXd &robot_state)
/home/zheng/robot_ws_zheng/src/ros_robot_controller/include/constraint/RosGenericCst.h:59: warning: argument 'Px' of command @param is not found in the argument list of generic_cst::update(const Eigen::VectorXd &robot_state)
/home/zheng/robot_ws_zheng/src/ros_robot_controller/include/constraint/RosGenericCst.h:59: warning: argument 'Pu' of command @param is not found in the argument list of generic_cst::update(const Eigen::VectorXd &robot_state)
/home/zheng/robot_ws_zheng/src/ros_robot_controller/include/humanmodel/humanmodel.h:96: warning: argument '4x4' of command @param is not found in the argument list of humanModel::Adjoint(const Eigen::MatrixXd &T)
/home/zheng/robot_ws_zheng/src/ros_robot_controller/include/humanmodel/humanmodel.h:103: warning: The following parameter of humanModel::Adjoint(const Eigen::MatrixXd &T) is not documented:
  parameter 'T'
/home/zheng/robot_ws_zheng/src/ros_robot_controller/include/humanmodel/humanmodel.h:39: warning: argument 'Exponential' of command @param is not found in the argument list of humanModel::AxisAng3(const Eigen::Vector3d &expc3)
/home/zheng/robot_ws_zheng/src/ros_robot_controller/include/humanmodel/humanmodel.h:46: warning: The following parameter of humanModel::AxisAng3(const Eigen::Vector3d &expc3) is not documented:
  parameter 'expc3'
/home/zheng/robot_ws_zheng/src/ros_robot_controller/include/humanmodel/humanmodel.h:128: warning: argument 'Home' of command @param is not found in the argument list of humanModel::FKinSpace(const Eigen::MatrixXd &M, const Eigen::MatrixXd &Slist, const Eigen::VectorXd &thetaList)
/home/zheng/robot_ws_zheng/src/ros_robot_controller/include/humanmodel/humanmodel.h:139: warning: The following parameters of humanModel::FKinSpace(const Eigen::MatrixXd &M, const Eigen::MatrixXd &Slist, const Eigen::VectorXd &thetaList) are not documented:
  parameter 'M'
  parameter 'Slist'
  parameter 'thetaList'
/home/zheng/robot_ws_zheng/src/ros_robot_controller/include/humanmodel/humanmodel.h:49: warning: argument 'exponenential' of command @param is not found in the argument list of humanModel::MatrixExp3(const Eigen::Matrix3d &so3mat)
/home/zheng/robot_ws_zheng/src/ros_robot_controller/include/humanmodel/humanmodel.h:55: warning: The following parameter of humanModel::MatrixExp3(const Eigen::Matrix3d &so3mat) is not documented:
  parameter 'so3mat'
/home/zheng/robot_ws_zheng/src/ros_robot_controller/include/humanmodel/humanmodel.h:111: warning: argument 'se3' of command @param is not found in the argument list of humanModel::MatrixExp6(const Eigen::MatrixXd &se3mat)
/home/zheng/robot_ws_zheng/src/ros_robot_controller/include/humanmodel/humanmodel.h:117: warning: The following parameter of humanModel::MatrixExp6(const Eigen::MatrixXd &se3mat) is not documented:
  parameter 'se3mat'
/home/zheng/robot_ws_zheng/src/ros_robot_controller/include/humanmodel/humanmodel.h:57: warning: argument 'Rotation' of command @param is not found in the argument list of humanModel::MatrixLog3(const Eigen::Matrix3d &R)
/home/zheng/robot_ws_zheng/src/ros_robot_controller/include/humanmodel/humanmodel.h:63: warning: The following parameter of humanModel::MatrixLog3(const Eigen::Matrix3d &R) is not documented:
  parameter 'R'
/home/zheng/robot_ws_zheng/src/ros_robot_controller/include/humanmodel/humanmodel.h:88: warning: argument 'spatial' of command @param is not found in the argument list of humanModel::se3ToVec(const Eigen::MatrixXd &T)
/home/zheng/robot_ws_zheng/src/ros_robot_controller/include/humanmodel/humanmodel.h:94: warning: The following parameter of humanModel::se3ToVec(const Eigen::MatrixXd &T) is not documented:
  parameter 'T'
/home/zheng/robot_ws_zheng/src/ros_robot_controller/include/humanmodel/humanmodel.h:79: warning: argument 'spatial' of command @param is not found in the argument list of humanModel::VecTose3(const Eigen::VectorXd &V)
/home/zheng/robot_ws_zheng/src/ros_robot_controller/include/humanmodel/humanmodel.h:85: warning: The following parameter of humanModel::VecTose3(const Eigen::VectorXd &V) is not documented:
  parameter 'V'
/home/zheng/robot_ws_zheng/src/ros_robot_controller/include/humanmodel/humanmodel.h:23: warning: argument 'angular' of command @param is not found in the argument list of humanModel::VecToso3(const Eigen::Vector3d &omega)
/home/zheng/robot_ws_zheng/src/ros_robot_controller/include/humanmodel/humanmodel.h:29: warning: The following parameter of humanModel::VecToso3(const Eigen::Vector3d &omega) is not documented:
  parameter 'omega'
/home/zheng/robot_ws_zheng/src/ros_robot_controller/include/constraint/RosJointPosCst.h:21: warning: argument 'Px' of command @param is not found in the argument list of jntPosCst::setLowerBound(const Eigen::VectorXd &robot_state) inherited from member setLowerBound at line 37 in file /home/zheng/robot_ws_zheng/src/ros_robot_controller/include/constraint/RosGenericCst.h
/home/zheng/robot_ws_zheng/src/ros_robot_controller/include/constraint/RosJointPosCst.h:23: warning: argument 'Px' of command @param is not found in the argument list of jntPosCst::setUpperBound(const Eigen::VectorXd &robot_state) inherited from member setUpperBound at line 46 in file /home/zheng/robot_ws_zheng/src/ros_robot_controller/include/constraint/RosGenericCst.h
/home/zheng/robot_ws_zheng/src/ros_robot_controller/include/constraint/RosJointPosCst.h:27: warning: argument 'Px' of command @param is not found in the argument list of jntPosCst::update(const Eigen::VectorXd &robot_state) inherited from member update at line 59 in file /home/zheng/robot_ws_zheng/src/ros_robot_controller/include/constraint/RosGenericCst.h
/home/zheng/robot_ws_zheng/src/ros_robot_controller/include/constraint/RosJointPosCst.h:27: warning: argument 'Pu' of command @param is not found in the argument list of jntPosCst::update(const Eigen::VectorXd &robot_state) inherited from member update at line 59 in file /home/zheng/robot_ws_zheng/src/ros_robot_controller/include/constraint/RosGenericCst.h
/home/zheng/robot_ws_zheng/src/ros_robot_controller/include/constraint/RosJointVelCst.h:20: warning: argument 'Px' of command @param is not found in the argument list of jntVelCst::setLowerBound(const Eigen::VectorXd &robot_state) inherited from member setLowerBound at line 37 in file /home/zheng/robot_ws_zheng/src/ros_robot_controller/include/constraint/RosGenericCst.h
/home/zheng/robot_ws_zheng/src/ros_robot_controller/include/constraint/RosJointVelCst.h:21: warning: argument 'Px' of command @param is not found in the argument list of jntVelCst::setUpperBound(const Eigen::VectorXd &robot_state) inherited from member setUpperBound at line 46 in file /home/zheng/robot_ws_zheng/src/ros_robot_controller/include/constraint/RosGenericCst.h
/home/zheng/robot_ws_zheng/src/ros_robot_controller/include/constraint/RosJointVelCst.h:23: warning: argument 'Px' of command @param is not found in the argument list of jntVelCst::update(const Eigen::VectorXd &robot_state) inherited from member update at line 59 in file /home/zheng/robot_ws_zheng/src/ros_robot_controller/include/constraint/RosGenericCst.h
/home/zheng/robot_ws_zheng/src/ros_robot_controller/include/constraint/RosJointVelCst.h:23: warning: argument 'Pu' of command @param is not found in the argument list of jntVelCst::update(const Eigen::VectorXd &robot_state) inherited from member update at line 59 in file /home/zheng/robot_ws_zheng/src/ros_robot_controller/include/constraint/RosGenericCst.h
/home/zheng/robot_ws_zheng/src/ros_robot_controller/include/robotmodel/chainjnttojacdotsolver.h:107: warning: @copybrief or @copydoc target 'KDL::SolverI::strError()' not found
/home/zheng/robot_ws_zheng/src/ros_robot_controller/include/robotmodel/chainjnttojacdotsolver.h:143: warning: argument 'bs_J_bs' of command @param is not found in the argument list of KDL::ChainJntToJacDotSolver::getPartialDerivative(const Jacobian &J, const unsigned int &joint_idx, const unsigned int &column_idx, const int &representation)
/home/zheng/robot_ws_zheng/src/ros_robot_controller/include/robotmodel/chainjnttojacdotsolver.h:152: warning: The following parameter of KDL::ChainJntToJacDotSolver::getPartialDerivative(const Jacobian &J, const unsigned int &joint_idx, const unsigned int &column_idx, const int &representation) is not documented:
  parameter 'J'
/home/zheng/robot_ws_zheng/src/ros_robot_controller/include/robotmodel/chainjnttojacdotsolver.h:121: warning: argument 'bs_J_ee' of command @param is not found in the argument list of KDL::ChainJntToJacDotSolver::getPartialDerivativeBodyFixed(const Jacobian &ee_J_ee, const unsigned int &joint_idx, const unsigned int &column_idx)
/home/zheng/robot_ws_zheng/src/ros_robot_controller/include/robotmodel/chainjnttojacdotsolver.h:129: warning: The following parameter of KDL::ChainJntToJacDotSolver::getPartialDerivativeBodyFixed(const Jacobian &ee_J_ee, const unsigned int &joint_idx, const unsigned int &column_idx) is not documented:
  parameter 'ee_J_ee'
/home/zheng/robot_ws_zheng/src/ros_robot_controller/include/robotmodel/chainjnttojacdotsolver.h:132: warning: argument 'ee_J_ee' of command @param is not found in the argument list of KDL::ChainJntToJacDotSolver::getPartialDerivativeInertial(const Jacobian &bs_J_bs, const unsigned int &joint_idx, const unsigned int &column_idx)
/home/zheng/robot_ws_zheng/src/ros_robot_controller/include/robotmodel/chainjnttojacdotsolver.h:140: warning: The following parameter of KDL::ChainJntToJacDotSolver::getPartialDerivativeInertial(const Jacobian &bs_J_bs, const unsigned int &joint_idx, const unsigned int &column_idx) is not documented:
  parameter 'bs_J_bs'
/home/zheng/robot_ws_zheng/src/ros_robot_controller/include/robotmodel/chainjnttojacdotsolver.h:107: warning: @copybrief or @copydoc target 'KDL::SolverI::strError()' not found
/home/zheng/robot_ws_zheng/src/ros_robot_controller/include/robotmodel/chainjnttojacdotsolver.h:107: warning: @copydetails or @copydoc target 'KDL::SolverI::strError()' not found
[01m[K/home/zheng/robot_ws_zheng/src/ros_robot_controller/src/humanmodel/humanmodel.cpp:[m[K In member function ‘[01m[Kstd::vector<Eigen::Matrix<double, -1, 1> > humanModel::computeOccupancy(const VectorXd&, const VectorXd&, const VectorXd&, const int&, const double&)[m[K’:
[01m[K/home/zheng/robot_ws_zheng/src/ros_robot_controller/src/humanmodel/humanmodel.cpp:367:21:[m[K [01;31m[Kerror: [m[Kno match for ‘[01m[Koperator=[m[K’ (operand types are ‘[01m[KEigen::Vector3d {aka Eigen::Matrix<double, 3, 1>}[m[K’ and ‘[01m[Kvoid[m[K’)
   ee_vel_normalized = ee_vel.normalize();
[01;32m[K                     ^[m[K
In file included from [01m[K/usr/include/eigen3/Eigen/Core:438:0[m[K,
                 from [01m[K/usr/include/eigen3/Eigen/Dense:1[m[K,
                 from [01m[K/home/zheng/robot_ws_zheng/src/ros_robot_controller/include/humanmodel/humanmodel.h:5[m[K,
                 from [01m[K/home/zheng/robot_ws_zheng/src/ros_robot_controller/src/humanmodel/humanmodel.cpp:1[m[K:
[01m[K/usr/include/eigen3/Eigen/src/Core/Matrix.h:206:33:[m[K [01;36m[Knote: [m[Kcandidate: Eigen::Matrix<_Scalar, _Rows, _Cols, _Options, _MaxRows, _MaxCols>& Eigen::Matrix<_Scalar, _Rows, _Cols, _Options, _MaxRows, _MaxCols>::operator=(const Eigen::Matrix<_Scalar, _Rows, _Cols, _Options, _MaxRows, _MaxCols>&) [with _Scalar = double; int _Rows = 3; int _Cols = 1; int _Options = 0; int _MaxRows = 3; int _MaxCols = 1]
     EIGEN_STRONG_INLINE Matrix& operator=(const Matrix& other)
[01;32m[K                                 ^[m[K
[01m[K/usr/include/eigen3/Eigen/src/Core/Matrix.h:206:33:[m[K [01;36m[Knote: [m[K  no known conversion for argument 1 from ‘[01m[Kvoid[m[K’ to ‘[01m[Kconst Eigen::Matrix<double, 3, 1>&[m[K’
[01m[K/usr/include/eigen3/Eigen/src/Core/Matrix.h:223:33:[m[K [01;36m[Knote: [m[Kcandidate: template<class OtherDerived> Eigen::Matrix<_Scalar, _Rows, _Cols, _Options, _MaxRows, _MaxCols>& Eigen::Matrix<_Scalar, _Rows, _Cols, _Options, _MaxRows, _MaxCols>::operator=(const Eigen::DenseBase<OtherDerived>&) [with OtherDerived = OtherDerived; _Scalar = double; int _Rows = 3; int _Cols = 1; int _Options = 0; int _MaxRows = 3; int _MaxCols = 1]
     EIGEN_STRONG_INLINE Matrix& operator=(const DenseBase<OtherDerived>& other)
[01;32m[K                                 ^[m[K
[01m[K/usr/include/eigen3/Eigen/src/Core/Matrix.h:223:33:[m[K [01;36m[Knote: [m[K  template argument deduction/substitution failed:
[01m[K/home/zheng/robot_ws_zheng/src/ros_robot_controller/src/humanmodel/humanmodel.cpp:367:21:[m[K [01;36m[Knote: [m[K  mismatched types ‘[01m[Kconst Eigen::DenseBase<Derived>[m[K’ and ‘[01m[Kvoid[m[K’
   ee_vel_normalized = ee_vel.normalize();
[01;32m[K                     ^[m[K
In file included from [01m[K/usr/include/eigen3/Eigen/Core:438:0[m[K,
                 from [01m[K/usr/include/eigen3/Eigen/Dense:1[m[K,
                 from [01m[K/home/zheng/robot_ws_zheng/src/ros_robot_controller/include/humanmodel/humanmodel.h:5[m[K,
                 from [01m[K/home/zheng/robot_ws_zheng/src/ros_robot_controller/src/humanmodel/humanmodel.cpp:1[m[K:
[01m[K/usr/include/eigen3/Eigen/src/Core/Matrix.h:236:33:[m[K [01;36m[Knote: [m[Kcandidate: template<class OtherDerived> Eigen::Matrix<_Scalar, _Rows, _Cols, _Options, _MaxRows, _MaxCols>& Eigen::Matrix<_Scalar, _Rows, _Cols, _Options, _MaxRows, _MaxCols>::operator=(const Eigen::EigenBase<OtherDerived>&) [with OtherDerived = OtherDerived; _Scalar = double; int _Rows = 3; int _Cols = 1; int _Options = 0; int _MaxRows = 3; int _MaxCols = 1]
     EIGEN_STRONG_INLINE Matrix& operator=(const EigenBase<OtherDerived> &other)
[01;32m[K                                 ^[m[K
[01m[K/usr/include/eigen3/Eigen/src/Core/Matrix.h:236:33:[m[K [01;36m[Knote: [m[K  template argument deduction/substitution failed:
[01m[K/home/zheng/robot_ws_zheng/src/ros_robot_controller/src/humanmodel/humanmodel.cpp:367:21:[m[K [01;36m[Knote: [m[K  mismatched types ‘[01m[Kconst Eigen::EigenBase<Derived>[m[K’ and ‘[01m[Kvoid[m[K’
   ee_vel_normalized = ee_vel.normalize();
[01;32m[K                     ^[m[K
In file included from [01m[K/usr/include/eigen3/Eigen/Core:438:0[m[K,
                 from [01m[K/usr/include/eigen3/Eigen/Dense:1[m[K,
                 from [01m[K/home/zheng/robot_ws_zheng/src/ros_robot_controller/include/humanmodel/humanmodel.h:5[m[K,
                 from [01m[K/home/zheng/robot_ws_zheng/src/ros_robot_controller/src/humanmodel/humanmodel.cpp:1[m[K:
[01m[K/usr/include/eigen3/Eigen/src/Core/Matrix.h:243:33:[m[K [01;36m[Knote: [m[Kcandidate: template<class OtherDerived> Eigen::Matrix<_Scalar, _Rows, _Cols, _Options, _MaxRows, _MaxCols>& Eigen::Matrix<_Scalar, _Rows, _Cols, _Options, _MaxRows, _MaxCols>::operator=(const Eigen::ReturnByValue<OtherDerived>&) [with OtherDerived = OtherDerived; _Scalar = double; int _Rows = 3; int _Cols = 1; int _Options = 0; int _MaxRows = 3; int _MaxCols = 1]
     EIGEN_STRONG_INLINE Matrix& operator=(const ReturnByValue<OtherDerived>& func)
[01;32m[K                                 ^[m[K
[01m[K/usr/include/eigen3/Eigen/src/Core/Matrix.h:243:33:[m[K [01;36m[Knote: [m[K  template argument deduction/substitution failed:
[01m[K/home/zheng/robot_ws_zheng/src/ros_robot_controller/src/humanmodel/humanmodel.cpp:367:21:[m[K [01;36m[Knote: [m[K  mismatched types ‘[01m[Kconst Eigen::ReturnByValue<Derived>[m[K’ and ‘[01m[Kvoid[m[K’
   ee_vel_normalized = ee_vel.normalize();
[01;32m[K                     ^[m[K
In file included from [01m[K/usr/include/eigen3/Eigen/Core:438:0[m[K,
                 from [01m[K/usr/include/eigen3/Eigen/Dense:1[m[K,
                 from [01m[K/home/zheng/robot_ws_zheng/src/ros_robot_controller/include/humanmodel/humanmodel.h:5[m[K,
                 from [01m[K/home/zheng/robot_ws_zheng/src/ros_robot_controller/src/humanmodel/humanmodel.cpp:1[m[K:
[01m[K/usr/include/eigen3/Eigen/src/Core/Matrix.h:281:13:[m[K [01;36m[Knote: [m[Kcandidate: Eigen::Matrix<_Scalar, _Rows, _Cols, _Options, _MaxRows, _MaxCols>& Eigen::Matrix<_Scalar, _Rows, _Cols, _Options, _MaxRows, _MaxCols>::operator=(Eigen::Matrix<_Scalar, _Rows, _Cols, _Options, _MaxRows, _MaxCols>&&) [with _Scalar = double; int _Rows = 3; int _Cols = 1; int _Options = 0; int _MaxRows = 3; int _MaxCols = 1]
     Matrix& operator=(Matrix&& other) EIGEN_NOEXCEPT_IF(std::is_nothrow_move_assignable<Scalar>::value)
[01;32m[K             ^[m[K
[01m[K/usr/include/eigen3/Eigen/src/Core/Matrix.h:281:13:[m[K [01;36m[Knote: [m[K  no known conversion for argument 1 from ‘[01m[Kvoid[m[K’ to ‘[01m[KEigen::Matrix<double, 3, 1>&&[m[K’
[01m[K/usr/include/eigen3/Eigen/src/Core/Matrix.h:392:13:[m[K [01;36m[Knote: [m[Kcandidate: template<class OtherDerived> Eigen::Matrix<_Scalar, _Rows, _Cols, _Options, _MaxRows, _MaxCols>& Eigen::Matrix<_Scalar, _Rows, _Cols, _Options, _MaxRows, _MaxCols>::operator=(const Eigen::RotationBase<OtherDerived, ColsAtCompileTime>&) [with OtherDerived = OtherDerived; _Scalar = double; int _Rows = 3; int _Cols = 1; int _Options = 0; int _MaxRows = 3; int _MaxCols = 1]
     Matrix& operator=(const RotationBase<OtherDerived,ColsAtCompileTime>& r);
[01;32m[K             ^[m[K
[01m[K/usr/include/eigen3/Eigen/src/Core/Matrix.h:392:13:[m[K [01;36m[Knote: [m[K  template argument deduction/substitution failed:
[01m[K/home/zheng/robot_ws_zheng/src/ros_robot_controller/src/humanmodel/humanmodel.cpp:367:21:[m[K [01;36m[Knote: [m[K  mismatched types ‘[01m[Kconst Eigen::RotationBase<OtherDerived, 1>[m[K’ and ‘[01m[Kvoid[m[K’
   ee_vel_normalized = ee_vel.normalize();
[01;32m[K                     ^[m[K
make[2]: *** [src/CMakeFiles/ros_robot_controller_library.dir/humanmodel/humanmodel.cpp.o] Error 1
make[1]: *** [src/CMakeFiles/ros_robot_controller_library.dir/all] Error 2
make: *** [all] Error 2
