[  0%] Built target geometry_msgs_generate_messages_py
[  0%] Built target rosgraph_msgs_generate_messages_nodejs
[  0%] Built target rosgraph_msgs_generate_messages_lisp
[  0%] Built target std_msgs_generate_messages_eus
[  0%] Built target openpose_ros_msgs_generate_messages_lisp
[  0%] Built target rosgraph_msgs_generate_messages_cpp
[  0%] Built target roscpp_generate_messages_py
[  0%] Built target std_msgs_generate_messages_py
[  0%] Built target rosgraph_msgs_generate_messages_eus
[  0%] Built target rosgraph_msgs_generate_messages_py
[  0%] Built target openpose_ros_msgs_generate_messages_cpp
[  0%] Built target geometry_msgs_generate_messages_nodejs
[  0%] Built target std_msgs_generate_messages_cpp
[  0%] Built target sensor_msgs_generate_messages_cpp
[  0%] Built target roscpp_generate_messages_lisp
[  0%] Built target sensor_msgs_generate_messages_py
[  0%] Built target sensor_msgs_generate_messages_eus
[  0%] Built target std_msgs_generate_messages_lisp
[  0%] Built target openpose_ros_msgs_generate_messages_eus
[  0%] Built target geometry_msgs_generate_messages_eus
[  0%] Built target std_msgs_generate_messages_nodejs
[  0%] Built target roscpp_generate_messages_nodejs
[  0%] Built target openpose_ros_msgs_generate_messages_nodejs
[  0%] Built target roscpp_generate_messages_eus
[  0%] Built target sensor_msgs_generate_messages_lisp
[  0%] Built target openpose_ros_msgs_generate_messages_py
[  0%] Built target roscpp_generate_messages_cpp
[  0%] Built target sensor_msgs_generate_messages_nodejs
[  0%] Built target geometry_msgs_generate_messages_cpp
[  0%] Built target geometry_msgs_generate_messages_lisp
[35m[1mScanning dependencies of target openpose_ros_test[0m
[ 14%] [32mBuilding CXX object CMakeFiles/openpose_ros_test.dir/src/openpose_test.cpp.o[0m
[ 85%] Built target openpose_ros_node
[01m[K/home/zheng/robot_ws_zheng/src/openpose_ros/openpose_ros/src/openpose_test.cpp:[m[K In function â€˜[01m[Kint tutorialApiCpp()[m[Kâ€™:
[01m[K/home/zheng/robot_ws_zheng/src/openpose_ros/openpose_ros/src/openpose_test.cpp:106:53:[m[K [01;31m[Kerror: [m[Kâ€˜[01m[Kimage_path[m[Kâ€™ was not declared in this scope
         const cv::Mat cvImageToProcess = cv::imread(image_path);
[01;32m[K                                                     ^[m[K
CMakeFiles/openpose_ros_test.dir/build.make:62: recipe for target 'CMakeFiles/openpose_ros_test.dir/src/openpose_test.cpp.o' failed
make[2]: *** [CMakeFiles/openpose_ros_test.dir/src/openpose_test.cpp.o] Error 1
CMakeFiles/Makefile2:200: recipe for target 'CMakeFiles/openpose_ros_test.dir/all' failed
make[1]: *** [CMakeFiles/openpose_ros_test.dir/all] Error 2
Makefile:140: recipe for target 'all' failed
make: *** [all] Error 2
