[01m[K/home/zheng/robot_ws_zheng/src/openpose_ros/openpose_ros/src/openpose_test.cpp:[m[K In function â€˜[01m[Kint tutorialApiCpp()[m[Kâ€™:
[01m[K/home/zheng/robot_ws_zheng/src/openpose_ros/openpose_ros/src/openpose_test.cpp:106:53:[m[K [01;31m[Kerror: [m[Kâ€˜[01m[Kimage_path[m[Kâ€™ was not declared in this scope
         const cv::Mat cvImageToProcess = cv::imread(image_path);
[01;32m[K                                                     ^[m[K
make[2]: *** [CMakeFiles/openpose_ros_test.dir/src/openpose_test.cpp.o] Error 1
make[1]: *** [CMakeFiles/openpose_ros_test.dir/all] Error 2
make: *** [all] Error 2
